#
# A fatal error has been detected by the Java Runtime Environment:
#
#  EXCEPTION_ACCESS_VIOLATION (0xc0000005) at pc=0x00000000629e05d1, pid=9556, tid=0x0000000000001624
#
# JRE version: Java(TM) SE Runtime Environment (8.0_111-b14) (build 1.8.0_111-b14)
# Java VM: Java HotSpot(TM) 64-Bit Server VM (25.111-b14 mixed mode windows-amd64 compressed oops)
# Problematic frame:
# C  [jfxwebkit.dll+0x8605d1]
#
# Failed to write core dump. Minidumps are not enabled by default on client versions of Windows
#
# If you would like to submit a bug report, please visit:
#   http://bugreport.java.com/bugreport/crash.jsp
# The crash happened outside the Java Virtual Machine in native code.
# See problematic frame for where to report the bug.
#

---------------  T H R E A D  ---------------

Current thread (0x000000005d701800):  JavaThread "JavaFX Application Thread" [_thread_in_native, id=5668, stack(0x00000000604e0000,0x00000000605e0000)]

siginfo: ExceptionCode=0xc0000005, reading address 0x0000000000000038

Registers:
RAX=0x00000000632f50a8, RBX=0x0000000067c4bb40, RCX=0x0000000000000000, RDX=0x0000000000000038
RSP=0x00000000605dc3d0, RBP=0x0000000000000001, RSI=0x0000000000000001, RDI=0x0000000000000000
R8 =0x0000000000000001, R9 =0x0000000000000001, R10=0x0000000056d7ad00, R11=0x00000000605dc200
R12=0x0000000000000000, R13=0x0000000000000000, R14=0x0000000000000038, R15=0x0000000000000000
RIP=0x00000000629e05d1, EFLAGS=0x0000000000010246

Top of Stack: (sp=0x00000000605dc3d0)
0x00000000605dc3d0:   0000000000000000 0000000062cdb9cc
0x00000000605dc3e0:   00000000605dc550 0000000000000001
0x00000000605dc3f0:   fffffffffffffffe 000000006290b3af
0x00000000605dc400:   00000000605dc550 0000000062630b25
0x00000000605dc410:   0000000067c4bb40 0000000000000000
0x00000000605dc420:   00000000605dc588 00000000605dc618
0x00000000605dc430:   00000000605dc400 00000000629c7bb9
0x00000000605dc440:   0000000000000000 fffffffffffffffe
0x00000000605dc450:   000000000052b420 00000000605dc588
0x00000000605dc460:   00000000605dc618 0000000062630dd5
0x00000000605dc470:   0000000067c4bb40 0000000067d34c20
0x00000000605dc480:   00000000605dc4f9 0000000000000001
0x00000000605dc490:   0000000000000000 0000000000000000
0x00000000605dc4a0:   0000000000000008 000007fefbbb6a57
0x00000000605dc4b0:   0000000000000000 0000000000000000
0x00000000605dc4c0:   ffffffff00000085 0000000067d34860 

Instructions: (pc=0x00000000629e05d1)
0x00000000629e05b1:   03 00 00 48 89 4b 18 48 89 4b 20 89 4b 28 66 89
0x00000000629e05c1:   4b 2c c7 43 30 00 00 80 bf c7 43 34 00 00 80 bf
0x00000000629e05d1:   48 8b 02 48 89 43 38 48 85 c0 74 02 ff 00 8b 42
0x00000000629e05e1:   08 89 43 40 48 89 4b 48 48 89 4b 50 c6 43 58 00 


Register to memory mapping:

RAX=0x00000000632f50a8 is an unknown value
RBX=0x0000000067c4bb40 is an unknown value
RCX=0x0000000000000000 is an unknown value
RDX=0x0000000000000038 is an unknown value
RSP=0x00000000605dc3d0 is pointing into the stack for thread: 0x000000005d701800
RBP=0x0000000000000001 is an unknown value
RSI=0x0000000000000001 is an unknown value
RDI=0x0000000000000000 is an unknown value
R8 =0x0000000000000001 is an unknown value
R9 =0x0000000000000001 is an unknown value
R10={method} {0x0000000056d7ad08} 'printStackTrace' '()V' in 'java/lang/Throwable'
R11=0x00000000605dc200 is pointing into the stack for thread: 0x000000005d701800
R12=0x0000000000000000 is an unknown value
R13=0x0000000000000000 is an unknown value
R14=0x0000000000000038 is an unknown value
R15=0x0000000000000000 is an unknown value


Stack: [0x00000000604e0000,0x00000000605e0000],  sp=0x00000000605dc3d0,  free space=1008k
Native frames: (J=compiled Java code, j=interpreted, Vv=VM code, C=native code)
C  [jfxwebkit.dll+0x8605d1]
C  [jfxwebkit.dll+0x4b0b25]
C  [jfxwebkit.dll+0x4b0dd5]
C  [jfxwebkit.dll+0x4a8e91]
C  [jfxwebkit.dll+0x4f86d3]
C  [jfxwebkit.dll+0x4af64e]
C  [jfxwebkit.dll+0x847970]
C  [jfxwebkit.dll+0x83b386]
C  [jfxwebkit.dll+0x9fadd4]
C  [jfxwebkit.dll+0x9d6b78]
C  [jfxwebkit.dll+0x719e40]
C  [jfxwebkit.dll+0xa0b980]
C  [jfxwebkit.dll+0xa09cf0]
C  [jfxwebkit.dll+0xa09962]
C  [jfxwebkit.dll+0xa09778]
C  [jfxwebkit.dll+0xa09a60]
C  [jfxwebkit.dll+0xa09778]
C  [jfxwebkit.dll+0xa09adb]
C  [jfxwebkit.dll+0xa09778]
C  [jfxwebkit.dll+0xa09adb]
C  [jfxwebkit.dll+0xa09778]
C  [jfxwebkit.dll+0xa09adb]
C  [jfxwebkit.dll+0xa09778]
C  [jfxwebkit.dll+0xa09adb]
C  [jfxwebkit.dll+0xa09778]
C  [jfxwebkit.dll+0xa09adb]
C  [jfxwebkit.dll+0xa09778]
C  [jfxwebkit.dll+0xa09adb]
C  [jfxwebkit.dll+0xa09778]
C  [jfxwebkit.dll+0xa09adb]
C  [jfxwebkit.dll+0xa09778]
C  [jfxwebkit.dll+0xa09adb]
C  [jfxwebkit.dll+0xa0afb9]
C  [jfxwebkit.dll+0xa0b44a]
C  [jfxwebkit.dll+0xa0b6d2]
C  [jfxwebkit.dll+0xa0b330]
C  [jfxwebkit.dll+0x585e65]
C  [jfxwebkit.dll+0x58b68c]
C  [jfxwebkit.dll+0x58057b]
C  [jfxwebkit.dll+0x6f1169]
C  [jfxwebkit.dll+0x6f1830]
C  [jfxwebkit.dll+0x6f0757]
C  [jfxwebkit.dll+0x57eee2]
C  [jfxwebkit.dll+0x6ade93]
C  [jfxwebkit.dll+0x55f783]
C  [jfxwebkit.dll+0x6adb98]
C  [jfxwebkit.dll+0x786adf]
C  [jfxwebkit.dll+0x786dd4]
C  [jfxwebkit.dll+0x7c30de]
C  0x00000000028b7f54

Java frames: (J=compiled Java code, j=interpreted, Vv=VM code)
j  com.sun.webkit.network.URLLoader.twkDidFinishLoading(J)V+0
j  com.sun.webkit.network.URLLoader.notifyDidFinishLoading()V+44
j  com.sun.webkit.network.URLLoader.lambda$didFinishLoading$99()V+8
j  com.sun.webkit.network.URLLoader$$Lambda$190.run()V+4
j  com.sun.javafx.application.PlatformImpl.lambda$null$173(Ljava/lang/Runnable;)Ljava/lang/Void;+1
j  com.sun.javafx.application.PlatformImpl$$Lambda$77.run()Ljava/lang/Object;+4
v  ~StubRoutines::call_stub
J 1138  java.security.AccessController.doPrivileged(Ljava/security/PrivilegedAction;Ljava/security/AccessControlContext;)Ljava/lang/Object; (0 bytes) @ 0x0000000002ca4aa6 [0x0000000002ca4a40+0x66]
j  com.sun.javafx.application.PlatformImpl.lambda$runLater$174(Ljava/lang/Runnable;Ljava/security/AccessControlContext;)V+7
j  com.sun.javafx.application.PlatformImpl$$Lambda$76.run()V+8
j  com.sun.glass.ui.InvokeLaterDispatcher$Future.run()V+4
v  ~StubRoutines::call_stub
j  com.sun.glass.ui.win.WinApplication._runLoop(Ljava/lang/Runnable;)V+0
j  com.sun.glass.ui.win.WinApplication.lambda$null$148(ILjava/lang/Runnable;)V+8
j  com.sun.glass.ui.win.WinApplication$$Lambda$66.run()V+12
j  java.lang.Thread.run()V+11
v  ~StubRoutines::call_stub

---------------  P R O C E S S  ---------------

Java Threads: ( => current thread )
  0x000000005dafe800 JavaThread "Thread-10" daemon [_thread_in_native, id=9956, stack(0x00000000605e0000,0x00000000606e0000)]
  0x000000005dafd000 JavaThread "URL-Loader-20" daemon [_thread_blocked, id=4188, stack(0x000000006f4e0000,0x000000006f5e0000)]
  0x000000005dafc000 JavaThread "URL-Loader-19" daemon [_thread_blocked, id=1880, stack(0x000000006e500000,0x000000006e600000)]
  0x000000005dafb000 JavaThread "URL-Loader-18" daemon [_thread_blocked, id=4036, stack(0x000000006f120000,0x000000006f220000)]
  0x000000005dafa800 JavaThread "URL-Loader-17" daemon [_thread_blocked, id=8760, stack(0x000000006f220000,0x000000006f320000)]
  0x000000005daf9800 JavaThread "URL-Loader-16" daemon [_thread_blocked, id=8392, stack(0x000000006cc60000,0x000000006cd60000)]
  0x000000005daf9000 JavaThread "URL-Loader-15" daemon [_thread_blocked, id=9928, stack(0x000000006e750000,0x000000006e850000)]
  0x000000005daf8000 JavaThread "URL-Loader-14" daemon [_thread_blocked, id=3536, stack(0x000000006e620000,0x000000006e720000)]
  0x000000005da1d000 JavaThread "URL-Loader-13" daemon [_thread_blocked, id=4876, stack(0x00000000672c0000,0x00000000673c0000)]
  0x000000005da1c800 JavaThread "URL-Loader-12" daemon [_thread_blocked, id=8672, stack(0x000000006e3f0000,0x000000006e4f0000)]
  0x000000005da1a000 JavaThread "URL-Loader-11" daemon [_thread_blocked, id=2984, stack(0x000000006e090000,0x000000006e190000)]
  0x000000005da1b800 JavaThread "URL-Loader-10" daemon [_thread_blocked, id=4716, stack(0x0000000066d40000,0x0000000066e40000)]
  0x000000005da1b000 JavaThread "URL-Loader-9" daemon [_thread_blocked, id=10568, stack(0x0000000067140000,0x0000000067240000)]
  0x000000005da19800 JavaThread "URL-Loader-8" daemon [_thread_blocked, id=8224, stack(0x000000006c3f0000,0x000000006c4f0000)]
  0x000000005da18800 JavaThread "URL-Loader-7" daemon [_thread_blocked, id=8876, stack(0x000000006cb20000,0x000000006cc20000)]
  0x000000005da18000 JavaThread "URL-Loader-6" daemon [_thread_blocked, id=9940, stack(0x000000006c950000,0x000000006ca50000)]
  0x000000005da17000 JavaThread "URL-Loader-5" daemon [_thread_blocked, id=3008, stack(0x000000006c780000,0x000000006c880000)]
  0x000000005da16800 JavaThread "URL-Loader-4" daemon [_thread_blocked, id=10252, stack(0x000000006c540000,0x000000006c640000)]
  0x000000005da15800 JavaThread "Prism Font Disposer" daemon [_thread_blocked, id=8080, stack(0x000000006bab0000,0x000000006bbb0000)]
  0x000000005da14800 JavaThread "URL-Loader-3" daemon [_thread_blocked, id=2540, stack(0x0000000066880000,0x0000000066980000)]
  0x000000005da14000 JavaThread "Watchdog-Timer-1" daemon [_thread_blocked, id=7840, stack(0x00000000663a0000,0x00000000664a0000)]
  0x000000005da12800 JavaThread "Keep-Alive-Timer" daemon [_thread_blocked, id=10440, stack(0x0000000066b00000,0x0000000066c00000)]
  0x000000005da11000 JavaThread "URL-Loader-2" daemon [_thread_blocked, id=10140, stack(0x00000000660c0000,0x00000000661c0000)]
  0x000000005da10000 JavaThread "URL-Loader-1" daemon [_thread_blocked, id=10812, stack(0x0000000065e20000,0x0000000065f20000)]
  0x000000005da0f800 JavaThread "Image Fetcher 0" daemon [_thread_blocked, id=5880, stack(0x0000000061ec0000,0x0000000061fc0000)]
  0x000000005da0e800 JavaThread "Disposer" daemon [_thread_blocked, id=9212, stack(0x0000000065110000,0x0000000065210000)]
  0x000000005da0e000 JavaThread "DestroyJavaVM" [_thread_blocked, id=8840, stack(0x00000000027a0000,0x00000000028a0000)]
  0x000000005dac2800 JavaThread "Thread-6" daemon [_thread_in_native, id=1748, stack(0x0000000062080000,0x0000000062180000)]
=>0x000000005d701800 JavaThread "JavaFX Application Thread" [_thread_in_native, id=5668, stack(0x00000000604e0000,0x00000000605e0000)]
  0x000000005d18c000 JavaThread "Thread-5" daemon [_thread_blocked, id=11036, stack(0x0000000060300000,0x0000000060400000)]
  0x000000005a117000 JavaThread "TimerQueue" daemon [_thread_blocked, id=5596, stack(0x000000005fa70000,0x000000005fb70000)]
  0x000000005d43b800 JavaThread "Thread-3" [_thread_blocked, id=9844, stack(0x000000005f8e0000,0x000000005f9e0000)]
  0x0000000059dd3000 JavaThread "Image Fetcher 3" daemon [_thread_blocked, id=780, stack(0x000000005d010000,0x000000005d110000)]
  0x0000000059c79800 JavaThread "AWT-EventQueue-0" [_thread_blocked, id=4200, stack(0x000000005c5c0000,0x000000005c6c0000)]
  0x0000000059c57000 JavaThread "AWT-Shutdown" [_thread_blocked, id=10584, stack(0x000000005a410000,0x000000005a510000)]
  0x0000000059c54800 JavaThread "Java2D Disposer" daemon [_thread_blocked, id=10916, stack(0x000000005a570000,0x000000005a670000)]
  0x0000000058c66800 JavaThread "Service Thread" daemon [_thread_blocked, id=3596, stack(0x0000000059900000,0x0000000059a00000)]
  0x0000000058c40800 JavaThread "C1 CompilerThread2" daemon [_thread_blocked, id=10516, stack(0x0000000059760000,0x0000000059860000)]
  0x0000000058c21800 JavaThread "C2 CompilerThread1" daemon [_thread_blocked, id=10768, stack(0x00000000595a0000,0x00000000596a0000)]
  0x000000005775e000 JavaThread "C2 CompilerThread0" daemon [_thread_blocked, id=8660, stack(0x00000000593a0000,0x00000000594a0000)]
  0x0000000058bd9800 JavaThread "Attach Listener" daemon [_thread_blocked, id=6264, stack(0x0000000059260000,0x0000000059360000)]
  0x0000000058be3000 JavaThread "Signal Dispatcher" daemon [_thread_blocked, id=9688, stack(0x00000000590c0000,0x00000000591c0000)]
  0x0000000057739000 JavaThread "Finalizer" daemon [_thread_blocked, id=8068, stack(0x0000000058ad0000,0x0000000058bd0000)]
  0x00000000576f2000 JavaThread "Reference Handler" daemon [_thread_blocked, id=1468, stack(0x0000000058900000,0x0000000058a00000)]

Other Threads:
  0x00000000576ea800 VMThread [stack: 0x00000000586f0000,0x00000000587f0000] [id=5476]
  0x0000000058c88800 WatcherThread [stack: 0x0000000059ad0000,0x0000000059bd0000] [id=1348]

VM state:not at safepoint (normal execution)

VM Mutex/Monitor currently owned by a thread: None

Heap:
 PSYoungGen      total 119808K, used 78015K [0x00000000d6100000, 0x00000000e3f80000, 0x0000000100000000)
  eden space 99328K, 73% used [0x00000000d6100000,0x00000000da86cee0,0x00000000dc200000)
  from space 20480K, 23% used [0x00000000dc200000,0x00000000dc6c2f80,0x00000000dd600000)
  to   space 18944K, 0% used [0x00000000e2d00000,0x00000000e2d00000,0x00000000e3f80000)
 ParOldGen       total 83456K, used 29577K [0x0000000082200000, 0x0000000087380000, 0x00000000d6100000)
  object space 83456K, 35% used [0x0000000082200000,0x0000000083ee2720,0x0000000087380000)
 Metaspace       used 31232K, capacity 32206K, committed 32560K, reserved 1077248K
  class space    used 4341K, capacity 4580K, committed 4656K, reserved 1048576K

Card table byte_map: [0x0000000011c60000,0x0000000012050000] byte_map_base: 0x000000001184f000

Marking Bits: (ParMarkBitMap*) 0x0000000065ada6c0
 Begin Bits: [0x0000000012a80000, 0x00000000149f8000)
 End Bits:   [0x00000000149f8000, 0x0000000016970000)

Polling page: 0x0000000000120000

CodeCache: size=245760Kb used=11849Kb max_used=11849Kb free=233910Kb
 bounds [0x00000000028a0000, 0x0000000003440000, 0x00000000118a0000]
 total_blobs=4574 nmethods=3702 adapters=783
 compilation: enabled

Compilation events (10 events):
Event: 6.660 Thread 0x0000000058c40800 nmethod 3701 0x000000000340d110 code [0x000000000340d2c0, 0x000000000340d838]
Event: 6.660 Thread 0x0000000058c40800 3702       3       sun.nio.cs.StreamEncoder::implFlushBuffer (15 bytes)
Event: 6.661 Thread 0x0000000058c40800 nmethod 3702 0x000000000340dad0 code [0x000000000340dc40, 0x000000000340dea8]
Event: 6.661 Thread 0x0000000058c40800 3704       3       sun.nio.cs.ext.DoubleByte$Encoder::encodeLoop (28 bytes)
Event: 6.661 Thread 0x0000000058c40800 nmethod 3704 0x000000000340df50 code [0x000000000340e0e0, 0x000000000340e618]
Event: 6.661 Thread 0x0000000058c40800 3705   !   3       java.io.PrintStream::write (69 bytes)
Event: 6.661 Thread 0x0000000058c40800 nmethod 3705 0x000000000340e790 code [0x000000000340e960, 0x000000000340f0d8]
Event: 6.662 Thread 0x0000000058c40800 3706  s    3       java.io.BufferedOutputStream::write (67 bytes)
Event: 6.662 Thread 0x0000000058c40800 nmethod 3706 0x000000000340f510 code [0x000000000340f6e0, 0x000000000340ff18]
Event: 6.667 Thread 0x0000000058c40800 3707       3       sun.reflect.ClassFileAssembler::emitConstantPoolNameAndType (28 bytes)

GC Heap History (10 events):
Event: 3.467 GC heap before
{Heap before GC invocations=4 (full 1):
 PSYoungGen      total 37888K, used 32730K [0x00000000d6100000, 0x00000000dab00000, 0x0000000100000000)
  eden space 32768K, 99% used [0x00000000d6100000,0x00000000d80f69f8,0x00000000d8100000)
  from space 5120K, 0% used [0x00000000d8600000,0x00000000d8600000,0x00000000d8b00000)
  to   space 5120K, 0% used [0x00000000d8100000,0x00000000d8100000,0x00000000d8600000)
 ParOldGen       total 83456K, used 17220K [0x0000000082200000, 0x0000000087380000, 0x00000000d6100000)
  object space 83456K, 20% used [0x0000000082200000,0x00000000832d13b0,0x0000000087380000)
 Metaspace       used 25619K, capacity 26350K, committed 26544K, reserved 1073152K
  class space    used 3523K, capacity 3686K, committed 3760K, reserved 1048576K
Event: 3.475 GC heap after
Heap after GC invocations=4 (full 1):
 PSYoungGen      total 37888K, used 4796K [0x00000000d6100000, 0x00000000d9d80000, 0x0000000100000000)
  eden space 32768K, 0% used [0x00000000d6100000,0x00000000d6100000,0x00000000d8100000)
  from space 5120K, 93% used [0x00000000d8100000,0x00000000d85af058,0x00000000d8600000)
  to   space 5120K, 0% used [0x00000000d9880000,0x00000000d9880000,0x00000000d9d80000)
 ParOldGen       total 83456K, used 29561K [0x0000000082200000, 0x0000000087380000, 0x00000000d6100000)
  object space 83456K, 35% used [0x0000000082200000,0x0000000083ede720,0x0000000087380000)
 Metaspace       used 25619K, capacity 26350K, committed 26544K, reserved 1073152K
  class space    used 3523K, capacity 3686K, committed 3760K, reserved 1048576K
}
Event: 3.491 GC heap before
{Heap before GC invocations=5 (full 1):
 PSYoungGen      total 37888K, used 37543K [0x00000000d6100000, 0x00000000d9d80000, 0x0000000100000000)
  eden space 32768K, 99% used [0x00000000d6100000,0x00000000d80fac98,0x00000000d8100000)
  from space 5120K, 93% used [0x00000000d8100000,0x00000000d85af058,0x00000000d8600000)
  to   space 5120K, 0% used [0x00000000d9880000,0x00000000d9880000,0x00000000d9d80000)
 ParOldGen       total 83456K, used 29561K [0x0000000082200000, 0x0000000087380000, 0x00000000d6100000)
  object space 83456K, 35% used [0x0000000082200000,0x0000000083ede720,0x0000000087380000)
 Metaspace       used 25629K, capacity 26352K, committed 26544K, reserved 1073152K
  class space    used 3525K, capacity 3687K, committed 3760K, reserved 1048576K
Event: 3.495 GC heap after
Heap after GC invocations=5 (full 1):
 PSYoungGen      total 56832K, used 4737K [0x00000000d6100000, 0x00000000da600000, 0x0000000100000000)
  eden space 51712K, 0% used [0x00000000d6100000,0x00000000d6100000,0x00000000d9380000)
  from space 5120K, 92% used [0x00000000d9880000,0x00000000d9d205b0,0x00000000d9d80000)
  to   space 5120K, 0% used [0x00000000d9380000,0x00000000d9380000,0x00000000d9880000)
 ParOldGen       total 83456K, used 29569K [0x0000000082200000, 0x0000000087380000, 0x00000000d6100000)
  object space 83456K, 35% used [0x0000000082200000,0x0000000083ee0720,0x0000000087380000)
 Metaspace       used 25629K, capacity 26352K, committed 26544K, reserved 1073152K
  class space    used 3525K, capacity 3687K, committed 3760K, reserved 1048576K
}
Event: 3.516 GC heap before
{Heap before GC invocations=6 (full 1):
 PSYoungGen      total 56832K, used 56412K [0x00000000d6100000, 0x00000000da600000, 0x0000000100000000)
  eden space 51712K, 99% used [0x00000000d6100000,0x00000000d9376c48,0x00000000d9380000)
  from space 5120K, 92% used [0x00000000d9880000,0x00000000d9d205b0,0x00000000d9d80000)
  to   space 5120K, 0% used [0x00000000d9380000,0x00000000d9380000,0x00000000d9880000)
 ParOldGen       total 83456K, used 29569K [0x0000000082200000, 0x0000000087380000, 0x00000000d6100000)
  object space 83456K, 35% used [0x0000000082200000,0x0000000083ee0720,0x0000000087380000)
 Metaspace       used 25638K, capacity 26352K, committed 26544K, reserved 1073152K
  class space    used 3525K, capacity 3687K, committed 3760K, reserved 1048576K
Event: 3.522 GC heap after
Heap after GC invocations=6 (full 1):
 PSYoungGen      total 56832K, used 4710K [0x00000000d6100000, 0x00000000deb00000, 0x0000000100000000)
  eden space 51712K, 0% used [0x00000000d6100000,0x00000000d6100000,0x00000000d9380000)
  from space 5120K, 91% used [0x00000000d9380000,0x00000000d9819818,0x00000000d9880000)
  to   space 21504K, 0% used [0x00000000dd600000,0x00000000dd600000,0x00000000deb00000)
 ParOldGen       total 83456K, used 29569K [0x0000000082200000, 0x0000000087380000, 0x00000000d6100000)
  object space 83456K, 35% used [0x0000000082200000,0x0000000083ee0720,0x0000000087380000)
 Metaspace       used 25638K, capacity 26352K, committed 26544K, reserved 1073152K
  class space    used 3525K, capacity 3687K, committed 3760K, reserved 1048576K
}
Event: 3.538 GC heap before
{Heap before GC invocations=7 (full 1):
 PSYoungGen      total 56832K, used 56350K [0x00000000d6100000, 0x00000000deb00000, 0x0000000100000000)
  eden space 51712K, 99% used [0x00000000d6100000,0x00000000d936e108,0x00000000d9380000)
  from space 5120K, 91% used [0x00000000d9380000,0x00000000d9819818,0x00000000d9880000)
  to   space 21504K, 0% used [0x00000000dd600000,0x00000000dd600000,0x00000000deb00000)
 ParOldGen       total 83456K, used 29569K [0x0000000082200000, 0x0000000087380000, 0x00000000d6100000)
  object space 83456K, 35% used [0x0000000082200000,0x0000000083ee0720,0x0000000087380000)
 Metaspace       used 25647K, capacity 26352K, committed 26544K, reserved 1073152K
  class space    used 3525K, capacity 3687K, committed 3760K, reserved 1048576K
Event: 3.541 GC heap after
Heap after GC invocations=7 (full 1):
 PSYoungGen      total 119808K, used 4769K [0x00000000d6100000, 0x00000000dea00000, 0x0000000100000000)
  eden space 99328K, 0% used [0x00000000d6100000,0x00000000d6100000,0x00000000dc200000)
  from space 20480K, 23% used [0x00000000dd600000,0x00000000ddaa86e8,0x00000000dea00000)
  to   space 20480K, 0% used [0x00000000dc200000,0x00000000dc200000,0x00000000dd600000)
 ParOldGen       total 83456K, used 29577K [0x0000000082200000, 0x0000000087380000, 0x00000000d6100000)
  object space 83456K, 35% used [0x0000000082200000,0x0000000083ee2720,0x0000000087380000)
 Metaspace       used 25647K, capacity 26352K, committed 26544K, reserved 1073152K
  class space    used 3525K, capacity 3687K, committed 3760K, reserved 1048576K
}
Event: 3.581 GC heap before
{Heap before GC invocations=8 (full 1):
 PSYoungGen      total 119808K, used 104092K [0x00000000d6100000, 0x00000000dea00000, 0x0000000100000000)
  eden space 99328K, 99% used [0x00000000d6100000,0x00000000dc1feb80,0x00000000dc200000)
  from space 20480K, 23% used [0x00000000dd600000,0x00000000ddaa86e8,0x00000000dea00000)
  to   space 20480K, 0% used [0x00000000dc200000,0x00000000dc200000,0x00000000dd600000)
 ParOldGen       total 83456K, used 29577K [0x0000000082200000, 0x0000000087380000, 0x00000000d6100000)
  object space 83456K, 35% used [0x0000000082200000,0x0000000083ee2720,0x0000000087380000)
 Metaspace       used 25675K, capacity 26448K, committed 26800K, reserved 1073152K
  class space    used 3528K, capacity 3719K, committed 3760K, reserved 1048576K
Event: 3.584 GC heap after
Heap after GC invocations=8 (full 1):
 PSYoungGen      total 119808K, used 4875K [0x00000000d6100000, 0x00000000e3f80000, 0x0000000100000000)
  eden space 99328K, 0% used [0x00000000d6100000,0x00000000d6100000,0x00000000dc200000)
  from space 20480K, 23% used [0x00000000dc200000,0x00000000dc6c2f80,0x00000000dd600000)
  to   space 18944K, 0% used [0x00000000e2d00000,0x00000000e2d00000,0x00000000e3f80000)
 ParOldGen       total 83456K, used 29577K [0x0000000082200000, 0x0000000087380000, 0x00000000d6100000)
  object space 83456K, 35% used [0x0000000082200000,0x0000000083ee2720,0x0000000087380000)
 Metaspace       used 25675K, capacity 26448K, committed 26800K, reserved 1073152K
  class space    used 3528K, capacity 3719K, committed 3760K, reserved 1048576K
}

Deoptimization events (10 events):
Event: 4.485 Thread 0x000000005da10000 Uncommon trap: reason=unstable_if action=reinterpret pc=0x0000000002a94b84 method=java.lang.String.indexOf([CII[CIII)I @ 27
Event: 4.774 Thread 0x000000005da1c800 Uncommon trap: reason=unstable_if action=reinterpret pc=0x000000000322de84 method=sun.font.CompositeGlyphMapper.getCachedGlyphCode(I)I @ 3
Event: 4.891 Thread 0x000000005da1c800 Uncommon trap: reason=unstable_if action=reinterpret pc=0x00000000032785fc method=sun.font.FontUtilities.isNonSimpleChar(C)Z @ 10
Event: 5.364 Thread 0x0000000059c79800 Uncommon trap: reason=unstable_if action=reinterpret pc=0x0000000003352170 method=javax.swing.SwingUtilities.layoutCompoundLabelImpl(Ljavax/swing/JComponent;Ljava/awt/FontMetrics;Ljava/lang/String;Ljavax/swing/Icon;IIIILjava/awt/Rectangle;Ljava/awt/Rectan
Event: 6.242 Thread 0x000000005da1a000 Uncommon trap: reason=predicate action=maybe_recompile pc=0x00000000031d2d48 method=java.util.regex.Pattern$Slice.match(Ljava/util/regex/Matcher;ILjava/lang/CharSequence;)Z @ 21
Event: 6.295 Thread 0x000000005daf8000 Uncommon trap: reason=predicate action=maybe_recompile pc=0x00000000033a1d24 method=java.util.regex.Pattern$SliceI.match(Ljava/util/regex/Matcher;ILjava/lang/CharSequence;)Z @ 21
Event: 6.440 Thread 0x000000005da1a000 Uncommon trap: reason=class_check action=maybe_recompile pc=0x0000000002f2bf5c method=java.io.FilterInputStream.read()I @ 4
Event: 6.441 Thread 0x000000005da1a000 Uncommon trap: reason=class_check action=maybe_recompile pc=0x0000000002f2bf5c method=java.io.FilterInputStream.read()I @ 4
Event: 6.529 Thread 0x000000005da1d000 Uncommon trap: reason=class_check action=maybe_recompile pc=0x0000000002f2bf5c method=java.io.FilterInputStream.read()I @ 4
Event: 6.529 Thread 0x000000005da1d000 Uncommon trap: reason=class_check action=maybe_recompile pc=0x0000000002f2bf5c method=java.io.FilterInputStream.read()I @ 4

Internal exceptions (10 events):
Event: 3.990 Thread 0x000000005d701800 Exception <a 'java/io/FileNotFoundException'> (0x00000000d81b83b0) thrown at [C:\re\workspace\8-2-build-windows-amd64-cygwin\jdk8u111\7883\hotspot\src\share\vm\prims\jni.cpp, line 709]
Event: 4.096 Thread 0x000000005da1a000 Implicit null exception at 0x0000000003001156 to 0x0000000003001246
Event: 4.096 Thread 0x000000005da1a000 Exception <a 'java/lang/NullPointerException'> (0x00000000d846e5e0) thrown at [C:\re\workspace\8-2-build-windows-amd64-cygwin\jdk8u111\7883\hotspot\src\share\vm\runtime\sharedRuntime.cpp, line 605]
Event: 4.365 Thread 0x000000005da10000 Implicit null exception at 0x000000000312b15d to 0x000000000312b2b9
Event: 5.364 Thread 0x0000000059c79800 Implicit null exception at 0x00000000033512ac to 0x0000000003352159
Event: 6.561 Thread 0x000000005d701800 Exception <a 'java/lang/ClassNotFoundException': sun/net/www/protocol/about/Handler> (0x00000000da319958) thrown at [C:\re\workspace\8-2-build-windows-amd64-cygwin\jdk8u111\7883\hotspot\src\share\vm\classfile\systemDictionary.cpp, line 210]
Event: 6.593 Thread 0x000000005d701800 Exception <a 'java/lang/ClassNotFoundException': sun/net/www/protocol/about/Handler> (0x00000000da40f7a8) thrown at [C:\re\workspace\8-2-build-windows-amd64-cygwin\jdk8u111\7883\hotspot\src\share\vm\classfile\systemDictionary.cpp, line 210]
Event: 6.602 Thread 0x000000005d4ab000 Exception <a 'java/lang/IllegalStateException'> (0x00000000da5a7a60) thrown at [C:\re\workspace\8-2-build-windows-amd64-cygwin\jdk8u111\7883\hotspot\src\share\vm\prims\jvm.cpp, line 1390]
Event: 6.633 Thread 0x000000005dafe800 Exception <a 'sun/nio/fs/WindowsException'> (0x00000000da6903d0) thrown at [C:\re\workspace\8-2-build-windows-amd64-cygwin\jdk8u111\7883\hotspot\src\share\vm\prims\jni.cpp, line 709]
Event: 6.647 Thread 0x000000005d701800 Exception <a 'java/lang/ClassNotFoundException': sun/net/www/protocol/about/Handler> (0x00000000da412518) thrown at [C:\re\workspace\8-2-build-windows-amd64-cygwin\jdk8u111\7883\hotspot\src\share\vm\classfile\systemDictionary.cpp, line 210]

Events (10 events):
Event: 6.632 loading class java/nio/file/InvalidPathException
Event: 6.633 loading class java/nio/file/InvalidPathException done
Event: 6.647 loading class sun/net/www/protocol/about/Handler
Event: 6.647 loading class sun/net/www/protocol/about/Handler done
Event: 6.648 loading class sun/net/www/protocol/about/Handler
Event: 6.648 loading class sun/net/www/protocol/about/Handler done
Event: 6.655 loading class java/lang/Throwable$WrappedPrintStream
Event: 6.655 loading class java/lang/Throwable$PrintStreamOrWriter
Event: 6.658 loading class java/lang/Throwable$PrintStreamOrWriter done
Event: 6.658 loading class java/lang/Throwable$WrappedPrintStream done


Dynamic libraries:
0x000000013fb10000 - 0x000000013fb47000 	C:\Program Files\Java\jre1.8.0_111\bin\javaw.exe
0x0000000077ad0000 - 0x0000000077c7a000 	C:\Windows\SYSTEM32\ntdll.dll
0x00000000779b0000 - 0x0000000077acf000 	C:\Windows\system32\kernel32.dll
0x000007fefdb30000 - 0x000007fefdb9a000 	C:\Windows\system32\KERNELBASE.dll
0x000007fefea00000 - 0x000007fefeadb000 	C:\Windows\system32\ADVAPI32.dll
0x000007fefe750000 - 0x000007fefe7ef000 	C:\Windows\system32\msvcrt.dll
0x000007fefeb60000 - 0x000007fefeb7f000 	C:\Windows\SYSTEM32\sechost.dll
0x000007fefdbf0000 - 0x000007fefdd1d000 	C:\Windows\system32\RPCRT4.dll
0x00000000778b0000 - 0x00000000779aa000 	C:\Windows\system32\USER32.dll
0x000007fefe6e0000 - 0x000007fefe747000 	C:\Windows\system32\GDI32.dll
0x000007fefdbe0000 - 0x000007fefdbee000 	C:\Windows\system32\LPK.dll
0x000007fefe610000 - 0x000007fefe6da000 	C:\Windows\system32\USP10.dll
0x000007fefad70000 - 0x000007fefaf64000 	C:\Windows\WinSxS\amd64_microsoft.windows.common-controls_6595b64144ccf1df_6.0.7601.18837_none_fa3b1e3d17594757\COMCTL32.dll
0x000007fefeae0000 - 0x000007fefeb51000 	C:\Windows\system32\SHLWAPI.dll
0x000007fefe590000 - 0x000007fefe5be000 	C:\Windows\system32\IMM32.DLL
0x000007fefee60000 - 0x000007fefef69000 	C:\Windows\system32\MSCTF.dll
0x000000006b6b0000 - 0x000000006b782000 	C:\Program Files\Java\jre1.8.0_111\bin\msvcr100.dll
0x00000000652c0000 - 0x0000000065b5a000 	C:\Program Files\Java\jre1.8.0_111\bin\server\jvm.dll
0x000007fef6660000 - 0x000007fef6669000 	C:\Windows\system32\WSOCK32.dll
0x000007fefe5c0000 - 0x000007fefe60d000 	C:\Windows\system32\WS2_32.dll
0x000007fefee50000 - 0x000007fefee58000 	C:\Windows\system32\NSI.dll
0x000007fef7aa0000 - 0x000007fef7adb000 	C:\Windows\system32\WINMM.dll
0x000007fefc8a0000 - 0x000007fefc8ac000 	C:\Windows\system32\VERSION.dll
0x0000000077c90000 - 0x0000000077c97000 	C:\Windows\system32\PSAPI.DLL
0x0000000070a20000 - 0x0000000070a2f000 	C:\Program Files\Java\jre1.8.0_111\bin\verify.dll
0x000000006e880000 - 0x000000006e8a9000 	C:\Program Files\Java\jre1.8.0_111\bin\java.dll
0x000000006e210000 - 0x000000006e226000 	C:\Program Files\Java\jre1.8.0_111\bin\zip.dll
0x000007fefef70000 - 0x000007feffcfa000 	C:\Windows\system32\SHELL32.dll
0x000007fefde20000 - 0x000007fefe023000 	C:\Windows\system32\ole32.dll
0x000007fefd810000 - 0x000007fefd81f000 	C:\Windows\system32\profapi.dll
0x000000006b510000 - 0x000000006b6a8000 	C:\Program Files\Java\jre1.8.0_111\bin\awt.dll
0x000007feffd00000 - 0x000007feffdda000 	C:\Windows\system32\OLEAUT32.dll
0x000007fefa8e0000 - 0x000007fefa8f8000 	C:\Windows\system32\DWMAPI.DLL
0x000007fefacc0000 - 0x000007fefad16000 	C:\Windows\system32\uxtheme.dll
0x0000000180000000 - 0x00000001800d1000 	C:\Windows\softcamp\sds\x64\DSTermPr64.dll
0x000007fee5d60000 - 0x000007fee5d7f000 	C:\Windows\softcamp\sds\x64\DSBlkPrc64.dll
0x000007fee6260000 - 0x000007fee62e4000 	C:\Windows\softcamp\sds\x64\DSEDcon64.DLL
0x000007fefda50000 - 0x000007fefda8b000 	C:\Windows\system32\WINTRUST.dll
0x000007fefd8d0000 - 0x000007fefda3d000 	C:\Windows\system32\CRYPT32.dll
0x000007fefd800000 - 0x000007fefd80f000 	C:\Windows\system32\MSASN1.dll
0x000007fefd640000 - 0x000007fefd697000 	C:\Windows\system32\apphelp.dll
0x000007fef1e90000 - 0x000007fef1f05000 	C:\Windows\system32\IMKR14.IME
0x0000000074680000 - 0x0000000074723000 	C:\Windows\WinSxS\amd64_microsoft.vc90.crt_1fc8b3b9a1e18e3b_9.0.30729.6161_none_08e61857a83bc251\MSVCR90.dll
0x00000000745a0000 - 0x0000000074673000 	C:\Windows\WinSxS\amd64_microsoft.vc90.crt_1fc8b3b9a1e18e3b_9.0.30729.6161_none_08e61857a83bc251\MSVCP90.dll
0x000007fefd6a0000 - 0x000007fefd6af000 	C:\Windows\system32\CRYPTBASE.dll
0x0000000002610000 - 0x000000000264a000 	C:\Windows\WRMK64.DLL
0x00000000026e0000 - 0x00000000026f5000 	C:\Windows\DSCnpPolicyx64.dll
0x000007fee6340000 - 0x000007fee6364000 	C:\Windows\DSIpcAg64.dll
0x000007fee63e0000 - 0x000007fee63f6000 	C:\Windows\SXTracer64.dll
0x000007fee5dc0000 - 0x000007fee5df4000 	C:\Windows\ExtModuleManager64.dll
0x000007fee5da0000 - 0x000007fee5db4000 	C:\Windows\DSInfo64.dll
0x000007fee5d80000 - 0x000007fee5d9c000 	C:\Windows\DSTransData64.dll
0x000007fefd040000 - 0x000007fefd058000 	C:\Windows\system32\CRYPTSP.dll
0x000007fefcd40000 - 0x000007fefcd87000 	C:\Windows\system32\rsaenh.dll
0x000007fefdba0000 - 0x000007fefdbbe000 	C:\Windows\system32\USERENV.dll
0x000000006e1f0000 - 0x000000006e20a000 	C:\Program Files\Java\jre1.8.0_111\bin\net.dll
0x000007fefcfe0000 - 0x000007fefd035000 	C:\Windows\system32\mswsock.dll
0x000007fefcfd0000 - 0x000007fefcfd7000 	C:\Windows\System32\wship6.dll
0x000007fef9480000 - 0x000007fef94a7000 	C:\Windows\system32\IPHLPAPI.DLL
0x000007fef9470000 - 0x000007fef947b000 	C:\Windows\system32\WINNSI.DLL
0x000007fef9270000 - 0x000007fef9288000 	C:\Windows\system32\dhcpcsvc.DLL
0x000007fef9250000 - 0x000007fef9261000 	C:\Windows\system32\dhcpcsvc6.DLL
0x000000006e1d0000 - 0x000000006e1e1000 	C:\Program Files\Java\jre1.8.0_111\bin\nio.dll
0x000000006e2d0000 - 0x000000006e317000 	C:\Program Files\Java\jre1.8.0_111\bin\fontmanager.dll
0x000000006e320000 - 0x000000006e362000 	C:\Program Files\Java\jre1.8.0_111\bin\t2k.dll
0x000007fef6b80000 - 0x000007fef6bb6000 	C:\Windows\system32\IMGSF50Filter_x64.dll
0x000007fef1d70000 - 0x000007fef1e8d000 	C:\Windows\system32\Opengl32.dll
0x000007fef6b50000 - 0x000007fef6b7d000 	C:\Windows\system32\GLU32.dll
0x000007fef1c70000 - 0x000007fef1d61000 	C:\Windows\system32\DDRAW.dll
0x000007fef6b40000 - 0x000007fef6b48000 	C:\Windows\system32\DCIMAN32.dll
0x000007fefe030000 - 0x000007fefe207000 	C:\Windows\system32\SETUPAPI.dll
0x000007fefdad0000 - 0x000007fefdb06000 	C:\Windows\system32\CFGMGR32.dll
0x000007fefda90000 - 0x000007fefdaaa000 	C:\Windows\system32\DEVOBJ.dll
0x000007fefe210000 - 0x000007fefe2a9000 	C:\Windows\system32\CLBCatQ.DLL
0x000007fefa730000 - 0x000007fefa891000 	C:\Windows\system32\WindowsCodecs.dll
0x000007feef6c0000 - 0x000007feef6ff000 	C:\Users\Administrator\AppData\Local\Microsoft\SkyDrive\17.0.4035.0328\amd64\SkyDriveShell64.dll
0x000007feeebd0000 - 0x000007feeec77000 	C:\Users\Administrator\AppData\Local\Microsoft\SkyDrive\17.0.4035.0328\amd64\MSVCP110.dll
0x000007feeeae0000 - 0x000007feeebae000 	C:\Users\Administrator\AppData\Local\Microsoft\SkyDrive\17.0.4035.0328\amd64\MSVCR110.dll
0x000000005eb10000 - 0x000000005ede2000 	C:\Windows\system32\WININET.dll
0x000007fefdb20000 - 0x000007fefdb24000 	C:\Windows\system32\api-ms-win-downlevel-user32-l1-1-0.dll
0x000007fefda40000 - 0x000007fefda44000 	C:\Windows\system32\api-ms-win-downlevel-shlwapi-l1-1-0.dll
0x000007fefdab0000 - 0x000007fefdab4000 	C:\Windows\system32\api-ms-win-downlevel-version-l1-1-0.dll
0x000007fefd8c0000 - 0x000007fefd8c3000 	C:\Windows\system32\api-ms-win-downlevel-normaliz-l1-1-0.dll
0x0000000077ca0000 - 0x0000000077ca3000 	C:\Windows\system32\normaliz.DLL
0x000007fefeb80000 - 0x000007fefee4a000 	C:\Windows\system32\iertutil.dll
0x000007fefdb10000 - 0x000007fefdb15000 	C:\Windows\system32\api-ms-win-downlevel-advapi32-l1-1-0.dll
0x000007feed900000 - 0x000007feed935000 	C:\Windows\system32\EhStorShell.dll
0x000007fefbed0000 - 0x000007fefbffc000 	C:\Windows\system32\PROPSYS.dll
0x000007feed290000 - 0x000007feed8ff000 	C:\PROGRA~1\MICROS~2\Office14\GROOVEEX.DLL
0x00000000711c0000 - 0x00000000711ef000 	C:\Windows\WinSxS\amd64_microsoft.vc90.atl_1fc8b3b9a1e18e3b_9.0.30729.6161_none_0a1fd3a3a768b895\ATL90.DLL
0x000007feee670000 - 0x000007feeea8a000 	C:\PROGRA~1\COMMON~1\MICROS~1\OFFICE14\Cultures\office.odf
0x000007feedde0000 - 0x000007feee607000 	C:\PROGRA~1\MICROS~2\Office14\1042\GrooveIntlResource.dll
0x000007feedd60000 - 0x000007feeddde000 	C:\Windows\System32\cscui.dll
0x000007fef1f10000 - 0x000007fef1f1c000 	C:\Windows\System32\CSCDLL.dll
0x000007fef70f0000 - 0x000007fef70ff000 	C:\Windows\system32\CSCAPI.dll
0x000007fee9fc0000 - 0x000007feea040000 	C:\Windows\system32\ntshrui.dll
0x000007fefd2e0000 - 0x000007fefd303000 	C:\Windows\system32\srvcli.dll
0x000007fef9d00000 - 0x000007fef9d0b000 	C:\Windows\system32\slc.dll
0x000007fee9790000 - 0x000007fee97c2000 	C:\PROGRA~1\COMMON~1\MICROS~1\IME14\IMEKR\IMKRAPI.DLL
0x000007fee9750000 - 0x000007fee9788000 	C:\Program Files\Common Files\Microsoft Shared\IME14\SHARED\IMJKAPI.DLL
0x000007fefbb50000 - 0x000007fefbc3f000 	C:\Program Files\Java\jre1.8.0_111\bin\msvcr120.dll
0x000007fefb340000 - 0x000007fefb3e6000 	C:\Program Files\Java\jre1.8.0_111\bin\msvcp120.dll
0x000000006e270000 - 0x000000006e292000 	C:\Program Files\Java\jre1.8.0_111\bin\prism_d3d.dll
0x000007fee3490000 - 0x000007fee368f000 	C:\Windows\system32\d3d9.dll
0x000007fefbdf0000 - 0x000007fefbdf7000 	C:\Windows\system32\d3d8thk.dll
0x000000006e020000 - 0x000000006e063000 	C:\Program Files\Java\jre1.8.0_111\bin\glass.dll
0x000007fefdd80000 - 0x000007fefde17000 	C:\Windows\system32\COMDLG32.dll
0x0000000062180000 - 0x0000000064711000 	C:\Program Files\Java\jre1.8.0_111\bin\jfxwebkit.dll
0x000000006e250000 - 0x000000006e264000 	C:\Program Files\Java\jre1.8.0_111\bin\javafx_font.dll
0x000007fee6d00000 - 0x000007fee6e97000 	C:\Windows\system32\dwrite.dll
0x000007fefc970000 - 0x000007fefc977000 	C:\Windows\System32\wshtcpip.dll
0x000007fefce60000 - 0x000007fefcebb000 	C:\Windows\system32\DNSAPI.dll
0x000007fef50c0000 - 0x000007fef50ef000 	C:\Program Files\Common Files\Microsoft Shared\Windows Live\WLIDNSP.DLL
0x0000000059220000 - 0x0000000059229000 	C:\Program Files\National Instruments\Shared\mDNS Responder\nimdnsNSP.dll
0x0000000059240000 - 0x000000005924e000 	C:\Windows\system32\nimdnsResponder.dll
0x000007fef50b0000 - 0x000007fef50b8000 	C:\Windows\system32\rasadhlp.dll
0x000007fef92f0000 - 0x000007fef9343000 	C:\Windows\System32\fwpuclnt.dll
0x000000006f830000 - 0x000000006f854000 	C:\Program Files\Java\jre1.8.0_111\bin\sunec.dll
0x0000000070a30000 - 0x0000000070a3b000 	C:\Program Files\Java\jre1.8.0_111\bin\sunmscapi.dll
0x000000006e230000 - 0x000000006e241000 	C:\Program Files\Java\jre1.8.0_111\bin\prism_common.dll
0x000007fef9ec0000 - 0x000007fef9fe5000 	C:\Windows\system32\dbghelp.dll

VM Arguments:
jvm_args: -Dfile.encoding=MS949 
java_command: hjya1989.newsanalyzer.NewsAnaMain
java_class_path (initial): C:\eclipse\git\NewsAnalyzer\NewsAnalyzer\bin;C:\eclipse\git\NewsAnalyzer\NewsAnalyzer\miglayout15-swing.jar;C:\eclipse\git\NewsAnalyzer\NewsAnalyzer\DateChooser.jar;C:\Program Files\Java\jdk1.8.0_111\jre\lib\ext\jfxrt.jar
Launcher Type: SUN_STANDARD

Environment Variables:
PATH=C:/Program Files/Java/jre1.8.0_111/bin/server;C:/Program Files/Java/jre1.8.0_111/bin;C:/Program Files/Java/jre1.8.0_111/lib/amd64;C:\ProgramData\Oracle\Java\javapath;C:\Program Files\Common Files\Microsoft Shared\Windows Live;C:\Program Files (x86)\Common Files\Microsoft Shared\Windows Live;C:\Program Files (x86)\Intel\iCLS Client\;C:\Program Files\Intel\iCLS Client\;C:\Windows\system32;C:\Windows;C:\Windows\System32\Wbem;C:\Windows\System32\WindowsPowerShell\v1.0\;C:\Program Files (x86)\Intel\Intel(R) Management Engine Components\DAL;C:\Program Files\Intel\Intel(R) Management Engine Components\DAL;C:\Program Files (x86)\Intel\Intel(R) Management Engine Components\IPT;C:\Program Files\Intel\Intel(R) Management Engine Components\IPT;C:\Program Files\Intel\WiFi\bin\;C:\Program Files\Common Files\Intel\WirelessCommon\;C:\Program Files (x86)\Windows Live\Shared;C:\Program Files (x86)\IVI Foundation\VISA\WinNT\Bin\;C:\Program Files\IVI Foundation\VISA\Win64\Bin\;C:\Program Files (x86)\IVI Foundation\VISA\WinNT\Bin;C:\Windows\Softcamp\SDS;C:\Windows\Softcamp\SDS\x64;C:\Windows\Softcamp\SDK;C:\Program Files\Intel\WiFi\bin\;C:\Program Files\Common Files\Intel\WirelessCommon\;C:\Windows\system32;
USERNAME=Administrator
OS=Windows_NT
PROCESSOR_IDENTIFIER=Intel64 Family 6 Model 78 Stepping 3, GenuineIntel



---------------  S Y S T E M  ---------------

OS: Windows 7 , 64 bit Build 7601 (6.1.7601.23572)

CPU:total 4 (2 cores per cpu, 2 threads per core) family 6 model 78 stepping 3, cmov, cx8, fxsr, mmx, sse, sse2, sse3, ssse3, sse4.1, sse4.2, popcnt, avx, avx2, aes, clmul, erms, 3dnowpref, lzcnt, ht, tsc, tscinvbit, bmi1, bmi2, adx

Memory: 4k page, physical 8248996k(2714620k free), swap 8247136k(2339088k free)

vm_info: Java HotSpot(TM) 64-Bit Server VM (25.111-b14) for windows-amd64 JRE (1.8.0_111-b14), built on Sep 22 2016 19:24:05 by "java_re" with MS VC++ 10.0 (VS2010)

time: Fri Jan 13 23:03:44 2017
elapsed time: 6 seconds (0d 0h 0m 6s)

