#
# A fatal error has been detected by the Java Runtime Environment:
#
#  EXCEPTION_ACCESS_VIOLATION (0xc0000005) at pc=0x00000000627a5548, pid=296, tid=0x0000000000002700
#
# JRE version: Java(TM) SE Runtime Environment (8.0_111-b14) (build 1.8.0_111-b14)
# Java VM: Java HotSpot(TM) 64-Bit Server VM (25.111-b14 mixed mode windows-amd64 compressed oops)
# Problematic frame:
# C  [jfxwebkit.dll+0x865548]
#
# Failed to write core dump. Minidumps are not enabled by default on client versions of Windows
#
# If you would like to submit a bug report, please visit:
#   http://bugreport.java.com/bugreport/crash.jsp
# The crash happened outside the Java Virtual Machine in native code.
# See problematic frame for where to report the bug.
#

---------------  T H R E A D  ---------------

Current thread (0x000000005d168800):  JavaThread "JavaFX Application Thread" [_thread_in_native, id=9984, stack(0x0000000060320000,0x0000000060420000)]

siginfo: ExceptionCode=0xc0000005, writing address 0x0000000000000000

Registers:
RAX=0x0000000000000000, RBX=0x0000000076772fd0, RCX=0x0000000076772fd2, RDX=0x0000000000000000
RSP=0x0000000060419ee0, RBP=0x000000000000016c, RSI=0x0000000000000000, RDI=0x0000000000000000
R8 =0x0000000000010002, R9 =0x0000000000000000, R10=0xffffffff8988d030, R11=0x00000000000002a3
R12=0x0000000000000a8c, R13=0x0000000000000000, R14=0x00000000000002a3, R15=0x0000000000000a8c
RIP=0x00000000627a5548, EFLAGS=0x0000000000010297

Top of Stack: (sp=0x0000000060419ee0)
0x0000000060419ee0:   000000005d1689f8 000000005d1689f8
0x0000000060419ef0:   000000005d1689f8 0000000000000000
0x0000000060419f00:   000000006041d440 00000000000000e0
0x0000000060419f10:   0000000071385ad0 00000000714f9e60
0x0000000060419f20:   0000000000000000 00000000629cb248
0x0000000060419f30:   000000007149a860 0000000000000000
0x0000000060419f40:   0000000074b49d60 0000000071385ac0
0x0000000060419f50:   0000000000000000 0000000060419fa0
0x0000000060419f60:   0000000000000000 0000000071385ac0
0x0000000060419f70:   0000000000000000 0000016c000002a3
0x0000000060419f80:   00000000714f9e60 0000000000000000
0x0000000060419f90:   0000000000000000 000000006280e766
0x0000000060419fa0:   0000000000000000 0000016c000002a3
0x0000000060419fb0:   0000000000000000 0000000000000001
0x0000000060419fc0:   0000000000000000 0000000000003280
0x0000000060419fd0:   00003e4000006fc0 ffffffc0ffffffc0 

Instructions: (pc=0x00000000627a5548)
0x00000000627a5528:   41 81 c0 fe 00 00 00 41 f7 e8 41 03 d0 c1 fa 07
0x00000000627a5538:   8b c2 c1 e8 1f 03 d0 41 88 14 0a eb 19 0f b6 01
0x00000000627a5548:   41 88 44 0a fe 0f b6 41 ff 41 88 44 0a ff 0f b6
0x00000000627a5558:   41 fe 41 88 04 0a 45 88 4c 0a 01 48 83 c1 04 49 


Register to memory mapping:

RAX=0x0000000000000000 is an unknown value
RBX=0x0000000076772fd0 is an unknown value
RCX=0x0000000076772fd2 is an unknown value
RDX=0x0000000000000000 is an unknown value
RSP=0x0000000060419ee0 is pointing into the stack for thread: 0x000000005d168800
RBP=0x000000000000016c is an unknown value
RSI=0x0000000000000000 is an unknown value
RDI=0x0000000000000000 is an unknown value
R8 =0x0000000000010002 is an unknown value
R9 =0x0000000000000000 is an unknown value
R10=0xffffffff8988d030 is an unknown value
R11=0x00000000000002a3 is an unknown value
R12=0x0000000000000a8c is an unknown value
R13=0x0000000000000000 is an unknown value
R14=0x00000000000002a3 is an unknown value
R15=0x0000000000000a8c is an unknown value


Stack: [0x0000000060320000,0x0000000060420000],  sp=0x0000000060419ee0,  free space=999k
Native frames: (J=compiled Java code, j=interpreted, Vv=VM code, C=native code)
C  [jfxwebkit.dll+0x865548]
C  [jfxwebkit.dll+0xa8b248]
C  [jfxwebkit.dll+0x8ce766]
C  [jfxwebkit.dll+0x9684ba]
C  [jfxwebkit.dll+0x974c7f]
C  [jfxwebkit.dll+0x97437c]
C  [jfxwebkit.dll+0x974e79]
C  [jfxwebkit.dll+0x974bf4]
C  [jfxwebkit.dll+0x97437c]
C  [jfxwebkit.dll+0x974e79]
C  [jfxwebkit.dll+0x974bf4]
C  [jfxwebkit.dll+0x97437c]
C  [jfxwebkit.dll+0x972c41]
C  [jfxwebkit.dll+0x80f61d]
C  [jfxwebkit.dll+0x8ad07f]
C  [jfxwebkit.dll+0x9e7907]
C  [jfxwebkit.dll+0x9e768f]
C  [jfxwebkit.dll+0x8da5e0]
C  [jfxwebkit.dll+0x8deed7]
C  [jfxwebkit.dll+0x9eba30]
C  [jfxwebkit.dll+0x98f9f8]
C  [jfxwebkit.dll+0x8f9988]
C  [jfxwebkit.dll+0x8f81a8]
C  [jfxwebkit.dll+0x8f875c]
C  [jfxwebkit.dll+0x8f964b]
C  [jfxwebkit.dll+0x8f9988]
C  [jfxwebkit.dll+0x8f81a8]
C  [jfxwebkit.dll+0x973fc8]
C  [jfxwebkit.dll+0x973c9a]
C  [jfxwebkit.dll+0x974b90]
C  [jfxwebkit.dll+0x97437c]
C  [jfxwebkit.dll+0x974e79]
C  [jfxwebkit.dll+0x974bf4]
C  [jfxwebkit.dll+0x97437c]
C  [jfxwebkit.dll+0x972c41]
C  [jfxwebkit.dll+0x80f61d]
C  [jfxwebkit.dll+0x8ad07f]
C  [jfxwebkit.dll+0x9e7907]
C  [jfxwebkit.dll+0x9e768f]
C  [jfxwebkit.dll+0x8f875c]
C  [jfxwebkit.dll+0x8f964b]
C  [jfxwebkit.dll+0x8f9988]
C  [jfxwebkit.dll+0x8f81a8]
C  [jfxwebkit.dll+0x973fc8]
C  [jfxwebkit.dll+0x973c9a]
C  [jfxwebkit.dll+0x974b90]
C  [jfxwebkit.dll+0x97437c]
C  [jfxwebkit.dll+0x974e79]
C  [jfxwebkit.dll+0x974bf4]
C  [jfxwebkit.dll+0x97437c]
C  [jfxwebkit.dll+0x974e79]
C  [jfxwebkit.dll+0x974bf4]
C  [jfxwebkit.dll+0x97437c]
C  [jfxwebkit.dll+0x972c41]
C  [jfxwebkit.dll+0x80f61d]
C  [jfxwebkit.dll+0x8ad07f]
C  [jfxwebkit.dll+0x88fd32]
C  0x0000000002747f54

Java frames: (J=compiled Java code, j=interpreted, Vv=VM code)
j  com.sun.webkit.WebPage.twkUpdateContent(JLcom/sun/webkit/graphics/WCRenderQueue;IIII)V+0
j  com.sun.webkit.WebPage.updateDirty(Lcom/sun/webkit/graphics/WCRectangle;)V+218
j  com.sun.webkit.WebPage.updateContent(Lcom/sun/webkit/graphics/WCRectangle;)V+48
j  com.sun.javafx.sg.prism.web.NGWebView.update()V+68
j  javafx.scene.web.WebView.handleStagePulse()V+40
J 3669 C1 javafx.scene.web.WebView$$Lambda$116.pulse()V (8 bytes) @ 0x00000000028c5c4c [0x00000000028c5b80+0xcc]
J 3024 C1 com.sun.javafx.tk.Toolkit$$Lambda$169.run()Ljava/lang/Object; (8 bytes) @ 0x00000000030823c4 [0x0000000003082280+0x144]
v  ~StubRoutines::call_stub
J 1440  java.security.AccessController.doPrivileged(Ljava/security/PrivilegedAction;Ljava/security/AccessControlContext;)Ljava/lang/Object; (0 bytes) @ 0x0000000002be94a6 [0x0000000002be9440+0x66]
J 2991 C1 com.sun.javafx.tk.Toolkit.runPulse(Lcom/sun/javafx/tk/TKPulseListener;Ljava/security/AccessControlContext;)V (26 bytes) @ 0x000000000307798c [0x0000000003077520+0x46c]
j  com.sun.javafx.tk.Toolkit.firePulse()V+129
j  com.sun.javafx.tk.quantum.QuantumToolkit.pulse(Z)V+97
j  com.sun.javafx.tk.quantum.QuantumToolkit.pulse()V+2
j  com.sun.javafx.tk.quantum.QuantumToolkit.lambda$runToolkit$404()V+1
j  com.sun.javafx.tk.quantum.QuantumToolkit$$Lambda$70.run()V+4
J 4028 C1 com.sun.glass.ui.InvokeLaterDispatcher$Future.run()V (91 bytes) @ 0x00000000028e530c [0x00000000028e5200+0x10c]
v  ~StubRoutines::call_stub
j  com.sun.glass.ui.win.WinApplication._runLoop(Ljava/lang/Runnable;)V+0
j  com.sun.glass.ui.win.WinApplication.lambda$null$148(ILjava/lang/Runnable;)V+8
j  com.sun.glass.ui.win.WinApplication$$Lambda$66.run()V+12
j  java.lang.Thread.run()V+11
v  ~StubRoutines::call_stub

---------------  P R O C E S S  ---------------

Java Threads: ( => current thread )
  0x0000000058955000 JavaThread "Media Resource Disposer" daemon [_thread_blocked, id=9848, stack(0x000000007a5a0000,0x000000007a6a0000)]
  0x0000000058954000 JavaThread "JFXMedia Player EventQueueThread" daemon [_thread_blocked, id=1520, stack(0x0000000075a90000,0x0000000075b90000)]
  0x0000000058953800 JavaThread "Thread-8" daemon [_thread_in_native, id=11192, stack(0x000000006f6c0000,0x000000006f7c0000)]
  0x000000005d4fd000 JavaThread "URL-Loader-20" daemon [_thread_blocked, id=8840, stack(0x000000006f3c0000,0x000000006f4c0000)]
  0x000000005d4fc800 JavaThread "URL-Loader-19" daemon [_thread_blocked, id=8904, stack(0x000000006f2b0000,0x000000006f3b0000)]
  0x000000005d4fb800 JavaThread "URL-Loader-18" daemon [_thread_blocked, id=6444, stack(0x000000006f160000,0x000000006f260000)]
  0x000000005d4fa000 JavaThread "URL-Loader-17" daemon [_thread_blocked, id=9488, stack(0x000000006e760000,0x000000006e860000)]
  0x000000005d4fb000 JavaThread "URL-Loader-16" daemon [_thread_blocked, id=10256, stack(0x000000006e630000,0x000000006e730000)]
  0x000000005d4f9800 JavaThread "URL-Loader-15" daemon [_thread_blocked, id=3652, stack(0x000000006e430000,0x000000006e530000)]
  0x000000005d4f8800 JavaThread "URL-Loader-14" daemon [_thread_blocked, id=6760, stack(0x000000006df50000,0x000000006e050000)]
  0x000000005d4f8000 JavaThread "URL-Loader-13" daemon [_thread_blocked, id=10920, stack(0x000000006de40000,0x000000006df40000)]
  0x000000005d4f7000 JavaThread "URL-Loader-12" daemon [_thread_blocked, id=11156, stack(0x000000006dc20000,0x000000006dd20000)]
  0x000000005d4f6800 JavaThread "URL-Loader-11" daemon [_thread_blocked, id=6208, stack(0x000000006dad0000,0x000000006dbd0000)]
  0x000000005889a800 JavaThread "URL-Loader-10" daemon [_thread_blocked, id=8752, stack(0x0000000066b30000,0x0000000066c30000)]
  0x000000005889a000 JavaThread "URL-Loader-9" daemon [_thread_blocked, id=6996, stack(0x0000000066a20000,0x0000000066b20000)]
  0x0000000058899000 JavaThread "URL-Loader-8" daemon [_thread_blocked, id=1416, stack(0x000000006c710000,0x000000006c810000)]
  0x0000000058898800 JavaThread "URL-Loader-7" daemon [_thread_blocked, id=8400, stack(0x000000006cb70000,0x000000006cc70000)]
  0x0000000058897800 JavaThread "URL-Loader-6" daemon [_thread_blocked, id=908, stack(0x000000006c980000,0x000000006ca80000)]
  0x0000000058897000 JavaThread "URL-Loader-5" daemon [_thread_blocked, id=6940, stack(0x000000006c830000,0x000000006c930000)]
  0x0000000058896000 JavaThread "URL-Loader-4" daemon [_thread_blocked, id=8068, stack(0x000000006c5e0000,0x000000006c6e0000)]
  0x0000000058895800 JavaThread "Prism Font Disposer" daemon [_thread_blocked, id=9124, stack(0x000000006bc50000,0x000000006bd50000)]
  0x0000000058894800 JavaThread "URL-Loader-3" daemon [_thread_blocked, id=8772, stack(0x00000000662d0000,0x00000000663d0000)]
  0x0000000058894000 JavaThread "Watchdog-Timer-1" daemon [_thread_blocked, id=8596, stack(0x0000000065fb0000,0x00000000660b0000)]
  0x0000000058892800 JavaThread "Keep-Alive-Timer" daemon [_thread_blocked, id=5776, stack(0x0000000066530000,0x0000000066630000)]
  0x0000000058891000 JavaThread "URL-Loader-2" daemon [_thread_blocked, id=3596, stack(0x0000000061920000,0x0000000061a20000)]
  0x0000000058890000 JavaThread "URL-Loader-1" daemon [_thread_blocked, id=6112, stack(0x0000000065e70000,0x0000000065f70000)]
  0x000000005888e800 JavaThread "Disposer" daemon [_thread_blocked, id=7868, stack(0x0000000064fd0000,0x00000000650d0000)]
  0x000000005888e000 JavaThread "DestroyJavaVM" [_thread_blocked, id=10636, stack(0x0000000002630000,0x0000000002730000)]
  0x000000005888d000 JavaThread "Thread-6" daemon [_thread_in_native, id=8944, stack(0x0000000061e40000,0x0000000061f40000)]
=>0x000000005d168800 JavaThread "JavaFX Application Thread" [_thread_in_native, id=9984, stack(0x0000000060320000,0x0000000060420000)]
  0x0000000059ca1800 JavaThread "Thread-5" daemon [_thread_blocked, id=8592, stack(0x00000000601b0000,0x00000000602b0000)]
  0x0000000059bd2000 JavaThread "TimerQueue" daemon [_thread_blocked, id=3496, stack(0x000000005f850000,0x000000005f950000)]
  0x0000000059a8e000 JavaThread "Thread-3" [_thread_blocked, id=3676, stack(0x000000005f570000,0x000000005f670000)]
  0x000000005957c000 JavaThread "AWT-EventQueue-0" [_thread_blocked, id=6968, stack(0x000000005c2c0000,0x000000005c3c0000)]
  0x0000000059562000 JavaThread "AWT-Shutdown" [_thread_blocked, id=10764, stack(0x0000000059fe0000,0x000000005a0e0000)]
  0x0000000059561800 JavaThread "Java2D Disposer" daemon [_thread_blocked, id=9276, stack(0x0000000059e30000,0x0000000059f30000)]
  0x00000000588f3000 JavaThread "Service Thread" daemon [_thread_blocked, id=4012, stack(0x0000000058640000,0x0000000058740000)]
  0x000000005888b800 JavaThread "C1 CompilerThread2" daemon [_thread_blocked, id=7036, stack(0x0000000059180000,0x0000000059280000)]
  0x0000000058871000 JavaThread "C2 CompilerThread1" daemon [_thread_blocked, id=1672, stack(0x0000000059050000,0x0000000059150000)]
  0x0000000058856000 JavaThread "C2 CompilerThread0" daemon [_thread_blocked, id=7300, stack(0x0000000058ee0000,0x0000000058fe0000)]
  0x0000000057272800 JavaThread "Attach Listener" daemon [_thread_blocked, id=7780, stack(0x00000000582a0000,0x00000000583a0000)]
  0x0000000058853000 JavaThread "Signal Dispatcher" daemon [_thread_blocked, id=4692, stack(0x0000000058d10000,0x0000000058e10000)]
  0x000000005725b000 JavaThread "Finalizer" daemon [_thread_blocked, id=2756, stack(0x0000000058740000,0x0000000058840000)]
  0x0000000057212000 JavaThread "Reference Handler" daemon [_thread_blocked, id=10412, stack(0x0000000058510000,0x0000000058610000)]

Other Threads:
  0x000000005720a800 VMThread [stack: 0x00000000583e0000,0x00000000584e0000] [id=716]
  0x000000005892b000 WatcherThread [stack: 0x0000000059410000,0x0000000059510000] [id=7520]

VM state:not at safepoint (normal execution)

VM Mutex/Monitor currently owned by a thread: None

Heap:
 PSYoungGen      total 186880K, used 164063K [0x00000000d6100000, 0x00000000e8200000, 0x0000000100000000)
  eden space 169472K, 86% used [0x00000000d6100000,0x00000000df039640,0x00000000e0680000)
  from space 17408K, 99% used [0x00000000e0680000,0x00000000e177e6f8,0x00000000e1780000)
  to   space 19968K, 0% used [0x00000000e6e80000,0x00000000e6e80000,0x00000000e8200000)
 ParOldGen       total 82432K, used 41314K [0x0000000082200000, 0x0000000087280000, 0x00000000d6100000)
  object space 82432K, 50% used [0x0000000082200000,0x0000000084a588a8,0x0000000087280000)
 Metaspace       used 32959K, capacity 34122K, committed 34224K, reserved 1079296K
  class space    used 4490K, capacity 4774K, committed 4784K, reserved 1048576K

Card table byte_map: [0x0000000011af0000,0x0000000011ee0000] byte_map_base: 0x00000000116df000

Marking Bits: (ParMarkBitMap*) 0x0000000065ada6c0
 Begin Bits: [0x00000000125a0000, 0x0000000014518000)
 End Bits:   [0x0000000014518000, 0x0000000016490000)

Polling page: 0x0000000000230000

CodeCache: size=245760Kb used=13816Kb max_used=13888Kb free=231943Kb
 bounds [0x0000000002730000, 0x00000000034d0000, 0x0000000011730000]
 total_blobs=5365 nmethods=4438 adapters=837
 compilation: enabled

Compilation events (10 events):
Event: 14.015 Thread 0x000000005888b800 5000       3       jdk.internal.org.objectweb.asm.MethodVisitor::visitFieldInsn (20 bytes)
Event: 14.015 Thread 0x000000005888b800 nmethod 5000 0x0000000002be8390 code [0x0000000002be8500, 0x0000000002be8748]
Event: 14.015 Thread 0x000000005888b800 5001       3       java.lang.invoke.MethodHandleNatives::canBeCalledVirtual (132 bytes)
Event: 14.016 Thread 0x000000005888b800 nmethod 5001 0x00000000032c3c10 code [0x00000000032c3e00, 0x00000000032c4718]
Event: 14.020 Thread 0x000000005888b800 5002       1       java.util.concurrent.CopyOnWriteArrayList::getArray (5 bytes)
Event: 14.020 Thread 0x000000005888b800 nmethod 5002 0x00000000032a8690 code [0x00000000032a87e0, 0x00000000032a88f0]
Event: 14.020 Thread 0x000000005888b800 5003       3       java.util.logging.LogManager$LoggerContext::getRootLogger (8 bytes)
Event: 14.021 Thread 0x000000005888b800 nmethod 5003 0x0000000003289a90 code [0x0000000003289be0, 0x0000000003289dd0]
Event: 14.021 Thread 0x000000005888b800 5004       3       java.util.logging.LogManager$LoggerContext::getGlobalLogger (6 bytes)
Event: 14.021 Thread 0x000000005888b800 nmethod 5004 0x00000000032afa50 code [0x00000000032afba0, 0x00000000032afcf0]

GC Heap History (10 events):
Event: 3.592 GC heap before
{Heap before GC invocations=6 (full 1):
 PSYoungGen      total 53248K, used 53200K [0x00000000d6100000, 0x00000000da580000, 0x0000000100000000)
  eden space 48128K, 99% used [0x00000000d6100000,0x00000000d8ff47e8,0x00000000d9000000)
  from space 5120K, 99% used [0x00000000d9500000,0x00000000d99ffbe0,0x00000000d9a00000)
  to   space 5120K, 0% used [0x00000000d9000000,0x00000000d9000000,0x00000000d9500000)
 ParOldGen       total 82432K, used 30350K [0x0000000082200000, 0x0000000087280000, 0x00000000d6100000)
  object space 82432K, 36% used [0x0000000082200000,0x0000000083fa3b18,0x0000000087280000)
 Metaspace       used 25743K, capacity 26482K, committed 26544K, reserved 1073152K
  class space    used 3543K, capacity 3728K, committed 3760K, reserved 1048576K
Event: 3.597 GC heap after
Heap after GC invocations=6 (full 1):
 PSYoungGen      total 53248K, used 5118K [0x00000000d6100000, 0x00000000ddb80000, 0x0000000100000000)
  eden space 48128K, 0% used [0x00000000d6100000,0x00000000d6100000,0x00000000d9000000)
  from space 5120K, 99% used [0x00000000d9000000,0x00000000d94ffbe0,0x00000000d9500000)
  to   space 17408K, 0% used [0x00000000dca80000,0x00000000dca80000,0x00000000ddb80000)
 ParOldGen       total 82432K, used 34582K [0x0000000082200000, 0x0000000087280000, 0x00000000d6100000)
  object space 82432K, 41% used [0x0000000082200000,0x00000000843c5a18,0x0000000087280000)
 Metaspace       used 25743K, capacity 26482K, committed 26544K, reserved 1073152K
  class space    used 3543K, capacity 3728K, committed 3760K, reserved 1048576K
}
Event: 3.611 GC heap before
{Heap before GC invocations=7 (full 1):
 PSYoungGen      total 53248K, used 53170K [0x00000000d6100000, 0x00000000ddb80000, 0x0000000100000000)
  eden space 48128K, 99% used [0x00000000d6100000,0x00000000d8fecc80,0x00000000d9000000)
  from space 5120K, 99% used [0x00000000d9000000,0x00000000d94ffbe0,0x00000000d9500000)
  to   space 17408K, 0% used [0x00000000dca80000,0x00000000dca80000,0x00000000ddb80000)
 ParOldGen       total 82432K, used 34582K [0x0000000082200000, 0x0000000087280000, 0x00000000d6100000)
  object space 82432K, 41% used [0x0000000082200000,0x00000000843c5a18,0x0000000087280000)
 Metaspace       used 25746K, capacity 26482K, committed 26544K, reserved 1073152K
  class space    used 3543K, capacity 3728K, committed 3760K, reserved 1048576K
Event: 3.616 GC heap after
Heap after GC invocations=7 (full 1):
 PSYoungGen      total 107520K, used 13480K [0x00000000d6100000, 0x00000000dde00000, 0x0000000100000000)
  eden space 90112K, 0% used [0x00000000d6100000,0x00000000d6100000,0x00000000db900000)
  from space 17408K, 77% used [0x00000000dca80000,0x00000000dd7aa0b8,0x00000000ddb80000)
  to   space 17920K, 0% used [0x00000000db900000,0x00000000db900000,0x00000000dca80000)
 ParOldGen       total 82432K, used 34590K [0x0000000082200000, 0x0000000087280000, 0x00000000d6100000)
  object space 82432K, 41% used [0x0000000082200000,0x00000000843c7a18,0x0000000087280000)
 Metaspace       used 25746K, capacity 26482K, committed 26544K, reserved 1073152K
  class space    used 3543K, capacity 3728K, committed 3760K, reserved 1048576K
}
Event: 3.643 GC heap before
{Heap before GC invocations=8 (full 1):
 PSYoungGen      total 107520K, used 103459K [0x00000000d6100000, 0x00000000dde00000, 0x0000000100000000)
  eden space 90112K, 99% used [0x00000000d6100000,0x00000000db8dee68,0x00000000db900000)
  from space 17408K, 77% used [0x00000000dca80000,0x00000000dd7aa0b8,0x00000000ddb80000)
  to   space 17920K, 0% used [0x00000000db900000,0x00000000db900000,0x00000000dca80000)
 ParOldGen       total 82432K, used 34590K [0x0000000082200000, 0x0000000087280000, 0x00000000d6100000)
  object space 82432K, 41% used [0x0000000082200000,0x00000000843c7a18,0x0000000087280000)
 Metaspace       used 25746K, capacity 26482K, committed 26544K, reserved 1073152K
  class space    used 3543K, capacity 3728K, committed 3760K, reserved 1048576K
Event: 3.648 GC heap after
Heap after GC invocations=8 (full 1):
 PSYoungGen      total 108032K, used 13551K [0x00000000d6100000, 0x00000000e2c00000, 0x0000000100000000)
  eden space 90112K, 0% used [0x00000000d6100000,0x00000000d6100000,0x00000000db900000)
  from space 17920K, 75% used [0x00000000db900000,0x00000000dc63bf58,0x00000000dca80000)
  to   space 17920K, 0% used [0x00000000e1a80000,0x00000000e1a80000,0x00000000e2c00000)
 ParOldGen       total 82432K, used 34590K [0x0000000082200000, 0x0000000087280000, 0x00000000d6100000)
  object space 82432K, 41% used [0x0000000082200000,0x00000000843c7a18,0x0000000087280000)
 Metaspace       used 25746K, capacity 26482K, committed 26544K, reserved 1073152K
  class space    used 3543K, capacity 3728K, committed 3760K, reserved 1048576K
}
Event: 6.058 GC heap before
{Heap before GC invocations=9 (full 1):
 PSYoungGen      total 108032K, used 103663K [0x00000000d6100000, 0x00000000e2c00000, 0x0000000100000000)
  eden space 90112K, 100% used [0x00000000d6100000,0x00000000db900000,0x00000000db900000)
  from space 17920K, 75% used [0x00000000db900000,0x00000000dc63bf58,0x00000000dca80000)
  to   space 17920K, 0% used [0x00000000e1a80000,0x00000000e1a80000,0x00000000e2c00000)
 ParOldGen       total 82432K, used 34590K [0x0000000082200000, 0x0000000087280000, 0x00000000d6100000)
  object space 82432K, 41% used [0x0000000082200000,0x00000000843c7a18,0x0000000087280000)
 Metaspace       used 30875K, capacity 31878K, committed 32048K, reserved 1077248K
  class space    used 4334K, capacity 4578K, committed 4656K, reserved 1048576K
Event: 6.072 GC heap after
Heap after GC invocations=9 (full 1):
 PSYoungGen      total 183808K, used 12274K [0x00000000d6100000, 0x00000000e2880000, 0x0000000100000000)
  eden space 169472K, 0% used [0x00000000d6100000,0x00000000d6100000,0x00000000e0680000)
  from space 14336K, 85% used [0x00000000e1a80000,0x00000000e267c890,0x00000000e2880000)
  to   space 17408K, 0% used [0x00000000e0680000,0x00000000e0680000,0x00000000e1780000)
 ParOldGen       total 82432K, used 39677K [0x0000000082200000, 0x0000000087280000, 0x00000000d6100000)
  object space 82432K, 48% used [0x0000000082200000,0x00000000848bf628,0x0000000087280000)
 Metaspace       used 30875K, capacity 31878K, committed 32048K, reserved 1077248K
  class space    used 4334K, capacity 4578K, committed 4656K, reserved 1048576K
}
Event: 11.013 GC heap before
{Heap before GC invocations=10 (full 1):
 PSYoungGen      total 183808K, used 181746K [0x00000000d6100000, 0x00000000e2880000, 0x0000000100000000)
  eden space 169472K, 100% used [0x00000000d6100000,0x00000000e0680000,0x00000000e0680000)
  from space 14336K, 85% used [0x00000000e1a80000,0x00000000e267c890,0x00000000e2880000)
  to   space 17408K, 0% used [0x00000000e0680000,0x00000000e0680000,0x00000000e1780000)
 ParOldGen       total 82432K, used 39677K [0x0000000082200000, 0x0000000087280000, 0x00000000d6100000)
  object space 82432K, 48% used [0x0000000082200000,0x00000000848bf628,0x0000000087280000)
 Metaspace       used 32695K, capacity 33824K, committed 33968K, reserved 1079296K
  class space    used 4466K, capacity 4725K, committed 4784K, reserved 1048576K
Event: 11.026 GC heap after
Heap after GC invocations=10 (full 1):
 PSYoungGen      total 186880K, used 17401K [0x00000000d6100000, 0x00000000e8200000, 0x0000000100000000)
  eden space 169472K, 0% used [0x00000000d6100000,0x00000000d6100000,0x00000000e0680000)
  from space 17408K, 99% used [0x00000000e0680000,0x00000000e177e6f8,0x00000000e1780000)
  to   space 19968K, 0% used [0x00000000e6e80000,0x00000000e6e80000,0x00000000e8200000)
 ParOldGen       total 82432K, used 41314K [0x0000000082200000, 0x0000000087280000, 0x00000000d6100000)
  object space 82432K, 50% used [0x0000000082200000,0x0000000084a588a8,0x0000000087280000)
 Metaspace       used 32695K, capacity 33824K, committed 33968K, reserved 1079296K
  class space    used 4466K, capacity 4725K, committed 4784K, reserved 1048576K
}

Deoptimization events (10 events):
Event: 8.757 Thread 0x000000005888f800 Uncommon trap: reason=unstable_if action=reinterpret pc=0x000000000330e7d8 method=sun.font.FontUtilities.isNonSimpleChar(C)Z @ 10
Event: 8.818 Thread 0x000000005888f800 Uncommon trap: reason=unstable_if action=reinterpret pc=0x0000000002b2421c method=sun.nio.cs.ext.DoubleByte$Encoder.encodeArrayLoop(Ljava/nio/CharBuffer;Ljava/nio/ByteBuffer;)Ljava/nio/charset/CoderResult; @ 218
Event: 9.312 Thread 0x000000005d4fb000 Uncommon trap: reason=predicate action=maybe_recompile pc=0x0000000003263344 method=java.util.regex.Pattern$Slice.match(Ljava/util/regex/Matcher;ILjava/lang/CharSequence;)Z @ 21
Event: 10.893 Thread 0x000000005888f800 Uncommon trap: reason=unstable_if action=reinterpret pc=0x00000000033d3308 method=com.sun.crypto.provider.GaloisCounterMode.increment32([B)V @ 39
Event: 10.894 Thread 0x000000005888f800 Uncommon trap: reason=unstable_if action=reinterpret pc=0x00000000030f1860 method=com.sun.crypto.provider.GaloisCounterMode.increment32([B)V @ 39
Event: 10.895 Thread 0x000000005888f800 Uncommon trap: reason=unstable_if action=reinterpret pc=0x0000000002834850 method=com.sun.crypto.provider.GaloisCounterMode.increment32([B)V @ 39
Event: 10.895 Thread 0x000000005888f800 Uncommon trap: reason=unstable_if action=reinterpret pc=0x000000000285144c method=com.sun.crypto.provider.GaloisCounterMode.increment32([B)V @ 39
Event: 11.180 Thread 0x0000000058952800 Uncommon trap: reason=unstable_if action=reinterpret pc=0x000000000345c68c method=java.nio.channels.spi.AbstractInterruptibleChannel.end(Z)V @ 31
Event: 12.555 Thread 0x000000005957c000 Uncommon trap: reason=unstable_if action=reinterpret pc=0x00000000032c212c method=java.awt.Container.findComponentAtImpl(IIZ)Ljava/awt/Component; @ 6
Event: 14.042 Thread 0x000000005d168800 Uncommon trap: reason=unstable_if action=reinterpret pc=0x00000000030f2808 method=java.util.HashMap$HashIterator.<init>(Ljava/util/HashMap;)V @ 45

Internal exceptions (10 events):
Event: 5.885 Thread 0x000000005d168800 Exception <a 'java/lang/ClassNotFoundException': sun/net/www/protocol/about/Handler> (0x00000000db18c178) thrown at [C:\re\workspace\8-2-build-windows-amd64-cygwin\jdk8u111\7883\hotspot\src\share\vm\classfile\systemDictionary.cpp, line 210]
Event: 6.126 Thread 0x0000000058953800 Exception <a 'sun/nio/fs/WindowsException'> (0x00000000d694f5c8) thrown at [C:\re\workspace\8-2-build-windows-amd64-cygwin\jdk8u111\7883\hotspot\src\share\vm\prims\jni.cpp, line 709]
Event: 6.133 Thread 0x000000005d168800 Exception <a 'java/lang/ClassNotFoundException': sun/net/www/protocol/about/Handler> (0x00000000d6665fb0) thrown at [C:\re\workspace\8-2-build-windows-amd64-cygwin\jdk8u111\7883\hotspot\src\share\vm\classfile\systemDictionary.cpp, line 210]
Event: 6.159 Thread 0x0000000058952800 Implicit null exception at 0x0000000002ea8b16 to 0x0000000002ea8c06
Event: 6.159 Thread 0x0000000058952800 Exception <a 'java/lang/NullPointerException'> (0x00000000d6d446e0) thrown at [C:\re\workspace\8-2-build-windows-amd64-cygwin\jdk8u111\7883\hotspot\src\share\vm\runtime\sharedRuntime.cpp, line 605]
Event: 6.200 Thread 0x0000000058954000 Implicit null exception at 0x0000000002ea8b16 to 0x0000000002ea8c06
Event: 6.200 Thread 0x0000000058954000 Exception <a 'java/lang/NullPointerException'> (0x00000000d71bc1a8) thrown at [C:\re\workspace\8-2-build-windows-amd64-cygwin\jdk8u111\7883\hotspot\src\share\vm\runtime\sharedRuntime.cpp, line 605]
Event: 9.666 Thread 0x000000005889a000 Exception <a 'java/lang/ClassNotFoundException': sun/net/www/protocol/data/Handler> (0x00000000d9b89ad8) thrown at [C:\re\workspace\8-2-build-windows-amd64-cygwin\jdk8u111\7883\hotspot\src\share\vm\classfile\systemDictionary.cpp, line 210]
Event: 9.668 Thread 0x000000005889a000 Exception <a 'java/lang/ClassNotFoundException': sun/net/www/protocol/data/Handler> (0x00000000d9b8e2b0) thrown at [C:\re\workspace\8-2-build-windows-amd64-cygwin\jdk8u111\7883\hotspot\src\share\vm\classfile\systemDictionary.cpp, line 210]
Event: 14.017 Thread 0x0000000058957000 Exception <a 'java/lang/IllegalStateException'> (0x00000000deda1718) thrown at [C:\re\workspace\8-2-build-windows-amd64-cygwin\jdk8u111\7883\hotspot\src\share\vm\prims\jvm.cpp, line 1390]

Events (10 events):
Event: 14.024 Thread 0x0000000058959800 Thread added: 0x0000000058959800
Event: 14.042 loading class java/util/concurrent/RejectedExecutionException
Event: 14.042 loading class java/util/concurrent/RejectedExecutionException done
Event: 14.042 Thread 0x000000005d168800 Uncommon trap: trap_request=0xffffff65 fr.pc=0x00000000030f2808
Event: 14.042 Thread 0x000000005d168800 DEOPT PACKING pc=0x00000000030f2808 sp=0x0000000060419540
Event: 14.042 Thread 0x000000005d168800 DEOPT UNPACKING pc=0x000000000277582a sp=0x00000000604193d0 mode 2
Event: 14.043 loading class java/lang/Throwable$WrappedPrintStream
Event: 14.043 loading class java/lang/Throwable$PrintStreamOrWriter
Event: 14.043 loading class java/lang/Throwable$PrintStreamOrWriter done
Event: 14.043 loading class java/lang/Throwable$WrappedPrintStream done


Dynamic libraries:
0x000000013fb20000 - 0x000000013fb57000 	C:\Program Files\Java\jre1.8.0_111\bin\javaw.exe
0x0000000077ad0000 - 0x0000000077c7a000 	C:\Windows\SYSTEM32\ntdll.dll
0x00000000779b0000 - 0x0000000077acf000 	C:\Windows\system32\kernel32.dll
0x000007fefdb30000 - 0x000007fefdb9a000 	C:\Windows\system32\KERNELBASE.dll
0x000007fefea00000 - 0x000007fefeadb000 	C:\Windows\system32\ADVAPI32.dll
0x000007fefe750000 - 0x000007fefe7ef000 	C:\Windows\system32\msvcrt.dll
0x000007fefeb60000 - 0x000007fefeb7f000 	C:\Windows\SYSTEM32\sechost.dll
0x000007fefdbf0000 - 0x000007fefdd1d000 	C:\Windows\system32\RPCRT4.dll
0x00000000778b0000 - 0x00000000779aa000 	C:\Windows\system32\USER32.dll
0x000007fefe6e0000 - 0x000007fefe747000 	C:\Windows\system32\GDI32.dll
0x000007fefdbe0000 - 0x000007fefdbee000 	C:\Windows\system32\LPK.dll
0x000007fefe610000 - 0x000007fefe6da000 	C:\Windows\system32\USP10.dll
0x000007fefad70000 - 0x000007fefaf64000 	C:\Windows\WinSxS\amd64_microsoft.windows.common-controls_6595b64144ccf1df_6.0.7601.18837_none_fa3b1e3d17594757\COMCTL32.dll
0x000007fefeae0000 - 0x000007fefeb51000 	C:\Windows\system32\SHLWAPI.dll
0x000007fefe590000 - 0x000007fefe5be000 	C:\Windows\system32\IMM32.DLL
0x000007fefee60000 - 0x000007fefef69000 	C:\Windows\system32\MSCTF.dll
0x000000006b6b0000 - 0x000000006b782000 	C:\Program Files\Java\jre1.8.0_111\bin\msvcr100.dll
0x00000000652c0000 - 0x0000000065b5a000 	C:\Program Files\Java\jre1.8.0_111\bin\server\jvm.dll
0x000007fef6660000 - 0x000007fef6669000 	C:\Windows\system32\WSOCK32.dll
0x000007fefe5c0000 - 0x000007fefe60d000 	C:\Windows\system32\WS2_32.dll
0x000007fefee50000 - 0x000007fefee58000 	C:\Windows\system32\NSI.dll
0x000007fef7aa0000 - 0x000007fef7adb000 	C:\Windows\system32\WINMM.dll
0x000007fefc8a0000 - 0x000007fefc8ac000 	C:\Windows\system32\VERSION.dll
0x0000000077c90000 - 0x0000000077c97000 	C:\Windows\system32\PSAPI.DLL
0x0000000070a20000 - 0x0000000070a2f000 	C:\Program Files\Java\jre1.8.0_111\bin\verify.dll
0x000000006e880000 - 0x000000006e8a9000 	C:\Program Files\Java\jre1.8.0_111\bin\java.dll
0x000000006e210000 - 0x000000006e226000 	C:\Program Files\Java\jre1.8.0_111\bin\zip.dll
0x000007fefef70000 - 0x000007feffcfa000 	C:\Windows\system32\SHELL32.dll
0x000007fefde20000 - 0x000007fefe023000 	C:\Windows\system32\ole32.dll
0x000007fefd810000 - 0x000007fefd81f000 	C:\Windows\system32\profapi.dll
0x000000006b510000 - 0x000000006b6a8000 	C:\Program Files\Java\jre1.8.0_111\bin\awt.dll
0x000007feffd00000 - 0x000007feffdda000 	C:\Windows\system32\OLEAUT32.dll
0x000007fefa8e0000 - 0x000007fefa8f8000 	C:\Windows\system32\DWMAPI.DLL
0x000007fefacc0000 - 0x000007fefad16000 	C:\Windows\system32\uxtheme.dll
0x0000000180000000 - 0x00000001800d1000 	C:\Windows\softcamp\sds\x64\DSTermPr64.dll
0x000007fee5d60000 - 0x000007fee5d7f000 	C:\Windows\softcamp\sds\x64\DSBlkPrc64.dll
0x000007fee6260000 - 0x000007fee62e4000 	C:\Windows\softcamp\sds\x64\DSEDcon64.DLL
0x000007fefda50000 - 0x000007fefda8b000 	C:\Windows\system32\WINTRUST.dll
0x000007fefd8d0000 - 0x000007fefda3d000 	C:\Windows\system32\CRYPT32.dll
0x000007fefd800000 - 0x000007fefd80f000 	C:\Windows\system32\MSASN1.dll
0x000007fefd640000 - 0x000007fefd697000 	C:\Windows\system32\apphelp.dll
0x000007fef1e90000 - 0x000007fef1f05000 	C:\Windows\system32\IMKR14.IME
0x0000000074680000 - 0x0000000074723000 	C:\Windows\WinSxS\amd64_microsoft.vc90.crt_1fc8b3b9a1e18e3b_9.0.30729.6161_none_08e61857a83bc251\MSVCR90.dll
0x00000000745a0000 - 0x0000000074673000 	C:\Windows\WinSxS\amd64_microsoft.vc90.crt_1fc8b3b9a1e18e3b_9.0.30729.6161_none_08e61857a83bc251\MSVCP90.dll
0x000007fefd6a0000 - 0x000007fefd6af000 	C:\Windows\system32\CRYPTBASE.dll
0x00000000583a0000 - 0x00000000583da000 	C:\Windows\WRMK64.DLL
0x00000000584f0000 - 0x0000000058505000 	C:\Windows\DSCnpPolicyx64.dll
0x000007fee6340000 - 0x000007fee6364000 	C:\Windows\DSIpcAg64.dll
0x000007fee63e0000 - 0x000007fee63f6000 	C:\Windows\SXTracer64.dll
0x000007fee5dc0000 - 0x000007fee5df4000 	C:\Windows\ExtModuleManager64.dll
0x000007fee5da0000 - 0x000007fee5db4000 	C:\Windows\DSInfo64.dll
0x000007fee5d80000 - 0x000007fee5d9c000 	C:\Windows\DSTransData64.dll
0x000007fefd040000 - 0x000007fefd058000 	C:\Windows\system32\CRYPTSP.dll
0x000007fefcd40000 - 0x000007fefcd87000 	C:\Windows\system32\rsaenh.dll
0x000007fefdba0000 - 0x000007fefdbbe000 	C:\Windows\system32\USERENV.dll
0x000000006e1f0000 - 0x000000006e20a000 	C:\Program Files\Java\jre1.8.0_111\bin\net.dll
0x000007fefcfe0000 - 0x000007fefd035000 	C:\Windows\system32\mswsock.dll
0x000007fefcfd0000 - 0x000007fefcfd7000 	C:\Windows\System32\wship6.dll
0x000007fef9480000 - 0x000007fef94a7000 	C:\Windows\system32\IPHLPAPI.DLL
0x000007fef9470000 - 0x000007fef947b000 	C:\Windows\system32\WINNSI.DLL
0x000007fef9270000 - 0x000007fef9288000 	C:\Windows\system32\dhcpcsvc.DLL
0x000007fef9250000 - 0x000007fef9261000 	C:\Windows\system32\dhcpcsvc6.DLL
0x000000006e1d0000 - 0x000000006e1e1000 	C:\Program Files\Java\jre1.8.0_111\bin\nio.dll
0x000000006e2d0000 - 0x000000006e317000 	C:\Program Files\Java\jre1.8.0_111\bin\fontmanager.dll
0x000000006e320000 - 0x000000006e362000 	C:\Program Files\Java\jre1.8.0_111\bin\t2k.dll
0x000007fef6b80000 - 0x000007fef6bb6000 	C:\Windows\system32\IMGSF50Filter_x64.dll
0x000007fef1d70000 - 0x000007fef1e8d000 	C:\Windows\system32\Opengl32.dll
0x000007fef6b50000 - 0x000007fef6b7d000 	C:\Windows\system32\GLU32.dll
0x000007fef1c70000 - 0x000007fef1d61000 	C:\Windows\system32\DDRAW.dll
0x000007fef6b40000 - 0x000007fef6b48000 	C:\Windows\system32\DCIMAN32.dll
0x000007fefe030000 - 0x000007fefe207000 	C:\Windows\system32\SETUPAPI.dll
0x000007fefdad0000 - 0x000007fefdb06000 	C:\Windows\system32\CFGMGR32.dll
0x000007fefda90000 - 0x000007fefdaaa000 	C:\Windows\system32\DEVOBJ.dll
0x000007fefe210000 - 0x000007fefe2a9000 	C:\Windows\system32\CLBCatQ.DLL
0x000007fefa730000 - 0x000007fefa891000 	C:\Windows\system32\WindowsCodecs.dll
0x000007feef6c0000 - 0x000007feef6ff000 	C:\Users\Administrator\AppData\Local\Microsoft\SkyDrive\17.0.4035.0328\amd64\SkyDriveShell64.dll
0x000007feeebd0000 - 0x000007feeec77000 	C:\Users\Administrator\AppData\Local\Microsoft\SkyDrive\17.0.4035.0328\amd64\MSVCP110.dll
0x000007feeeae0000 - 0x000007feeebae000 	C:\Users\Administrator\AppData\Local\Microsoft\SkyDrive\17.0.4035.0328\amd64\MSVCR110.dll
0x000000005e850000 - 0x000000005eb22000 	C:\Windows\system32\WININET.dll
0x000007fefdb20000 - 0x000007fefdb24000 	C:\Windows\system32\api-ms-win-downlevel-user32-l1-1-0.dll
0x000007fefda40000 - 0x000007fefda44000 	C:\Windows\system32\api-ms-win-downlevel-shlwapi-l1-1-0.dll
0x000007fefdab0000 - 0x000007fefdab4000 	C:\Windows\system32\api-ms-win-downlevel-version-l1-1-0.dll
0x000007fefd8c0000 - 0x000007fefd8c3000 	C:\Windows\system32\api-ms-win-downlevel-normaliz-l1-1-0.dll
0x0000000077ca0000 - 0x0000000077ca3000 	C:\Windows\system32\normaliz.DLL
0x000007fefeb80000 - 0x000007fefee4a000 	C:\Windows\system32\iertutil.dll
0x000007fefdb10000 - 0x000007fefdb15000 	C:\Windows\system32\api-ms-win-downlevel-advapi32-l1-1-0.dll
0x000007feed900000 - 0x000007feed935000 	C:\Windows\system32\EhStorShell.dll
0x000007fefbed0000 - 0x000007fefbffc000 	C:\Windows\system32\PROPSYS.dll
0x000007feed290000 - 0x000007feed8ff000 	C:\PROGRA~1\MICROS~2\Office14\GROOVEEX.DLL
0x00000000711c0000 - 0x00000000711ef000 	C:\Windows\WinSxS\amd64_microsoft.vc90.atl_1fc8b3b9a1e18e3b_9.0.30729.6161_none_0a1fd3a3a768b895\ATL90.DLL
0x000007feee670000 - 0x000007feeea8a000 	C:\PROGRA~1\COMMON~1\MICROS~1\OFFICE14\Cultures\office.odf
0x000007feedde0000 - 0x000007feee607000 	C:\PROGRA~1\MICROS~2\Office14\1042\GrooveIntlResource.dll
0x000007feedd60000 - 0x000007feeddde000 	C:\Windows\System32\cscui.dll
0x000007fef1f10000 - 0x000007fef1f1c000 	C:\Windows\System32\CSCDLL.dll
0x000007fef70f0000 - 0x000007fef70ff000 	C:\Windows\system32\CSCAPI.dll
0x000007fee9fc0000 - 0x000007feea040000 	C:\Windows\system32\ntshrui.dll
0x000007fefd2e0000 - 0x000007fefd303000 	C:\Windows\system32\srvcli.dll
0x000007fef9d00000 - 0x000007fef9d0b000 	C:\Windows\system32\slc.dll
0x000007fee9790000 - 0x000007fee97c2000 	C:\PROGRA~1\COMMON~1\MICROS~1\IME14\IMEKR\IMKRAPI.DLL
0x000007fee9750000 - 0x000007fee9788000 	C:\Program Files\Common Files\Microsoft Shared\IME14\SHARED\IMJKAPI.DLL
0x000007fefb300000 - 0x000007fefb3ef000 	C:\Program Files\Java\jre1.8.0_111\bin\msvcr120.dll
0x000007fee7050000 - 0x000007fee70f6000 	C:\Program Files\Java\jre1.8.0_111\bin\msvcp120.dll
0x000000006e240000 - 0x000000006e262000 	C:\Program Files\Java\jre1.8.0_111\bin\prism_d3d.dll
0x000007fee1890000 - 0x000007fee1a8f000 	C:\Windows\system32\d3d9.dll
0x000007fefbdf0000 - 0x000007fefbdf7000 	C:\Windows\system32\d3d8thk.dll
0x000000006dd40000 - 0x000000006dd83000 	C:\Program Files\Java\jre1.8.0_111\bin\glass.dll
0x000007fefdd80000 - 0x000007fefde17000 	C:\Windows\system32\COMDLG32.dll
0x0000000061f40000 - 0x00000000644d1000 	C:\Program Files\Java\jre1.8.0_111\bin\jfxwebkit.dll
0x000000006e280000 - 0x000000006e294000 	C:\Program Files\Java\jre1.8.0_111\bin\javafx_font.dll
0x000007fee6d00000 - 0x000007fee6e97000 	C:\Windows\system32\dwrite.dll
0x000007fefc970000 - 0x000007fefc977000 	C:\Windows\System32\wshtcpip.dll
0x000007fefce60000 - 0x000007fefcebb000 	C:\Windows\system32\DNSAPI.dll
0x000007fef50c0000 - 0x000007fef50ef000 	C:\Program Files\Common Files\Microsoft Shared\Windows Live\WLIDNSP.DLL
0x000000005a300000 - 0x000000005a309000 	C:\Program Files\National Instruments\Shared\mDNS Responder\nimdnsNSP.dll
0x000000005a320000 - 0x000000005a32e000 	C:\Windows\system32\nimdnsResponder.dll
0x000007fef50b0000 - 0x000007fef50b8000 	C:\Windows\system32\rasadhlp.dll
0x000007fef92f0000 - 0x000007fef9343000 	C:\Windows\System32\fwpuclnt.dll
0x000000006f830000 - 0x000000006f854000 	C:\Program Files\Java\jre1.8.0_111\bin\sunec.dll
0x0000000070a30000 - 0x0000000070a3b000 	C:\Program Files\Java\jre1.8.0_111\bin\sunmscapi.dll
0x000000006e050000 - 0x000000006e061000 	C:\Program Files\Java\jre1.8.0_111\bin\prism_common.dll
0x0000000065110000 - 0x0000000065133000 	C:\Program Files\Java\jre1.8.0_111\bin\javafx_iio.dll
0x000000005cd50000 - 0x000000005cdc3000 	C:\Program Files\Java\jre1.8.0_111\bin\glib-lite.dll
0x0000000065160000 - 0x00000000651fc000 	C:\Program Files\Java\jre1.8.0_111\bin\gstreamer-lite.dll
0x000007fef2f80000 - 0x000007fef3008000 	C:\Windows\system32\DSOUND.dll
0x000007fefc150000 - 0x000007fefc17c000 	C:\Windows\system32\POWRPROF.dll
0x000000005cdd0000 - 0x000000005cdf5000 	C:\Program Files\Java\jre1.8.0_111\bin\jfxmedia.dll
0x000007fefd610000 - 0x000007fefd635000 	C:\Windows\system32\SspiCli.dll
0x0000000071030000 - 0x0000000071061000 	C:\Program Files\Java\jre1.8.0_111\bin\fxplugins.dll

VM Arguments:
jvm_args: -Dfile.encoding=MS949 
java_command: hjya1989.newsanalyzer.NewsAnaMain
java_class_path (initial): C:\eclipse\git\NewsAnalyzer\NewsAnalyzer\bin;C:\eclipse\git\NewsAnalyzer\NewsAnalyzer\miglayout15-swing.jar;C:\eclipse\git\NewsAnalyzer\NewsAnalyzer\DateChooser.jar;C:\Program Files\Java\jdk1.8.0_111\jre\lib\ext\jfxrt.jar
Launcher Type: SUN_STANDARD

Environment Variables:
PATH=C:/Program Files/Java/jre1.8.0_111/bin/server;C:/Program Files/Java/jre1.8.0_111/bin;C:/Program Files/Java/jre1.8.0_111/lib/amd64;C:\ProgramData\Oracle\Java\javapath;C:\Program Files\Common Files\Microsoft Shared\Windows Live;C:\Program Files (x86)\Common Files\Microsoft Shared\Windows Live;C:\Program Files (x86)\Intel\iCLS Client\;C:\Program Files\Intel\iCLS Client\;C:\Windows\system32;C:\Windows;C:\Windows\System32\Wbem;C:\Windows\System32\WindowsPowerShell\v1.0\;C:\Program Files (x86)\Intel\Intel(R) Management Engine Components\DAL;C:\Program Files\Intel\Intel(R) Management Engine Components\DAL;C:\Program Files (x86)\Intel\Intel(R) Management Engine Components\IPT;C:\Program Files\Intel\Intel(R) Management Engine Components\IPT;C:\Program Files\Intel\WiFi\bin\;C:\Program Files\Common Files\Intel\WirelessCommon\;C:\Program Files (x86)\Windows Live\Shared;C:\Program Files (x86)\IVI Foundation\VISA\WinNT\Bin\;C:\Program Files\IVI Foundation\VISA\Win64\Bin\;C:\Program Files (x86)\IVI Foundation\VISA\WinNT\Bin;C:\Windows\Softcamp\SDS;C:\Windows\Softcamp\SDS\x64;C:\Windows\Softcamp\SDK;C:\Program Files\Intel\WiFi\bin\;C:\Program Files\Common Files\Intel\WirelessCommon\;C:\Windows\system32;
USERNAME=Administrator
OS=Windows_NT
PROCESSOR_IDENTIFIER=Intel64 Family 6 Model 78 Stepping 3, GenuineIntel



---------------  S Y S T E M  ---------------

OS: Windows 7 , 64 bit Build 7601 (6.1.7601.23572)

CPU:total 4 (2 cores per cpu, 2 threads per core) family 6 model 78 stepping 3, cmov, cx8, fxsr, mmx, sse, sse2, sse3, ssse3, sse4.1, sse4.2, popcnt, avx, avx2, aes, clmul, erms, 3dnowpref, lzcnt, ht, tsc, tscinvbit, bmi1, bmi2, adx

Memory: 4k page, physical 8248996k(2575176k free), swap 8247136k(2202796k free)

vm_info: Java HotSpot(TM) 64-Bit Server VM (25.111-b14) for windows-amd64 JRE (1.8.0_111-b14), built on Sep 22 2016 19:24:05 by "java_re" with MS VC++ 10.0 (VS2010)

time: Fri Jan 13 22:58:18 2017
elapsed time: 14 seconds (0d 0h 0m 14s)

