#
# A fatal error has been detected by the Java Runtime Environment:
#
#  EXCEPTION_ACCESS_VIOLATION (0xc0000005) at pc=0x000000006285ab69, pid=11056, tid=0x0000000000002870
#
# JRE version: Java(TM) SE Runtime Environment (8.0_111-b14) (build 1.8.0_111-b14)
# Java VM: Java HotSpot(TM) 64-Bit Server VM (25.111-b14 mixed mode windows-amd64 compressed oops)
# Problematic frame:
# C  [jfxwebkit.dll+0xb7ab69]
#
# Failed to write core dump. Minidumps are not enabled by default on client versions of Windows
#
# If you would like to submit a bug report, please visit:
#   http://bugreport.java.com/bugreport/crash.jsp
# The crash happened outside the Java Virtual Machine in native code.
# See problematic frame for where to report the bug.
#

---------------  T H R E A D  ---------------

Current thread (0x00000000588c1000):  JavaThread "JavaFX Application Thread" [_thread_in_native, id=10352, stack(0x000000005ff40000,0x0000000060040000)]

siginfo: ExceptionCode=0xc0000005, writing address 0x00000000bbadbeef

Registers:
RAX=0x0000000000000000, RBX=0x0000000000000000, RCX=0x010528446e5b0000, RDX=0x0000000000000002
RSP=0x0000000060039b30, RBP=0x0000000060039c00, RSI=0x0000000000000000, RDI=0x0000000072ec2ed0
R8 =0x0000000060039630, R9 =0x000007fef3690000, R10=0x0000000000000000, R11=0x0000000000000200
R12=0x0000000000000000, R13=0x0000000074c62ec0, R14=0x0000000000016414, R15=0x0000000072ec2ed0
RIP=0x000000006285ab69, EFLAGS=0x0000000000010246

Top of Stack: (sp=0x0000000060039b30)
0x0000000060039b30:   0000000000000003 0000000000016414
0x0000000060039b40:   0000000000000002 0000000000000010
0x0000000060039b50:   0000000072ec2ed0 000000006283b9d9
0x0000000060039b60:   0000000000016414 0000000000000000
0x0000000060039b70:   0000000060039c48 0000000064140a10
0x0000000060039b80:   0000000000016414 0000000062597382
0x0000000060039b90:   0000000072ec2ed0 0000000060039d30
0x0000000060039ba0:   0000000000000000 000007fee652cfb4
0x0000000060039bb0:   0000000060039c90 0000000000000000
0x0000000060039bc0:   0000000064140a10 0000000072e7d6b8
0x0000000060039bd0:   0000000000000000 fffffffffffffffe
0x0000000060039be0:   0000000000016414 0000000072e7d6b8
0x0000000060039bf0:   0000000060039c90 0000000000000000
0x0000000060039c00:   0000000072ec2ed0 0000000060039d30
0x0000000060039c10:   0000000000000000 0000000000000000
0x0000000060039c20:   0000000072e7d6b0 0000000072e7d6b0 

Instructions: (pc=0x000000006285ab69)
0x000000006285ab49:   c3 48 83 c4 30 5b c3 48 83 ec 28 48 8b 05 15 8a
0x000000006285ab59:   8e 01 48 85 c0 74 02 ff d0 e8 a9 07 00 00 33 c0
0x000000006285ab69:   a3 ef be ad bb 00 00 00 00 48 83 c4 28 48 ff e0
0x000000006285ab79:   cc cc cc cc cc cc cc 48 83 ec 28 48 8b 05 e5 89 


Register to memory mapping:

RAX=0x0000000000000000 is an unknown value
RBX=0x0000000000000000 is an unknown value
RCX=0x010528446e5b0000 is an unknown value
RDX=0x0000000000000002 is an unknown value
RSP=0x0000000060039b30 is pointing into the stack for thread: 0x00000000588c1000
RBP=0x0000000060039c00 is pointing into the stack for thread: 0x00000000588c1000
RSI=0x0000000000000000 is an unknown value
RDI=0x0000000072ec2ed0 is an unknown value
R8 =0x0000000060039630 is pointing into the stack for thread: 0x00000000588c1000
R9 =0x000007fef3690000 is an unknown value
R10=0x0000000000000000 is an unknown value
R11=0x0000000000000200 is an unknown value
R12=0x0000000000000000 is an unknown value
R13=0x0000000074c62ec0 is an unknown value
R14=0x0000000000016414 is an unknown value
R15=0x0000000072ec2ed0 is an unknown value


Stack: [0x000000005ff40000,0x0000000060040000],  sp=0x0000000060039b30,  free space=998k
Native frames: (J=compiled Java code, j=interpreted, Vv=VM code, C=native code)
C  [jfxwebkit.dll+0xb7ab69]

Java frames: (J=compiled Java code, j=interpreted, Vv=VM code)
j  com.sun.webkit.Timer.twkFireTimerEvent()V+0
j  com.sun.webkit.Timer.fireTimerEvent(J)V+45
j  com.sun.webkit.Timer.notifyTick()V+25
J 4919 C1 javafx.scene.web.WebEngine$PulseTimer$$Lambda$90.pulse()V (4 bytes) @ 0x00000000033564a4 [0x0000000003356340+0x164]
J 2604 C1 com.sun.javafx.tk.Toolkit$$Lambda$158.run()Ljava/lang/Object; (8 bytes) @ 0x0000000002e08544 [0x0000000002e08400+0x144]
v  ~StubRoutines::call_stub
J 1273  java.security.AccessController.doPrivileged(Ljava/security/PrivilegedAction;Ljava/security/AccessControlContext;)Ljava/lang/Object; (0 bytes) @ 0x0000000002a74826 [0x0000000002a747c0+0x66]
J 2554 C1 com.sun.javafx.tk.Toolkit.runPulse(Lcom/sun/javafx/tk/TKPulseListener;Ljava/security/AccessControlContext;)V (26 bytes) @ 0x0000000002dea08c [0x0000000002de9c20+0x46c]
j  com.sun.javafx.tk.Toolkit.firePulse()V+191
j  com.sun.javafx.tk.quantum.QuantumToolkit.pulse(Z)V+97
j  com.sun.javafx.tk.quantum.QuantumToolkit.pulse()V+2
j  com.sun.javafx.tk.quantum.QuantumToolkit.lambda$runToolkit$404()V+1
j  com.sun.javafx.tk.quantum.QuantumToolkit$$Lambda$59.run()V+4
J 4166 C1 com.sun.glass.ui.InvokeLaterDispatcher$Future.run()V (91 bytes) @ 0x000000000273094c [0x0000000002730840+0x10c]
v  ~StubRoutines::call_stub
j  com.sun.glass.ui.win.WinApplication._runLoop(Ljava/lang/Runnable;)V+0
j  com.sun.glass.ui.win.WinApplication.lambda$null$148(ILjava/lang/Runnable;)V+8
j  com.sun.glass.ui.win.WinApplication$$Lambda$55.run()V+12
j  java.lang.Thread.run()V+11
v  ~StubRoutines::call_stub

---------------  P R O C E S S  ---------------

Java Threads: ( => current thread )
  0x000000005d1c0000 JavaThread "Media Resource Disposer" daemon [_thread_blocked, id=3692, stack(0x0000000078630000,0x0000000078730000)]
  0x000000005d96e000 JavaThread "JFXMedia Player EventQueueThread" daemon [_thread_blocked, id=10308, stack(0x0000000075b30000,0x0000000075c30000)]
  0x000000005d1bd800 JavaThread "Prism Font Disposer" daemon [_thread_blocked, id=9948, stack(0x000000006d2f0000,0x000000006d3f0000)]
  0x000000005d1bd000 JavaThread "URL-Loader-20" daemon [_thread_blocked, id=1376, stack(0x0000000069530000,0x0000000069630000)]
  0x000000005d1bc000 JavaThread "URL-Loader-19" daemon [_thread_blocked, id=7404, stack(0x0000000069300000,0x0000000069400000)]
  0x000000005d1bb800 JavaThread "URL-Loader-18" daemon [_thread_blocked, id=2772, stack(0x0000000069150000,0x0000000069250000)]
  0x000000005d1ba800 JavaThread "URL-Loader-17" daemon [_thread_blocked, id=10008, stack(0x0000000068ef0000,0x0000000068ff0000)]
  0x000000005d1ba000 JavaThread "URL-Loader-16" daemon [_thread_blocked, id=10440, stack(0x0000000068d90000,0x0000000068e90000)]
  0x000000005d1b9000 JavaThread "URL-Loader-15" daemon [_thread_blocked, id=10084, stack(0x0000000068c90000,0x0000000068d90000)]
  0x0000000058a2c800 JavaThread "URL-Loader-14" daemon [_thread_blocked, id=6632, stack(0x0000000068b10000,0x0000000068c10000)]
  0x0000000058a2c000 JavaThread "URL-Loader-13" daemon [_thread_blocked, id=9164, stack(0x0000000067e10000,0x0000000067f10000)]
  0x0000000058a2b000 JavaThread "URL-Loader-12" daemon [_thread_blocked, id=3972, stack(0x0000000068890000,0x0000000068990000)]
  0x0000000058a2a800 JavaThread "URL-Loader-11" daemon [_thread_blocked, id=10332, stack(0x00000000689b0000,0x0000000068ab0000)]
  0x0000000058a29800 JavaThread "URL-Loader-10" daemon [_thread_blocked, id=2996, stack(0x0000000067f90000,0x0000000068090000)]
  0x0000000058a29000 JavaThread "URL-Loader-9" daemon [_thread_blocked, id=4312, stack(0x0000000067c10000,0x0000000067d10000)]
  0x0000000058a27800 JavaThread "URL-Loader-8" daemon [_thread_blocked, id=10620, stack(0x0000000067d10000,0x0000000067e10000)]
  0x0000000058a28000 JavaThread "URL-Loader-7" daemon [_thread_blocked, id=10040, stack(0x0000000065b60000,0x0000000065c60000)]
  0x0000000058a26800 JavaThread "URL-Loader-6" daemon [_thread_blocked, id=9596, stack(0x0000000067690000,0x0000000067790000)]
  0x0000000058a26000 JavaThread "URL-Loader-5" daemon [_thread_blocked, id=11164, stack(0x0000000066e10000,0x0000000066f10000)]
  0x0000000058a25000 JavaThread "URL-Loader-4" daemon [_thread_blocked, id=3908, stack(0x00000000674a0000,0x00000000675a0000)]
  0x0000000058a24800 JavaThread "URL-Loader-3" daemon [_thread_blocked, id=5364, stack(0x0000000067390000,0x0000000067490000)]
  0x0000000058a23800 JavaThread "URL-Loader-2" daemon [_thread_blocked, id=8036, stack(0x0000000065f40000,0x0000000066040000)]
  0x0000000058a22000 JavaThread "Watchdog-Timer-1" daemon [_thread_blocked, id=9748, stack(0x0000000067200000,0x0000000067300000)]
  0x0000000058a21800 JavaThread "Keep-Alive-Timer" daemon [_thread_blocked, id=9628, stack(0x0000000065d60000,0x0000000065e60000)]
  0x0000000058a20000 JavaThread "URL-Loader-1" daemon [_thread_blocked, id=9248, stack(0x0000000064e40000,0x0000000064f40000)]
  0x0000000058a1e800 JavaThread "Disposer" daemon [_thread_blocked, id=10420, stack(0x0000000064b00000,0x0000000064c00000)]
  0x0000000058981000 JavaThread "Thread-6" daemon [_thread_in_native, id=6264, stack(0x0000000061be0000,0x0000000061ce0000)]
  0x000000000240e800 JavaThread "DestroyJavaVM" [_thread_blocked, id=9384, stack(0x0000000002430000,0x0000000002530000)]
=>0x00000000588c1000 JavaThread "JavaFX Application Thread" [_thread_in_native, id=10352, stack(0x000000005ff40000,0x0000000060040000)]
  0x000000005ce0d000 JavaThread "Thread-5" daemon [_thread_blocked, id=1504, stack(0x000000005fdf0000,0x000000005fef0000)]
  0x0000000059adf800 JavaThread "QuantumRenderer-0" daemon [_thread_blocked, id=9696, stack(0x000000005f590000,0x000000005f690000)]
  0x0000000059bdb000 JavaThread "TimerQueue" daemon [_thread_blocked, id=10700, stack(0x000000005f360000,0x000000005f460000)]
  0x000000005d424800 JavaThread "Thread-3" [_thread_blocked, id=2056, stack(0x000000005f140000,0x000000005f240000)]
  0x0000000059d4f000 JavaThread "AWT-EventQueue-0" [_thread_blocked, id=10144, stack(0x0000000059fe0000,0x000000005a0e0000)]
  0x0000000059ad0800 JavaThread "AWT-Shutdown" [_thread_blocked, id=9352, stack(0x000000005dbc0000,0x000000005dcc0000)]
  0x0000000059602800 JavaThread "AWT-Windows" daemon [_thread_in_native, id=1416, stack(0x000000005a180000,0x000000005a280000)]
  0x0000000059601000 JavaThread "Java2D Disposer" daemon [_thread_blocked, id=4024, stack(0x0000000059de0000,0x0000000059ee0000)]
  0x00000000587b5000 JavaThread "Service Thread" daemon [_thread_blocked, id=744, stack(0x0000000059450000,0x0000000059550000)]
  0x0000000058757800 JavaThread "C1 CompilerThread2" daemon [_thread_blocked, id=3888, stack(0x0000000059350000,0x0000000059450000)]
  0x000000005873a800 JavaThread "C2 CompilerThread1" daemon [_thread_blocked, id=8660, stack(0x00000000590d0000,0x00000000591d0000)]
  0x00000000572de800 JavaThread "C2 CompilerThread0" daemon [_thread_blocked, id=8476, stack(0x0000000058f30000,0x0000000059030000)]
  0x00000000572dd000 JavaThread "Attach Listener" daemon [_thread_blocked, id=10752, stack(0x0000000058de0000,0x0000000058ee0000)]
  0x0000000058733800 JavaThread "Signal Dispatcher" daemon [_thread_blocked, id=6452, stack(0x0000000058c70000,0x0000000058d70000)]
  0x00000000572b9000 JavaThread "Finalizer" daemon [_thread_blocked, id=10272, stack(0x0000000058620000,0x0000000058720000)]
  0x0000000057272000 JavaThread "Reference Handler" daemon [_thread_blocked, id=8408, stack(0x00000000584b0000,0x00000000585b0000)]

Other Threads:
  0x000000005726a800 VMThread [stack: 0x00000000582c0000,0x00000000583c0000] [id=2176]
  0x00000000587fe800 WatcherThread [stack: 0x0000000058b50000,0x0000000058c50000] [id=8888]

VM state:not at safepoint (normal execution)

VM Mutex/Monitor currently owned by a thread: None

Heap:
 PSYoungGen      total 204800K, used 31549K [0x00000000d6100000, 0x00000000e4000000, 0x0000000100000000)
  eden space 195072K, 14% used [0x00000000d6100000,0x00000000d7d04a28,0x00000000e1f80000)
  from space 9728K, 29% used [0x00000000e2e00000,0x00000000e30cabc0,0x00000000e3780000)
  to   space 14848K, 0% used [0x00000000e1f80000,0x00000000e1f80000,0x00000000e2e00000)
 ParOldGen       total 61952K, used 26384K [0x0000000082200000, 0x0000000085e80000, 0x00000000d6100000)
  object space 61952K, 42% used [0x0000000082200000,0x0000000083bc4048,0x0000000085e80000)
 Metaspace       used 30883K, capacity 31822K, committed 31872K, reserved 1077248K
  class space    used 3988K, capacity 4182K, committed 4224K, reserved 1048576K

Card table byte_map: [0x00000000119e0000,0x0000000011dd0000] byte_map_base: 0x00000000115cf000

Marking Bits: (ParMarkBitMap*) 0x0000000065ada6c0
 Begin Bits: [0x0000000012600000, 0x0000000014578000)
 End Bits:   [0x0000000014578000, 0x00000000164f0000)

Polling page: 0x0000000000430000

CodeCache: size=245760Kb used=14391Kb max_used=14391Kb free=231369Kb
 bounds [0x0000000002620000, 0x0000000003440000, 0x0000000011620000]
 total_blobs=5390 nmethods=4501 adapters=800
 compilation: enabled

Compilation events (10 events):
Event: 13.435 Thread 0x0000000058757800 5158   !   3       java.awt.LightweightDispatcher::eventDispatched (336 bytes)
Event: 13.438 Thread 0x0000000058757800 nmethod 5158 0x0000000003434290 code [0x0000000003434660, 0x0000000003437678]
Event: 13.438 Thread 0x0000000058757800 5159       3       com.sun.prism.impl.BaseGraphics::scale (28 bytes)
Event: 13.438 Thread 0x0000000058757800 nmethod 5159 0x0000000003438b90 code [0x0000000003438d60, 0x0000000003439108]
Event: 13.449 Thread 0x0000000058757800 5160       3       javafx.scene.Scene::access$2800 (6 bytes)
Event: 13.449 Thread 0x0000000058757800 nmethod 5160 0x0000000003439290 code [0x0000000003439400, 0x0000000003439690]
Event: 13.449 Thread 0x0000000058757800 5161       3       javafx.scene.Scene::access$2502 (6 bytes)
Event: 13.449 Thread 0x0000000058757800 nmethod 5161 0x0000000003428490 code [0x00000000034285e0, 0x0000000003428730]
Event: 13.454 Thread 0x000000005873a800 5162       4       sun.java2d.pipe.Region::isInsideQuickCheck (57 bytes)
Event: 13.456 Thread 0x000000005873a800 nmethod 5162 0x000000000343c490 code [0x000000000343c5e0, 0x000000000343c6b8]

GC Heap History (10 events):
Event: 6.248 GC heap before
{Heap before GC invocations=7 (full 1):
 PSYoungGen      total 57856K, used 56533K [0x00000000d6100000, 0x00000000dda00000, 0x0000000100000000)
  eden space 52736K, 99% used [0x00000000d6100000,0x00000000d9478a90,0x00000000d9480000)
  from space 5120K, 74% used [0x00000000d9480000,0x00000000d983cc40,0x00000000d9980000)
  to   space 10752K, 0% used [0x00000000dcf80000,0x00000000dcf80000,0x00000000dda00000)
 ParOldGen       total 61952K, used 10180K [0x0000000082200000, 0x0000000085e80000, 0x00000000d6100000)
  object space 61952K, 16% used [0x0000000082200000,0x0000000082bf13e8,0x0000000085e80000)
 Metaspace       used 25271K, capacity 26034K, committed 26240K, reserved 1071104K
  class space    used 3480K, capacity 3670K, committed 3712K, reserved 1048576K
Event: 6.251 GC heap after
Heap after GC invocations=7 (full 1):
 PSYoungGen      total 113152K, used 3900K [0x00000000d6100000, 0x00000000dd980000, 0x0000000100000000)
  eden space 102912K, 0% used [0x00000000d6100000,0x00000000d6100000,0x00000000dc580000)
  from space 10240K, 38% used [0x00000000dcf80000,0x00000000dd34f360,0x00000000dd980000)
  to   space 10240K, 0% used [0x00000000dc580000,0x00000000dc580000,0x00000000dcf80000)
 ParOldGen       total 61952K, used 10188K [0x0000000082200000, 0x0000000085e80000, 0x00000000d6100000)
  object space 61952K, 16% used [0x0000000082200000,0x0000000082bf33e8,0x0000000085e80000)
 Metaspace       used 25271K, capacity 26034K, committed 26240K, reserved 1071104K
  class space    used 3480K, capacity 3670K, committed 3712K, reserved 1048576K
}
Event: 6.289 GC heap before
{Heap before GC invocations=8 (full 1):
 PSYoungGen      total 113152K, used 106812K [0x00000000d6100000, 0x00000000dd980000, 0x0000000100000000)
  eden space 102912K, 100% used [0x00000000d6100000,0x00000000dc580000,0x00000000dc580000)
  from space 10240K, 38% used [0x00000000dcf80000,0x00000000dd34f360,0x00000000dd980000)
  to   space 10240K, 0% used [0x00000000dc580000,0x00000000dc580000,0x00000000dcf80000)
 ParOldGen       total 61952K, used 10188K [0x0000000082200000, 0x0000000085e80000, 0x00000000d6100000)
  object space 61952K, 16% used [0x0000000082200000,0x0000000082bf33e8,0x0000000085e80000)
 Metaspace       used 25289K, capacity 26034K, committed 26240K, reserved 1071104K
  class space    used 3482K, capacity 3670K, committed 3712K, reserved 1048576K
Event: 6.292 GC heap after
Heap after GC invocations=8 (full 1):
 PSYoungGen      total 113152K, used 3927K [0x00000000d6100000, 0x00000000e3780000, 0x0000000100000000)
  eden space 102912K, 0% used [0x00000000d6100000,0x00000000d6100000,0x00000000dc580000)
  from space 10240K, 38% used [0x00000000dc580000,0x00000000dc955cc0,0x00000000dcf80000)
  to   space 9728K, 0% used [0x00000000e2e00000,0x00000000e2e00000,0x00000000e3780000)
 ParOldGen       total 61952K, used 10196K [0x0000000082200000, 0x0000000085e80000, 0x00000000d6100000)
  object space 61952K, 16% used [0x0000000082200000,0x0000000082bf53e8,0x0000000085e80000)
 Metaspace       used 25289K, capacity 26034K, committed 26240K, reserved 1071104K
  class space    used 3482K, capacity 3670K, committed 3712K, reserved 1048576K
}
Event: 10.174 GC heap before
{Heap before GC invocations=9 (full 1):
 PSYoungGen      total 113152K, used 106833K [0x00000000d6100000, 0x00000000e3780000, 0x0000000100000000)
  eden space 102912K, 99% used [0x00000000d6100000,0x00000000dc57e870,0x00000000dc580000)
  from space 10240K, 38% used [0x00000000dc580000,0x00000000dc955cc0,0x00000000dcf80000)
  to   space 9728K, 0% used [0x00000000e2e00000,0x00000000e2e00000,0x00000000e3780000)
 ParOldGen       total 61952K, used 10196K [0x0000000082200000, 0x0000000085e80000, 0x00000000d6100000)
  object space 61952K, 16% used [0x0000000082200000,0x0000000082bf53e8,0x0000000085e80000)
 Metaspace       used 29630K, capacity 30504K, committed 30848K, reserved 1075200K
  class space    used 3914K, capacity 4119K, committed 4224K, reserved 1048576K
Event: 10.191 GC heap after
Heap after GC invocations=9 (full 1):
 PSYoungGen      total 204800K, used 9697K [0x00000000d6100000, 0x00000000e4000000, 0x0000000100000000)
  eden space 195072K, 0% used [0x00000000d6100000,0x00000000d6100000,0x00000000e1f80000)
  from space 9728K, 99% used [0x00000000e2e00000,0x00000000e3778750,0x00000000e3780000)
  to   space 14848K, 0% used [0x00000000e1f80000,0x00000000e1f80000,0x00000000e2e00000)
 ParOldGen       total 61952K, used 18387K [0x0000000082200000, 0x0000000085e80000, 0x00000000d6100000)
  object space 61952K, 29% used [0x0000000082200000,0x00000000833f4fc0,0x0000000085e80000)
 Metaspace       used 29630K, capacity 30504K, committed 30848K, reserved 1075200K
  class space    used 3914K, capacity 4119K, committed 4224K, reserved 1048576K
}
Event: 13.017 GC heap before
{Heap before GC invocations=10 (full 1):
 PSYoungGen      total 204800K, used 204769K [0x00000000d6100000, 0x00000000e4000000, 0x0000000100000000)
  eden space 195072K, 100% used [0x00000000d6100000,0x00000000e1f80000,0x00000000e1f80000)
  from space 9728K, 99% used [0x00000000e2e00000,0x00000000e3778750,0x00000000e3780000)
  to   space 14848K, 0% used [0x00000000e1f80000,0x00000000e1f80000,0x00000000e2e00000)
 ParOldGen       total 61952K, used 18387K [0x0000000082200000, 0x0000000085e80000, 0x00000000d6100000)
  object space 61952K, 29% used [0x0000000082200000,0x00000000833f4fc0,0x0000000085e80000)
 Metaspace       used 30712K, capacity 31582K, committed 31872K, reserved 1077248K
  class space    used 3972K, capacity 4168K, committed 4224K, reserved 1048576K
Event: 13.025 GC heap after
Heap after GC invocations=10 (full 1):
 PSYoungGen      total 209920K, used 11133K [0x00000000d6100000, 0x00000000e4000000, 0x0000000100000000)
  eden space 195072K, 0% used [0x00000000d6100000,0x00000000d6100000,0x00000000e1f80000)
  from space 14848K, 74% used [0x00000000e1f80000,0x00000000e2a5f6e8,0x00000000e2e00000)
  to   space 9728K, 0% used [0x00000000e2e00000,0x00000000e2e00000,0x00000000e3780000)
 ParOldGen       total 61952K, used 18395K [0x0000000082200000, 0x0000000085e80000, 0x00000000d6100000)
  object space 61952K, 29% used [0x0000000082200000,0x00000000833f6fc0,0x0000000085e80000)
 Metaspace       used 30712K, capacity 31582K, committed 31872K, reserved 1077248K
  class space    used 3972K, capacity 4168K, committed 4224K, reserved 1048576K
}
Event: 13.251 GC heap before
{Heap before GC invocations=11 (full 1):
 PSYoungGen      total 209920K, used 206205K [0x00000000d6100000, 0x00000000e4000000, 0x0000000100000000)
  eden space 195072K, 100% used [0x00000000d6100000,0x00000000e1f80000,0x00000000e1f80000)
  from space 14848K, 74% used [0x00000000e1f80000,0x00000000e2a5f6e8,0x00000000e2e00000)
  to   space 9728K, 0% used [0x00000000e2e00000,0x00000000e2e00000,0x00000000e3780000)
 ParOldGen       total 61952K, used 18537K [0x0000000082200000, 0x0000000085e80000, 0x00000000d6100000)
  object space 61952K, 29% used [0x0000000082200000,0x000000008341a460,0x0000000085e80000)
 Metaspace       used 30858K, capacity 31822K, committed 31872K, reserved 1077248K
  class space    used 3988K, capacity 4182K, committed 4224K, reserved 1048576K
Event: 13.258 GC heap after
Heap after GC invocations=11 (full 1):
 PSYoungGen      total 204800K, used 2858K [0x00000000d6100000, 0x00000000e4000000, 0x0000000100000000)
  eden space 195072K, 0% used [0x00000000d6100000,0x00000000d6100000,0x00000000e1f80000)
  from space 9728K, 29% used [0x00000000e2e00000,0x00000000e30cabc0,0x00000000e3780000)
  to   space 14848K, 0% used [0x00000000e1f80000,0x00000000e1f80000,0x00000000e2e00000)
 ParOldGen       total 61952K, used 26384K [0x0000000082200000, 0x0000000085e80000, 0x00000000d6100000)
  object space 61952K, 42% used [0x0000000082200000,0x0000000083bc4048,0x0000000085e80000)
 Metaspace       used 30858K, capacity 31822K, committed 31872K, reserved 1077248K
  class space    used 3988K, capacity 4182K, committed 4224K, reserved 1048576K
}

Deoptimization events (10 events):
Event: 10.628 Thread 0x0000000059d4f000 Uncommon trap: reason=unstable_if action=reinterpret pc=0x0000000002f23884 method=javax.swing.tree.DefaultTreeCellRenderer.firePropertyChange(Ljava/lang/String;Ljava/lang/Object;Ljava/lang/Object;)V @ 20
Event: 11.767 Thread 0x0000000059d4f000 Uncommon trap: reason=unstable_if action=reinterpret pc=0x0000000002fd2600 method=sun.font.FileFontStrike.getSlot0GlyphImagePtrs([I[JI)I @ 36
Event: 11.896 Thread 0x00000000588c1000 Uncommon trap: reason=bimorphic action=maybe_recompile pc=0x0000000002b66740 method=java.io.DataInputStream.readShort()S @ 4
Event: 12.003 Thread 0x0000000058a1f000 Uncommon trap: reason=unstable_if action=reinterpret pc=0x0000000002e98c00 method=java.util.Vector.elementAt(I)Ljava/lang/Object; @ 5
Event: 12.474 Thread 0x00000000588c1000 Uncommon trap: reason=unstable_if action=reinterpret pc=0x0000000003075b08 method=com.sun.javafx.iio.png.PNGImageLoader2.decodePalette([BLcom/sun/javafx/iio/ImageMetadata;)Lcom/sun/javafx/iio/ImageFrame; @ 56
Event: 12.889 Thread 0x000000005d1bf000 Uncommon trap: reason=unstable_if action=reinterpret pc=0x000000000320309c method=com.sun.crypto.provider.GaloisCounterMode.increment32([B)V @ 39
Event: 12.891 Thread 0x000000005d1bf000 Uncommon trap: reason=unstable_if action=reinterpret pc=0x00000000027f64e0 method=com.sun.crypto.provider.GaloisCounterMode.increment32([B)V @ 39
Event: 12.891 Thread 0x000000005d1bf000 Uncommon trap: reason=unstable_if action=reinterpret pc=0x0000000002c198d0 method=com.sun.crypto.provider.GaloisCounterMode.increment32([B)V @ 39
Event: 12.892 Thread 0x000000005d1bf000 Uncommon trap: reason=unstable_if action=reinterpret pc=0x00000000027dd1cc method=com.sun.crypto.provider.GaloisCounterMode.increment32([B)V @ 39
Event: 13.276 Thread 0x000000005d1be800 Uncommon trap: reason=unstable_if action=reinterpret pc=0x00000000033bd00c method=java.nio.channels.spi.AbstractInterruptibleChannel.end(Z)V @ 31

Internal exceptions (10 events):
Event: 9.856 Thread 0x0000000059d4f000 Exception <a 'java/lang/NullPointerException'> (0x00000000d7fe6b58) thrown at [C:\re\workspace\8-2-build-windows-amd64-cygwin\jdk8u111\7883\hotspot\src\share\vm\interpreter\linkResolver.cpp, line 1178]
Event: 11.267 Thread 0x0000000058a29800 Exception <a 'java/lang/ClassNotFoundException': sun/net/www/protocol/data/Handler> (0x00000000d621a868) thrown at [C:\re\workspace\8-2-build-windows-amd64-cygwin\jdk8u111\7883\hotspot\src\share\vm\classfile\systemDictionary.cpp, line 210]
Event: 11.268 Thread 0x0000000058a29800 Exception <a 'java/lang/ClassNotFoundException': sun/net/www/protocol/data/Handler> (0x00000000d621f040) thrown at [C:\re\workspace\8-2-build-windows-amd64-cygwin\jdk8u111\7883\hotspot\src\share\vm\classfile\systemDictionary.cpp, line 210]
Event: 12.008 Thread 0x000000005d1bc000 Exception <a 'java/lang/ClassNotFoundException': sun/net/www/protocol/data/Handler> (0x00000000d785dbe0) thrown at [C:\re\workspace\8-2-build-windows-amd64-cygwin\jdk8u111\7883\hotspot\src\share\vm\classfile\systemDictionary.cpp, line 210]
Event: 12.008 Thread 0x000000005d1bc000 Exception <a 'java/lang/ClassNotFoundException': sun/net/www/protocol/data/Handler> (0x00000000d7860f88) thrown at [C:\re\workspace\8-2-build-windows-amd64-cygwin\jdk8u111\7883\hotspot\src\share\vm\classfile\systemDictionary.cpp, line 210]
Event: 12.101 Thread 0x00000000588c1000 Exception <a 'java/lang/ClassNotFoundException': sun/net/www/protocol/about/Handler> (0x00000000d8dbb348) thrown at [C:\re\workspace\8-2-build-windows-amd64-cygwin\jdk8u111\7883\hotspot\src\share\vm\classfile\systemDictionary.cpp, line 210]
Event: 12.113 Thread 0x0000000058a26800 Exception <a 'java/lang/ClassNotFoundException': sun/net/www/protocol/data/Handler> (0x00000000d6180a58) thrown at [C:\re\workspace\8-2-build-windows-amd64-cygwin\jdk8u111\7883\hotspot\src\share\vm\classfile\systemDictionary.cpp, line 210]
Event: 12.114 Thread 0x0000000058a26800 Exception <a 'java/lang/ClassNotFoundException': sun/net/www/protocol/data/Handler> (0x00000000d618c750) thrown at [C:\re\workspace\8-2-build-windows-amd64-cygwin\jdk8u111\7883\hotspot\src\share\vm\classfile\systemDictionary.cpp, line 210]
Event: 12.115 Thread 0x0000000058a1f000 Implicit null exception at 0x0000000002cd3f96 to 0x0000000002cd4086
Event: 12.115 Thread 0x0000000058a1f000 Exception <a 'java/lang/NullPointerException'> (0x00000000d8e0ad30) thrown at [C:\re\workspace\8-2-build-windows-amd64-cygwin\jdk8u111\7883\hotspot\src\share\vm\runtime\sharedRuntime.cpp, line 605]

Events (10 events):
Event: 13.433 Thread 0x000000005d1be800 Thread added: 0x000000005d1be800
Event: 13.433 Thread 0x000000005d1be800 Thread exited: 0x000000005d1be800
Event: 13.433 Thread 0x000000005d1be800 Thread added: 0x000000005d1be800
Event: 13.433 Thread 0x000000005d1be800 Thread exited: 0x000000005d1be800
Event: 13.433 Thread 0x000000005d1be800 Thread added: 0x000000005d1be800
Event: 13.433 Thread 0x000000005d1be800 Thread exited: 0x000000005d1be800
Event: 13.433 Thread 0x000000005d1be800 Thread added: 0x000000005d1be800
Event: 13.433 Thread 0x000000005d1be800 Thread exited: 0x000000005d1be800
Event: 13.433 Thread 0x000000005d1be800 Thread added: 0x000000005d1be800
Event: 13.433 Thread 0x000000005d1be800 Thread exited: 0x000000005d1be800


Dynamic libraries:
0x000000013fd80000 - 0x000000013fdb7000 	C:\Program Files\Java\jre1.8.0_111\bin\javaw.exe
0x0000000077ad0000 - 0x0000000077c7a000 	C:\Windows\SYSTEM32\ntdll.dll
0x00000000779b0000 - 0x0000000077acf000 	C:\Windows\system32\kernel32.dll
0x000007fefdb30000 - 0x000007fefdb9a000 	C:\Windows\system32\KERNELBASE.dll
0x000007fefea00000 - 0x000007fefeadb000 	C:\Windows\system32\ADVAPI32.dll
0x000007fefe750000 - 0x000007fefe7ef000 	C:\Windows\system32\msvcrt.dll
0x000007fefeb60000 - 0x000007fefeb7f000 	C:\Windows\SYSTEM32\sechost.dll
0x000007fefdbf0000 - 0x000007fefdd1d000 	C:\Windows\system32\RPCRT4.dll
0x00000000778b0000 - 0x00000000779aa000 	C:\Windows\system32\USER32.dll
0x000007fefe6e0000 - 0x000007fefe747000 	C:\Windows\system32\GDI32.dll
0x000007fefdbe0000 - 0x000007fefdbee000 	C:\Windows\system32\LPK.dll
0x000007fefe610000 - 0x000007fefe6da000 	C:\Windows\system32\USP10.dll
0x000007fefad70000 - 0x000007fefaf64000 	C:\Windows\WinSxS\amd64_microsoft.windows.common-controls_6595b64144ccf1df_6.0.7601.18837_none_fa3b1e3d17594757\COMCTL32.dll
0x000007fefeae0000 - 0x000007fefeb51000 	C:\Windows\system32\SHLWAPI.dll
0x000007fefe590000 - 0x000007fefe5be000 	C:\Windows\system32\IMM32.DLL
0x000007fefee60000 - 0x000007fefef69000 	C:\Windows\system32\MSCTF.dll
0x000000006e230000 - 0x000000006e302000 	C:\Program Files\Java\jre1.8.0_111\bin\msvcr100.dll
0x00000000652c0000 - 0x0000000065b5a000 	C:\Program Files\Java\jre1.8.0_111\bin\server\jvm.dll
0x000007fef6660000 - 0x000007fef6669000 	C:\Windows\system32\WSOCK32.dll
0x000007fefe5c0000 - 0x000007fefe60d000 	C:\Windows\system32\WS2_32.dll
0x000007fefee50000 - 0x000007fefee58000 	C:\Windows\system32\NSI.dll
0x000007fef7aa0000 - 0x000007fef7adb000 	C:\Windows\system32\WINMM.dll
0x000007fefc8a0000 - 0x000007fefc8ac000 	C:\Windows\system32\VERSION.dll
0x0000000077c90000 - 0x0000000077c97000 	C:\Windows\system32\PSAPI.DLL
0x0000000070a20000 - 0x0000000070a2f000 	C:\Program Files\Java\jre1.8.0_111\bin\verify.dll
0x000000006e880000 - 0x000000006e8a9000 	C:\Program Files\Java\jre1.8.0_111\bin\java.dll
0x000000006e210000 - 0x000000006e226000 	C:\Program Files\Java\jre1.8.0_111\bin\zip.dll
0x000007fefef70000 - 0x000007feffcfa000 	C:\Windows\system32\SHELL32.dll
0x000007fefde20000 - 0x000007fefe023000 	C:\Windows\system32\ole32.dll
0x000007fefd810000 - 0x000007fefd81f000 	C:\Windows\system32\profapi.dll
0x0000000061060000 - 0x00000000611f8000 	C:\Program Files\Java\jre1.8.0_111\bin\awt.dll
0x000007feffd00000 - 0x000007feffdda000 	C:\Windows\system32\OLEAUT32.dll
0x000007fefa8e0000 - 0x000007fefa8f8000 	C:\Windows\system32\DWMAPI.DLL
0x000007fefacc0000 - 0x000007fefad16000 	C:\Windows\system32\uxtheme.dll
0x0000000180000000 - 0x00000001800d1000 	C:\Windows\softcamp\sds\x64\DSTermPr64.dll
0x000007fee5d60000 - 0x000007fee5d7f000 	C:\Windows\softcamp\sds\x64\DSBlkPrc64.dll
0x000007fee6260000 - 0x000007fee62e4000 	C:\Windows\softcamp\sds\x64\DSEDcon64.DLL
0x000007fefda50000 - 0x000007fefda8b000 	C:\Windows\system32\WINTRUST.dll
0x000007fefd8d0000 - 0x000007fefda3d000 	C:\Windows\system32\CRYPT32.dll
0x000007fefd800000 - 0x000007fefd80f000 	C:\Windows\system32\MSASN1.dll
0x000007fefd640000 - 0x000007fefd697000 	C:\Windows\system32\apphelp.dll
0x000007fef1e90000 - 0x000007fef1f05000 	C:\Windows\system32\IMKR14.IME
0x0000000074680000 - 0x0000000074723000 	C:\Windows\WinSxS\amd64_microsoft.vc90.crt_1fc8b3b9a1e18e3b_9.0.30729.6161_none_08e61857a83bc251\MSVCR90.dll
0x00000000745a0000 - 0x0000000074673000 	C:\Windows\WinSxS\amd64_microsoft.vc90.crt_1fc8b3b9a1e18e3b_9.0.30729.6161_none_08e61857a83bc251\MSVCP90.dll
0x000007fefd6a0000 - 0x000007fefd6af000 	C:\Windows\system32\CRYPTBASE.dll
0x00000000585b0000 - 0x00000000585ea000 	C:\Windows\WRMK64.DLL
0x00000000585f0000 - 0x0000000058605000 	C:\Windows\DSCnpPolicyx64.dll
0x000007fee6340000 - 0x000007fee6364000 	C:\Windows\DSIpcAg64.dll
0x000007fee63e0000 - 0x000007fee63f6000 	C:\Windows\SXTracer64.dll
0x000007fee5dc0000 - 0x000007fee5df4000 	C:\Windows\ExtModuleManager64.dll
0x000007fee5da0000 - 0x000007fee5db4000 	C:\Windows\DSInfo64.dll
0x000007fee5d80000 - 0x000007fee5d9c000 	C:\Windows\DSTransData64.dll
0x000007fefd040000 - 0x000007fefd058000 	C:\Windows\system32\CRYPTSP.dll
0x000007fefcd40000 - 0x000007fefcd87000 	C:\Windows\system32\rsaenh.dll
0x000007fefdba0000 - 0x000007fefdbbe000 	C:\Windows\system32\USERENV.dll
0x000000006e1f0000 - 0x000000006e20a000 	C:\Program Files\Java\jre1.8.0_111\bin\net.dll
0x000007fefcfe0000 - 0x000007fefd035000 	C:\Windows\system32\mswsock.dll
0x000007fefcfd0000 - 0x000007fefcfd7000 	C:\Windows\System32\wship6.dll
0x000007fef9480000 - 0x000007fef94a7000 	C:\Windows\system32\IPHLPAPI.DLL
0x000007fef9470000 - 0x000007fef947b000 	C:\Windows\system32\WINNSI.DLL
0x000007fef9270000 - 0x000007fef9288000 	C:\Windows\system32\dhcpcsvc.DLL
0x000007fef9250000 - 0x000007fef9261000 	C:\Windows\system32\dhcpcsvc6.DLL
0x000000006e1d0000 - 0x000000006e1e1000 	C:\Program Files\Java\jre1.8.0_111\bin\nio.dll
0x0000000065050000 - 0x0000000065097000 	C:\Program Files\Java\jre1.8.0_111\bin\fontmanager.dll
0x0000000065000000 - 0x0000000065042000 	C:\Program Files\Java\jre1.8.0_111\bin\t2k.dll
0x000007fef6b80000 - 0x000007fef6bb6000 	C:\Windows\system32\IMGSF50Filter_x64.dll
0x000007fef1d70000 - 0x000007fef1e8d000 	C:\Windows\system32\Opengl32.dll
0x000007fef6b50000 - 0x000007fef6b7d000 	C:\Windows\system32\GLU32.dll
0x000007fef1c70000 - 0x000007fef1d61000 	C:\Windows\system32\DDRAW.dll
0x000007fef6b40000 - 0x000007fef6b48000 	C:\Windows\system32\DCIMAN32.dll
0x000007fefe030000 - 0x000007fefe207000 	C:\Windows\system32\SETUPAPI.dll
0x000007fefdad0000 - 0x000007fefdb06000 	C:\Windows\system32\CFGMGR32.dll
0x000007fefda90000 - 0x000007fefdaaa000 	C:\Windows\system32\DEVOBJ.dll
0x000007fefe210000 - 0x000007fefe2a9000 	C:\Windows\system32\CLBCatQ.DLL
0x000007fefa730000 - 0x000007fefa891000 	C:\Windows\system32\WindowsCodecs.dll
0x000007feef6c0000 - 0x000007feef6ff000 	C:\Users\Administrator\AppData\Local\Microsoft\SkyDrive\17.0.4035.0328\amd64\SkyDriveShell64.dll
0x000007feeebd0000 - 0x000007feeec77000 	C:\Users\Administrator\AppData\Local\Microsoft\SkyDrive\17.0.4035.0328\amd64\MSVCP110.dll
0x000007feeeae0000 - 0x000007feeebae000 	C:\Users\Administrator\AppData\Local\Microsoft\SkyDrive\17.0.4035.0328\amd64\MSVCR110.dll
0x000000005e5f0000 - 0x000000005e8c2000 	C:\Windows\system32\WININET.dll
0x000007fefdb20000 - 0x000007fefdb24000 	C:\Windows\system32\api-ms-win-downlevel-user32-l1-1-0.dll
0x000007fefda40000 - 0x000007fefda44000 	C:\Windows\system32\api-ms-win-downlevel-shlwapi-l1-1-0.dll
0x000007fefdab0000 - 0x000007fefdab4000 	C:\Windows\system32\api-ms-win-downlevel-version-l1-1-0.dll
0x000007fefd8c0000 - 0x000007fefd8c3000 	C:\Windows\system32\api-ms-win-downlevel-normaliz-l1-1-0.dll
0x0000000077ca0000 - 0x0000000077ca3000 	C:\Windows\system32\normaliz.DLL
0x000007fefeb80000 - 0x000007fefee4a000 	C:\Windows\system32\iertutil.dll
0x000007fefdb10000 - 0x000007fefdb15000 	C:\Windows\system32\api-ms-win-downlevel-advapi32-l1-1-0.dll
0x000007feed900000 - 0x000007feed935000 	C:\Windows\system32\EhStorShell.dll
0x000007fefbed0000 - 0x000007fefbffc000 	C:\Windows\system32\PROPSYS.dll
0x000007feed290000 - 0x000007feed8ff000 	C:\PROGRA~1\MICROS~2\Office14\GROOVEEX.DLL
0x00000000711c0000 - 0x00000000711ef000 	C:\Windows\WinSxS\amd64_microsoft.vc90.atl_1fc8b3b9a1e18e3b_9.0.30729.6161_none_0a1fd3a3a768b895\ATL90.DLL
0x000007feee670000 - 0x000007feeea8a000 	C:\PROGRA~1\COMMON~1\MICROS~1\OFFICE14\Cultures\office.odf
0x000007feedde0000 - 0x000007feee607000 	C:\PROGRA~1\MICROS~2\Office14\1042\GrooveIntlResource.dll
0x000007feedd60000 - 0x000007feeddde000 	C:\Windows\System32\cscui.dll
0x000007fef1f10000 - 0x000007fef1f1c000 	C:\Windows\System32\CSCDLL.dll
0x000007fef70f0000 - 0x000007fef70ff000 	C:\Windows\system32\CSCAPI.dll
0x000007fee9fc0000 - 0x000007feea040000 	C:\Windows\system32\ntshrui.dll
0x000007fefd2e0000 - 0x000007fefd303000 	C:\Windows\system32\srvcli.dll
0x000007fef9d00000 - 0x000007fef9d0b000 	C:\Windows\system32\slc.dll
0x000007fee98c0000 - 0x000007fee9976000 	C:\Program Files\Common Files\Microsoft Shared\IME14\IMEKR\IMKRTIP.DLL
0x000007fee97d0000 - 0x000007fee98bb000 	C:\PROGRA~1\COMMON~1\MICROS~1\IME14\SHARED\IMETIP.DLL
0x000007fee9790000 - 0x000007fee97c2000 	C:\PROGRA~1\COMMON~1\MICROS~1\IME14\IMEKR\IMKRAPI.DLL
0x000007fee9750000 - 0x000007fee9788000 	C:\Program Files\Common Files\Microsoft Shared\IME14\SHARED\IMJKAPI.DLL
0x000007fef3690000 - 0x000007fef377f000 	C:\Program Files\Java\jre1.8.0_111\bin\msvcr120.dll
0x000007fee64f0000 - 0x000007fee6596000 	C:\Program Files\Java\jre1.8.0_111\bin\msvcp120.dll
0x0000000064fa0000 - 0x0000000064fc2000 	C:\Program Files\Java\jre1.8.0_111\bin\prism_d3d.dll
0x000007fee38a0000 - 0x000007fee3a9f000 	C:\Windows\system32\d3d9.dll
0x000007fef9a60000 - 0x000007fef9a67000 	C:\Windows\system32\d3d8thk.dll
0x000007fedad30000 - 0x000007fedd26b000 	C:\Windows\system32\igdumdim64.dll
0x0000000064f50000 - 0x0000000064f93000 	C:\Program Files\Java\jre1.8.0_111\bin\glass.dll
0x000007fefdd80000 - 0x000007fefde17000 	C:\Windows\system32\COMDLG32.dll
0x000007feeb670000 - 0x000007feec4e3000 	C:\Windows\system32\igc64.dll
0x0000000061ce0000 - 0x0000000064271000 	C:\Program Files\Java\jre1.8.0_111\bin\jfxwebkit.dll
0x0000000064fe0000 - 0x0000000064ff4000 	C:\Program Files\Java\jre1.8.0_111\bin\javafx_font.dll
0x000007fedfa30000 - 0x000007fedfbc7000 	C:\Windows\system32\dwrite.dll
0x000007fefc970000 - 0x000007fefc977000 	C:\Windows\System32\wshtcpip.dll
0x000007fefce60000 - 0x000007fefcebb000 	C:\Windows\system32\DNSAPI.dll
0x000007fef50c0000 - 0x000007fef50ef000 	C:\Program Files\Common Files\Microsoft Shared\Windows Live\WLIDNSP.DLL
0x000000005a380000 - 0x000000005a389000 	C:\Program Files\National Instruments\Shared\mDNS Responder\nimdnsNSP.dll
0x000000005a770000 - 0x000000005a77e000 	C:\Windows\system32\nimdnsResponder.dll
0x000007fef50b0000 - 0x000007fef50b8000 	C:\Windows\system32\rasadhlp.dll
0x000007fef92f0000 - 0x000007fef9343000 	C:\Windows\System32\fwpuclnt.dll
0x000000006dae0000 - 0x000000006db04000 	C:\Program Files\Java\jre1.8.0_111\bin\sunec.dll
0x000000006db40000 - 0x000000006db4b000 	C:\Program Files\Java\jre1.8.0_111\bin\sunmscapi.dll
0x0000000064ac0000 - 0x0000000064ae3000 	C:\Program Files\Java\jre1.8.0_111\bin\javafx_iio.dll
0x0000000064a80000 - 0x0000000064a91000 	C:\Program Files\Java\jre1.8.0_111\bin\prism_common.dll
0x0000000067170000 - 0x00000000671e3000 	C:\Program Files\Java\jre1.8.0_111\bin\glib-lite.dll
0x00000000675a0000 - 0x000000006763c000 	C:\Program Files\Java\jre1.8.0_111\bin\gstreamer-lite.dll
0x000007fee5b50000 - 0x000007fee5bd8000 	C:\Windows\system32\DSOUND.dll

VM Arguments:
jvm_args: -Dfile.encoding=MS949 
java_command: hjya1989.newsanalyzer.NewsAnaMain
java_class_path (initial): C:\eclipse\git\NewsAnalyzer\NewsAnalyzer\bin;C:\eclipse\git\NewsAnalyzer\NewsAnalyzer\miglayout15-swing.jar;C:\eclipse\git\NewsAnalyzer\NewsAnalyzer\DateChooser.jar;C:\Program Files\Java\jdk1.8.0_111\jre\lib\ext\jfxrt.jar
Launcher Type: SUN_STANDARD

Environment Variables:
PATH=C:/Program Files/Java/jre1.8.0_111/bin/server;C:/Program Files/Java/jre1.8.0_111/bin;C:/Program Files/Java/jre1.8.0_111/lib/amd64;C:\ProgramData\Oracle\Java\javapath;C:\Program Files\Common Files\Microsoft Shared\Windows Live;C:\Program Files (x86)\Common Files\Microsoft Shared\Windows Live;C:\Program Files (x86)\Intel\iCLS Client\;C:\Program Files\Intel\iCLS Client\;C:\Windows\system32;C:\Windows;C:\Windows\System32\Wbem;C:\Windows\System32\WindowsPowerShell\v1.0\;C:\Program Files (x86)\Intel\Intel(R) Management Engine Components\DAL;C:\Program Files\Intel\Intel(R) Management Engine Components\DAL;C:\Program Files (x86)\Intel\Intel(R) Management Engine Components\IPT;C:\Program Files\Intel\Intel(R) Management Engine Components\IPT;C:\Program Files\Intel\WiFi\bin\;C:\Program Files\Common Files\Intel\WirelessCommon\;C:\Program Files (x86)\Windows Live\Shared;C:\Program Files (x86)\IVI Foundation\VISA\WinNT\Bin\;C:\Program Files\IVI Foundation\VISA\Win64\Bin\;C:\Program Files (x86)\IVI Foundation\VISA\WinNT\Bin;C:\Windows\Softcamp\SDS;C:\Windows\Softcamp\SDS\x64;C:\Windows\Softcamp\SDK;C:\Program Files\Intel\WiFi\bin\;C:\Program Files\Common Files\Intel\WirelessCommon\;C:\Windows\system32;
USERNAME=Administrator
OS=Windows_NT
PROCESSOR_IDENTIFIER=Intel64 Family 6 Model 78 Stepping 3, GenuineIntel



---------------  S Y S T E M  ---------------

OS: Windows 7 , 64 bit Build 7601 (6.1.7601.23572)

CPU:total 4 (2 cores per cpu, 2 threads per core) family 6 model 78 stepping 3, cmov, cx8, fxsr, mmx, sse, sse2, sse3, ssse3, sse4.1, sse4.2, popcnt, avx, avx2, aes, clmul, erms, 3dnowpref, lzcnt, ht, tsc, tscinvbit, bmi1, bmi2, adx

Memory: 4k page, physical 8248996k(957996k free), swap 8247136k(4252k free)

vm_info: Java HotSpot(TM) 64-Bit Server VM (25.111-b14) for windows-amd64 JRE (1.8.0_111-b14), built on Sep 22 2016 19:24:05 by "java_re" with MS VC++ 10.0 (VS2010)

time: Thu Jan 12 15:32:22 2017
elapsed time: 13 seconds (0d 0h 0m 13s)

