JvmtiExport can_access_local_variables 0
JvmtiExport can_hotswap_or_post_breakpoint 0
JvmtiExport can_post_on_exceptions 0
# 188 ciObject found
instanceKlass javax/swing/event/TreeWillExpandListener
instanceKlass javax/swing/tree/DefaultMutableTreeNode$BreadthFirstEnumeration$Queue$QNode
instanceKlass javax/swing/tree/DefaultMutableTreeNode$BreadthFirstEnumeration$Queue
instanceKlass javax/swing/tree/DefaultMutableTreeNode$BreadthFirstEnumeration
instanceKlass hjya1989/newsanalyzer/rss/read/RSSFeedRowDataDetail
instanceKlass hjya1989/newsanalyzer/rss/read/RSSFeedRowData
instanceKlass com/sun/javafx/tk/quantum/EmbeddedStage$$Lambda$212
instanceKlass com/sun/webkit/network/CookieJar
instanceKlass java/text/AttributedString$AttributedStringIterator
instanceKlass java/text/AttributedCharacterIterator
instanceKlass java/text/AttributedString
instanceKlass sun/awt/im/CompositionAreaHandler
instanceKlass javax/swing/JFormattedTextField$FocusLostHandler
instanceKlass java/awt/KeyboardFocusManager$4
instanceKlass javafx/embed/swing/JFXPanel$$Lambda$211
instanceKlass com/sun/webkit/MainThread$$Lambda$210
instanceKlass com/sun/webkit/MainThread
instanceKlass com/sun/media/jfxmedia/MediaPlayer
instanceKlass com/sun/media/jfxmedia/Media
instanceKlass com/sun/media/jfxmedia/MetadataParser
instanceKlass com/sun/media/jfxmediaimpl/platform/Platform
instanceKlass com/sun/media/jfxmediaimpl/platform/PlatformManager$PlatformManagerInitializer
instanceKlass com/sun/media/jfxmediaimpl/platform/PlatformManager$$Lambda$209
instanceKlass com/sun/media/jfxmediaimpl/platform/PlatformManager
instanceKlass com/sun/media/jfxmedia/logging/Logger
instanceKlass com/sun/media/jfxmediaimpl/HostUtils$$Lambda$208
instanceKlass com/sun/media/jfxmediaimpl/HostUtils
instanceKlass com/sun/media/jfxmediaimpl/NativeMediaManager$$Lambda$207
instanceKlass com/sun/media/jfxmediaimpl/NativeMediaManager$NativeMediaManagerInitializer
instanceKlass com/sun/media/jfxmediaimpl/NativeMediaManager$NativeMediaPlayerDisposer
instanceKlass com/sun/media/jfxmediaimpl/MediaDisposer$ResourceDisposer
instanceKlass com/sun/media/jfxmediaimpl/NativeMediaManager
instanceKlass com/sun/media/jfxmedia/MediaManager
instanceKlass com/sun/prism/impl/GlyphCache$GlyphData
instanceKlass com/sun/prism/shader/Solid_TextureSecondPassLCD_Loader
instanceKlass com/sun/prism/shader/Solid_TextureFirstPassLCD_Loader
instanceKlass com/sun/prism/impl/GlyphCache
instanceKlass com/sun/javafx/text/TextRun
instanceKlass com/sun/javafx/scene/text/GlyphList
instanceKlass com/sun/javafx/webkit/prism/TextUtilities
instanceKlass com/sun/javafx/font/PrismFontFactory$$Lambda$206
instanceKlass com/sun/javafx/font/PrismFontFactory$$Lambda$205
instanceKlass com/sun/javafx/font/PrismFontFile$FileDisposer
instanceKlass com/sun/javafx/font/directwrite/DWDisposer
instanceKlass com/sun/javafx/font/FontFileWriter$$Lambda$204
instanceKlass com/sun/javafx/font/FontFileWriter$$Lambda$203
instanceKlass com/sun/javafx/font/FontFileWriter
instanceKlass com/sun/webkit/SharedBuffer
instanceKlass com/sun/prism/impl/ps/CachingShapeRepState$CSRDisposerRecord
instanceKlass com/sun/prism/impl/ps/CachingShapeRepState$MaskTexData
instanceKlass com/sun/prism/impl/ps/CachingShapeRepState$MaskCache$$Lambda$202
instanceKlass com/sun/prism/impl/ps/CachingShapeRepState$CacheEntry
instanceKlass com/sun/prism/impl/ps/CachingShapeRepState$MaskCache
instanceKlass com/sun/prism/impl/ps/CachingShapeRepState
instanceKlass com/sun/prism/impl/ps/CachingShapeRep
instanceKlass com/sun/prism/shader/Mask_TextureRGB_Loader
instanceKlass com/sun/prism/shader/FillRoundRect_Color_Loader
instanceKlass com/sun/prism/shader/Solid_Color_Loader
instanceKlass com/sun/prism/impl/shape/BasicShapeRep
instanceKlass com/sun/javafx/sg/prism/EffectUtil
instanceKlass com/sun/prism/shader/Texture_LinearGradient_PAD_Loader
instanceKlass com/sun/javafx/geom/Path2D$Iterator
instanceKlass com/sun/scenario/effect/impl/BufferUtil$$Lambda$201
instanceKlass com/sun/scenario/effect/impl/BufferUtil
instanceKlass com/sun/scenario/effect/impl/state/BoxRenderState$1
instanceKlass com/sun/scenario/effect/ImageData$$Lambda$200
instanceKlass com/sun/javafx/image/impl/ByteGray$Accessor
instanceKlass com/sun/javafx/image/impl/ByteGray
instanceKlass com/sun/prism/shader/Texture_Color_Loader
instanceKlass com/sun/prism/impl/shape/NativePiscesRasterizer$$Lambda$199
instanceKlass com/sun/prism/impl/shape/MaskData
instanceKlass com/sun/prism/impl/shape/NativePiscesRasterizer
instanceKlass com/sun/prism/impl/shape/ShapeRasterizer
instanceKlass com/sun/prism/impl/shape/ShapeUtil
instanceKlass com/sun/javafx/image/impl/ByteRgba$Accessor
instanceKlass com/sun/javafx/image/impl/ByteRgba
instanceKlass com/sun/scenario/effect/impl/prism/ps/PPSRenderer$1
instanceKlass com/sun/scenario/effect/impl/hw/d3d/D3DShaderSource
instanceKlass com/sun/scenario/effect/impl/hw/ShaderSource
instanceKlass com/sun/scenario/effect/FloatMap
instanceKlass com/sun/scenario/effect/impl/EffectPeer
instanceKlass com/sun/prism/d3d/D3DPipeline$1
instanceKlass com/sun/scenario/effect/impl/prism/PrTexture
instanceKlass com/sun/scenario/effect/impl/PoolFilterable
instanceKlass com/sun/scenario/effect/impl/RendererFactory$$Lambda$198
instanceKlass com/sun/scenario/effect/impl/RendererFactory
instanceKlass com/sun/scenario/effect/impl/Renderer$$Lambda$197
instanceKlass com/sun/scenario/effect/impl/Renderer
instanceKlass com/sun/javafx/sg/prism/NodeEffectInput$1
instanceKlass com/sun/scenario/effect/ImageData
instanceKlass com/sun/scenario/effect/impl/state/LinearConvolveRenderState$$Lambda$196
instanceKlass java/lang/invoke/LambdaForm$DMH
instanceKlass com/sun/scenario/effect/impl/ImagePool$$Lambda$195
instanceKlass com/sun/scenario/effect/impl/ImagePool
instanceKlass com/sun/scenario/effect/impl/prism/PrRenderInfo
instanceKlass com/sun/scenario/effect/ImageDataRenderer
instanceKlass com/sun/javafx/geom/transform/Affine2D$1
instanceKlass com/sun/scenario/effect/impl/prism/PrEffectHelper
instanceKlass com/sun/javafx/image/impl/ByteBgraPre$Accessor
instanceKlass com/sun/javafx/image/impl/ByteBgraPre
instanceKlass com/sun/javafx/image/impl/BaseByteToByteConverter
instanceKlass com/sun/javafx/image/ByteToBytePixelConverter
instanceKlass com/sun/javafx/image/PixelConverter
instanceKlass com/sun/javafx/image/impl/ByteBgra$Accessor
instanceKlass com/sun/javafx/image/BytePixelAccessor
instanceKlass com/sun/javafx/image/BytePixelSetter
instanceKlass com/sun/javafx/image/PixelSetter
instanceKlass com/sun/javafx/image/BytePixelGetter
instanceKlass com/sun/javafx/image/impl/ByteBgra
instanceKlass com/sun/prism/d3d/D3DTexture$1
instanceKlass com/sun/prism/shader/FillPgram_LinearGradient_PAD_Loader
instanceKlass com/sun/prism/impl/ps/PaintHelper
instanceKlass com/sun/prism/paint/Stop
instanceKlass com/sun/javafx/sg/prism/RegionImageCache$CachedImage
instanceKlass com/sun/prism/impl/packrect/Level
instanceKlass com/sun/prism/impl/packrect/RectanglePacker
instanceKlass com/sun/prism/impl/BaseResourceFactory$1
instanceKlass com/sun/javafx/sg/prism/RegionImageCache
instanceKlass com/sun/javafx/geom/transform/AffineBase$1
instanceKlass com/sun/javafx/geom/transform/TransformHelper
instanceKlass com/sun/javafx/geom/RoundRectIterator
instanceKlass javafx/concurrent/Task$TaskCallable$$Lambda$194
instanceKlass javafx/concurrent/Task$TaskCallable$$Lambda$193
instanceKlass javafx/concurrent/Service$$Lambda$192
instanceKlass javafx/concurrent/Service$$Lambda$191
instanceKlass javafx/concurrent/Service$$Lambda$190
instanceKlass javafx/concurrent/Task$3
instanceKlass javafx/concurrent/EventHelper
instanceKlass javafx/concurrent/Service$2
instanceKlass javafx/beans/property/StringPropertyBase$Listener
instanceKlass javafx/beans/property/BooleanPropertyBase$Listener
instanceKlass javafx/beans/property/DoublePropertyBase$Listener
instanceKlass javafx/beans/property/ObjectPropertyBase$Listener
instanceKlass javafx/concurrent/Task$TaskCallable
instanceKlass com/sun/javafx/webkit/prism/WCImageDecoderImpl$$Lambda$189
instanceKlass javafx/concurrent/Service$$Lambda$188
instanceKlass javafx/concurrent/Service$$Lambda$187
instanceKlass javafx/concurrent/Service$$Lambda$186
instanceKlass java/lang/invoke/LambdaForm$DMH
instanceKlass javafx/concurrent/Service$$Lambda$185
instanceKlass com/sun/prism/Image$1
instanceKlass com/sun/javafx/image/PixelGetter
instanceKlass com/sun/prism/Image$Accessor
instanceKlass com/sun/prism/Image
instanceKlass com/sun/prism/image/CompoundImage
instanceKlass com/sun/javafx/iio/jpeg/JPEGImageLoader$Lock
instanceKlass com/sun/javafx/iio/jpeg/JPEGImageLoader$$Lambda$184
instanceKlass com/sun/javafx/iio/ImageFrame
instanceKlass com/sun/javafx/iio/gif/GIFImageLoader2$LZWDecoder
instanceKlass com/sun/javafx/iio/ImageMetadata
instanceKlass com/sun/javafx/iio/common/ImageLoaderImpl
instanceKlass com/sun/javafx/iio/common/ImageTools
instanceKlass com/sun/javafx/iio/ImageFormatDescription$Signature
instanceKlass com/sun/javafx/iio/common/ImageDescriptor
instanceKlass com/sun/javafx/iio/bmp/BMPImageLoaderFactory
instanceKlass com/sun/javafx/iio/png/PNGImageLoaderFactory
instanceKlass com/sun/javafx/iio/jpeg/JPEGImageLoaderFactory
instanceKlass com/sun/javafx/iio/ImageLoader
instanceKlass com/sun/javafx/iio/ImageFormatDescription
instanceKlass com/sun/javafx/iio/gif/GIFImageLoaderFactory
instanceKlass com/sun/javafx/iio/ImageLoaderFactory
instanceKlass com/sun/javafx/iio/ImageStorage
instanceKlass com/sun/javafx/webkit/prism/WCImageDecoderImpl$2
instanceKlass javafx/concurrent/Service
instanceKlass com/sun/javafx/iio/ImageLoadListener
instanceKlass com/sun/javafx/font/FallbackResource
instanceKlass java/awt/LightweightDispatcher$2
instanceKlass com/sun/javafx/font/directwrite/DWRITE_GLYPH_METRICS
instanceKlass com/sun/javafx/font/directwrite/DWRITE_GLYPH_RUN
instanceKlass com/sun/javafx/font/directwrite/RECT
instanceKlass com/sun/javafx/font/directwrite/D2D1_MATRIX_3X2_F
instanceKlass com/sun/javafx/font/directwrite/D2D1_COLOR_F
instanceKlass com/sun/javafx/font/directwrite/DWGlyph
instanceKlass com/sun/javafx/font/CMap
instanceKlass com/sun/javafx/font/Glyph
instanceKlass com/sun/javafx/font/PrismMetrics
instanceKlass com/sun/javafx/font/WindowsFontMap$FamilyDescription
instanceKlass com/sun/javafx/font/WindowsFontMap
instanceKlass com/sun/javafx/font/Disposer$1
instanceKlass com/sun/javafx/font/Disposer
instanceKlass com/sun/javafx/font/CompositeStrikeDisposer
instanceKlass com/sun/javafx/font/Metrics
instanceKlass com/sun/javafx/font/CompositeStrike
instanceKlass com/sun/javafx/font/FontStrikeDesc
instanceKlass com/sun/javafx/font/PrismFontFactory$TTFilter
instanceKlass com/sun/javafx/font/PrismFontFactory$$Lambda$183
instanceKlass java/awt/AWTEvent$2
instanceKlass java/awt/LightweightDispatcher$1
instanceKlass java/awt/Container$MouseEventTargetFilter
instanceKlass java/awt/Container$EventTargetFilter
instanceKlass com/sun/javafx/font/PrismCompositeFontResource
instanceKlass com/sun/javafx/font/PrismFontFile$DirectoryEntry
instanceKlass com/sun/javafx/font/FontFileReader$Buffer
instanceKlass com/sun/javafx/font/FontFileReader$$Lambda$182
instanceKlass com/sun/javafx/font/FontFileReader
instanceKlass com/sun/javafx/font/PrismFontStrike
instanceKlass com/sun/javafx/font/DisposerRecord
instanceKlass com/sun/webkit/network/URLs$$Lambda$181
instanceKlass sun/net/www/http/KeepAliveStreamCleaner$2
instanceKlass sun/net/www/http/KeepAliveStreamCleaner$1
instanceKlass com/sun/webkit/network/URLLoader$$Lambda$180
instanceKlass javafx/scene/web/WebHistory$Entry$$Lambda$179
instanceKlass javafx/scene/web/WebHistory$Entry
instanceKlass com/sun/webkit/BackForwardList$Entry
instanceKlass java/lang/invoke/LambdaForm$MH
instanceKlass com/sun/webkit/network/URLLoader$$Lambda$178
instanceKlass java/util/concurrent/Semaphore
instanceKlass com/sun/webkit/network/ByteBufferPool$ByteBufferAllocatorImpl
instanceKlass java/lang/invoke/LambdaForm$MH
instanceKlass java/lang/invoke/LambdaForm$DMH
instanceKlass java/lang/invoke/LambdaForm$DMH
instanceKlass com/sun/webkit/network/URLLoader$$Lambda$177
instanceKlass java/lang/invoke/LambdaForm$DMH
instanceKlass sun/net/www/http/Hurryable
instanceKlass sun/security/ssl/SSLSocketImpl$NotifyHandshakeThread$1
instanceKlass sun/security/ssl/CipherBox$1
instanceKlass sun/security/internal/spec/TlsPrfParameterSpec
instanceKlass sun/security/internal/spec/TlsKeyMaterialSpec
instanceKlass sun/security/internal/spec/TlsKeyMaterialParameterSpec
instanceKlass com/sun/crypto/provider/TlsMasterSecretGenerator$TlsMasterSecretKey
instanceKlass sun/security/internal/interfaces/TlsMasterSecret
instanceKlass javax/crypto/KeyGeneratorSpi
instanceKlass javax/crypto/KeyGenerator
instanceKlass sun/security/internal/spec/TlsMasterSecretParameterSpec
instanceKlass javax/crypto/KeyAgreementSpi
instanceKlass java/security/KeyPair
instanceKlass sun/security/ssl/ECDHCrypt
instanceKlass java/security/interfaces/ECPrivateKey
instanceKlass java/security/spec/ECPublicKeySpec
instanceKlass sun/security/ssl/ClientHandshaker$2
instanceKlass java/security/cert/PKIXCertPathValidatorResult
instanceKlass java/security/cert/CertPathValidatorResult
instanceKlass sun/security/provider/certpath/PKIXMasterCertPathValidator
instanceKlass sun/security/provider/certpath/PolicyNodeImpl
instanceKlass java/security/cert/PolicyNode
instanceKlass sun/security/provider/certpath/CertPathHelper
instanceKlass java/security/cert/X509CertSelector
instanceKlass java/security/cert/CertSelector
instanceKlass sun/security/provider/certpath/PKIX$ValidatorParams
instanceKlass sun/security/provider/certpath/PKIX
instanceKlass java/security/cert/CertPathValidatorSpi
instanceKlass java/security/cert/CertPathValidator
instanceKlass sun/security/ssl/SSLAlgorithmConstraints$SupportedSignatureAlgorithmConstraints
instanceKlass sun/security/util/HostnameChecker
instanceKlass java/security/cert/PKIXParameters
instanceKlass java/security/cert/CertPathParameters
instanceKlass sun/security/ssl/RandomCookie
instanceKlass sun/security/ssl/ExtensionType
instanceKlass sun/security/ssl/HelloExtension
instanceKlass sun/security/ssl/CipherSuiteList$1
instanceKlass sun/security/ssl/HelloExtensions
instanceKlass sun/security/ssl/HandshakeMessage
instanceKlass sun/security/ssl/HandshakeHash
instanceKlass javax/net/ssl/SNIServerName
instanceKlass sun/net/util/IPAddressUtil
instanceKlass sun/security/ssl/Utilities
instanceKlass sun/security/ssl/Handshaker
instanceKlass sun/security/ssl/Record
instanceKlass sun/security/ssl/CipherSuiteList
instanceKlass com/sun/crypto/provider/GHASH
instanceKlass com/sun/crypto/provider/GCTR
instanceKlass com/sun/crypto/provider/PKCS5Padding
instanceKlass com/sun/crypto/provider/Padding
instanceKlass com/sun/crypto/provider/FeedbackCipher
instanceKlass com/sun/crypto/provider/CipherCore
instanceKlass com/sun/crypto/provider/AESConstants
instanceKlass com/sun/crypto/provider/SymmetricCipher
instanceKlass javax/crypto/CipherSpi
instanceKlass javax/crypto/spec/GCMParameterSpec
instanceKlass javax/crypto/Cipher$Transform
instanceKlass javax/crypto/spec/IvParameterSpec
instanceKlass javax/crypto/spec/SecretKeySpec
instanceKlass sun/security/ssl/SSLAlgorithmDecomposer$1
instanceKlass java/security/spec/ECGenParameterSpec
instanceKlass sun/security/util/ECKeySizeParameterSpec
instanceKlass java/security/KeyPairGeneratorSpi
instanceKlass java/security/cert/TrustAnchor
instanceKlass sun/security/x509/X509CertImpl$$Lambda$176
instanceKlass sun/security/util/UntrustedCertificates$1
instanceKlass sun/security/util/UntrustedCertificates
instanceKlass java/security/cert/PKIXCertPathChecker
instanceKlass java/security/cert/CertPathChecker
instanceKlass javax/crypto/JarVerifier$JarHolder
instanceKlass javax/crypto/JarVerifier$2
instanceKlass javax/crypto/KeyAgreement
instanceKlass javax/crypto/JceSecurity$2
instanceKlass javax/crypto/JceSecurityManager$1
instanceKlass javax/crypto/spec/RC5ParameterSpec
instanceKlass javax/crypto/spec/RC2ParameterSpec
instanceKlass java/security/spec/DSAParameterSpec
instanceKlass java/security/interfaces/DSAParams
instanceKlass java/security/interfaces/DSAPrivateKey
instanceKlass sun/security/validator/EndEntityChecker
instanceKlass sun/security/validator/Validator
instanceKlass sun/security/util/Pem
instanceKlass javax/crypto/JarVerifier$1
instanceKlass javax/crypto/JarVerifier
instanceKlass javax/crypto/CryptoPolicyParser$CryptoPermissionEntry
instanceKlass javax/crypto/CryptoPolicyParser$GrantEntry
instanceKlass java/io/StreamTokenizer
instanceKlass javax/crypto/CryptoPolicyParser
instanceKlass java/util/zip/ZipFile$ZipEntryIterator
instanceKlass java/util/jar/JarFile$JarEntryIterator
instanceKlass javax/crypto/JceSecurity$1
instanceKlass javax/crypto/JceSecurity
instanceKlass javax/crypto/Cipher
instanceKlass sun/security/ssl/ProtocolList
instanceKlass sun/security/ssl/Authenticator
instanceKlass sun/security/ssl/CipherBox
instanceKlass sun/security/mscapi/SunMSCAPI$1
instanceKlass sun/security/smartcardio/SunPCSC$1
instanceKlass org/jcp/xml/dsig/internal/dom/XMLDSigRI$1
instanceKlass com/sun/security/sasl/Provider$1
instanceKlass sun/security/jgss/SunProvider$1
instanceKlass com/sun/crypto/provider/SunJCE$1
instanceKlass sun/security/ssl/SignatureAndHashAlgorithm
instanceKlass sun/security/ssl/SessionId
instanceKlass sun/security/ssl/CipherSuite$MacAlg
instanceKlass sun/security/ssl/CipherSuite$BulkCipher
instanceKlass sun/security/ssl/CipherSuite
instanceKlass javax/net/ssl/ExtendedSSLSession
instanceKlass javax/net/ssl/SSLSession
instanceKlass javax/net/ssl/HandshakeCompletedListener
instanceKlass sun/security/krb5/Realm
instanceKlass sun/security/krb5/PrincipalName
instanceKlass sun/security/ssl/JsseJce$1
instanceKlass sun/security/ssl/JsseJce
instanceKlass sun/security/validator/KeyStores
instanceKlass javax/net/ssl/X509ExtendedTrustManager
instanceKlass javax/net/ssl/X509TrustManager
instanceKlass javax/net/ssl/TrustManager
instanceKlass javax/net/ssl/TrustManagerFactory$1
instanceKlass javax/net/ssl/TrustManagerFactory
instanceKlass sun/security/x509/CertificatePolicyMap
instanceKlass sun/security/util/ECUtil
instanceKlass java/security/interfaces/ECPublicKey
instanceKlass java/security/interfaces/ECKey
instanceKlass sun/security/provider/JavaKeyStore$TrustedCertEntry
instanceKlass sun/security/ssl/TrustManagerFactoryImpl$1
instanceKlass sun/security/ssl/TrustManagerFactoryImpl$2
instanceKlass javax/net/ssl/TrustManagerFactorySpi
instanceKlass javax/net/ssl/X509ExtendedKeyManager
instanceKlass javax/net/ssl/X509KeyManager
instanceKlass javax/net/ssl/KeyManager
instanceKlass javax/net/ssl/KeyManagerFactorySpi
instanceKlass javax/net/ssl/KeyManagerFactory$1
instanceKlass javax/net/ssl/KeyManagerFactory
instanceKlass sun/security/provider/KeyStoreDelegator$1
instanceKlass java/security/KeyStoreSpi
instanceKlass java/security/KeyStore$1
instanceKlass java/security/KeyStore
instanceKlass sun/security/ssl/SSLContextImpl$DefaultSSLContext$1
instanceKlass sun/security/ssl/SSLSessionContextImpl$1
instanceKlass sun/security/ssl/SSLSessionContextImpl
instanceKlass javax/net/ssl/SSLSessionContext
instanceKlass sun/security/ssl/EphemeralKeyManager$EphemeralKeyPair
instanceKlass sun/security/ssl/EphemeralKeyManager
instanceKlass sun/security/ssl/SSLAlgorithmConstraints
instanceKlass sun/security/ssl/ProtocolVersion
instanceKlass javax/net/ssl/SSLParameters
instanceKlass sun/security/ssl/Debug
instanceKlass sun/security/ssl/SunJSSE$1
instanceKlass java/security/spec/ECFieldF2m
instanceKlass java/security/spec/ECParameterSpec
instanceKlass java/security/spec/AlgorithmParameterSpec
instanceKlass java/security/spec/ECPoint
instanceKlass java/security/spec/EllipticCurve
instanceKlass java/security/spec/ECFieldFp
instanceKlass java/security/spec/ECField
instanceKlass sun/security/ec/CurveDB
instanceKlass sun/security/ec/SunECEntries
instanceKlass sun/security/ec/SunEC$1
instanceKlass java/security/interfaces/DSAPublicKey
instanceKlass java/security/interfaces/DSAKey
instanceKlass java/security/spec/DSAPublicKeySpec
instanceKlass java/security/AlgorithmParametersSpi
instanceKlass java/security/AlgorithmParameters
instanceKlass sun/security/x509/RFC822Name
instanceKlass sun/security/x509/NetscapeCertTypeExtension$MapEntry
instanceKlass javax/net/ssl/SSLContextSpi
instanceKlass javax/net/ssl/SSLContext
instanceKlass javax/net/ssl/SSLSocketFactory$1
instanceKlass javax/net/SocketFactory
instanceKlass javax/net/ssl/HttpsURLConnection$DefaultHostnameVerifier
instanceKlass javax/net/ssl/HostnameVerifier
instanceKlass java/lang/invoke/LambdaForm$MH
instanceKlass java/lang/invoke/LambdaForm$DMH
instanceKlass java/lang/invoke/LambdaForm$DMH
instanceKlass com/sun/webkit/network/URLLoader$$Lambda$175
instanceKlass java/lang/invoke/LambdaForm$DMH
instanceKlass sun/util/locale/provider/CalendarNameProviderImpl$LengthBasedComparator
instanceKlass sun/util/locale/provider/CalendarDataUtility$CalendarFieldValueNamesMapGetter
instanceKlass java/net/HttpCookie$12
instanceKlass sun/misc/JavaNetHttpCookieAccess
instanceKlass java/net/HttpCookie$11
instanceKlass java/net/HttpCookie$10
instanceKlass java/net/HttpCookie$9
instanceKlass java/net/HttpCookie$8
instanceKlass java/net/HttpCookie$7
instanceKlass java/net/HttpCookie$6
instanceKlass java/net/HttpCookie$5
instanceKlass java/net/HttpCookie$4
instanceKlass java/net/HttpCookie$3
instanceKlass java/net/HttpCookie$2
instanceKlass java/net/HttpCookie$1
instanceKlass java/net/HttpCookie$CookieAttributeAssignor
instanceKlass java/net/HttpCookie
instanceKlass com/sun/webkit/network/URLLoader$Redirect
instanceKlass sun/net/www/http/KeepAliveEntry
instanceKlass sun/net/www/http/KeepAliveCache$1
instanceKlass sun/text/normalizer/NormalizerImpl$NextCombiningArgs
instanceKlass sun/text/normalizer/NormalizerImpl$RecomposeArgs
instanceKlass sun/text/normalizer/NormalizerImpl$DecomposeArgs
instanceKlass sun/text/normalizer/NormalizerImpl$ComposePartArgs
instanceKlass sun/net/idn/Punycode
instanceKlass sun/text/normalizer/UBiDiProps$IsAcceptable
instanceKlass sun/text/normalizer/UBiDiProps
instanceKlass sun/text/normalizer/UCharacter
instanceKlass sun/text/normalizer/RangeValueIterator$Element
instanceKlass sun/text/normalizer/TrieIterator
instanceKlass sun/text/normalizer/RangeValueIterator
instanceKlass sun/text/normalizer/Trie$DefaultGetFoldingOffset
instanceKlass sun/text/normalizer/UCharacterPropertyReader
instanceKlass sun/text/normalizer/UnicodeSet$VersionFilter
instanceKlass sun/text/normalizer/UnicodeSet$Filter
instanceKlass sun/text/normalizer/Utility
instanceKlass sun/text/normalizer/UCharacterProperty
instanceKlass sun/text/normalizer/RuleCharacterIterator
instanceKlass sun/text/Normalizer
instanceKlass sun/text/normalizer/UTF16
instanceKlass sun/net/idn/StringPrep$Values
instanceKlass sun/text/normalizer/ReplaceableString
instanceKlass sun/text/normalizer/Replaceable
instanceKlass sun/text/normalizer/UCharacterIterator
instanceKlass sun/text/normalizer/UnicodeSet
instanceKlass sun/text/normalizer/UnicodeMatcher
instanceKlass sun/text/normalizer/NormalizerImpl$AuxTrieImpl
instanceKlass sun/text/normalizer/NormalizerImpl$NormTrieImpl
instanceKlass sun/text/normalizer/NormalizerImpl$FCDTrieImpl
instanceKlass sun/text/normalizer/NormalizerDataReader
instanceKlass sun/text/normalizer/ICUData
instanceKlass sun/text/normalizer/NormalizerImpl
instanceKlass sun/text/normalizer/VersionInfo
instanceKlass sun/text/normalizer/CharTrie$FriendAgent
instanceKlass sun/text/normalizer/Trie
instanceKlass sun/net/idn/StringPrep$StringPrepTrieImpl
instanceKlass sun/text/normalizer/Trie$DataManipulate
instanceKlass sun/text/normalizer/ICUBinary
instanceKlass sun/net/idn/StringPrepDataReader
instanceKlass sun/text/normalizer/ICUBinary$Authenticate
instanceKlass sun/net/idn/StringPrep
instanceKlass java/net/IDN
instanceKlass com/sun/webkit/network/PublicSuffixes
instanceKlass com/sun/webkit/network/DateParser$Time
instanceKlass com/sun/webkit/network/DateParser
instanceKlass com/sun/webkit/network/Cookie
instanceKlass java/util/Collections$UnmodifiableList$1
instanceKlass com/sun/webkit/network/ExtendedTime
instanceKlass java/util/Collections$UnmodifiableMap$UnmodifiableEntrySet$UnmodifiableEntry
instanceKlass java/util/Collections$UnmodifiableMap$UnmodifiableEntrySet$1
instanceKlass java/net/Socket$2
instanceKlass com/sun/webkit/network/CookieStore$GetComparator
instanceKlass sun/net/www/protocol/http/AuthCacheImpl
instanceKlass sun/net/www/protocol/http/AuthCache
instanceKlass sun/net/www/protocol/http/AuthCacheValue
instanceKlass sun/net/DefaultProgressMeteringPolicy
instanceKlass sun/net/ProgressMeteringPolicy
instanceKlass sun/net/ProgressMonitor
instanceKlass java/net/Socket$3
instanceKlass javafx/embed/swing/JFXPanel$HostContainer$$Lambda$174
instanceKlass com/sun/prism/impl/BufferUtil$$Lambda$173
instanceKlass com/sun/prism/impl/BufferUtil
instanceKlass com/sun/prism/shader/Solid_TextureRGB_Loader
instanceKlass com/sun/prism/impl/ps/BaseShaderContext$1
instanceKlass com/sun/prism/MultiTexture
instanceKlass com/sun/webkit/graphics/WCRenderQueue$$Lambda$172
instanceKlass com/sun/prism/d3d/D3DContext$1
instanceKlass com/sun/prism/impl/BaseGraphicsResource
instanceKlass com/sun/prism/shader/FillPgram_Color_Loader
instanceKlass com/sun/prism/d3d/D3DResourceFactory$$Lambda$171
instanceKlass com/sun/javafx/webkit/prism/WCGraphicsPrismContext$Composite
instanceKlass com/sun/webkit/graphics/GraphicsDecoder
instanceKlass com/sun/prism/PrinterGraphics
instanceKlass com/sun/webkit/graphics/WCStroke
instanceKlass com/sun/javafx/webkit/prism/WCGraphicsPrismContext$ContextState
instanceKlass com/sun/javafx/webkit/prism/WCGraphicsPrismContext$$Lambda$170
instanceKlass com/sun/webkit/graphics/WCGradient
instanceKlass com/sun/javafx/webkit/prism/WCGraphicsPrismContext$Layer
instanceKlass com/sun/javafx/geom/transform/Affine3D$1
instanceKlass com/sun/prism/impl/ps/BaseShaderGraphics$$Lambda$169
instanceKlass sun/net/NetHooks
instanceKlass java/net/SocksSocketImpl$3
instanceKlass com/sun/prism/impl/Disposer$Target
instanceKlass com/sun/prism/impl/Disposer
instanceKlass com/sun/prism/impl/PrismTrace
instanceKlass com/sun/prism/d3d/D3DResource$D3DRecord
instanceKlass com/sun/prism/impl/Disposer$Record
instanceKlass com/sun/prism/impl/BaseTexture
instanceKlass com/sun/prism/d3d/D3DContextSource
instanceKlass com/sun/prism/ReadbackRenderTarget
instanceKlass com/sun/javafx/webkit/prism/WCRenderQueueImpl$$Lambda$168
instanceKlass com/sun/prism/d3d/D3DRenderTarget
instanceKlass com/sun/prism/impl/BaseResourcePool$WeakLinkedList
instanceKlass com/sun/prism/impl/BaseResourcePool$$Lambda$167
instanceKlass com/sun/prism/impl/BaseResourcePool$$Lambda$166
instanceKlass com/sun/prism/impl/BaseResourcePool$$Lambda$165
instanceKlass com/sun/prism/impl/BaseResourcePool$$Lambda$164
instanceKlass com/sun/prism/impl/BaseResourcePool$$Lambda$163
instanceKlass com/sun/prism/impl/BaseResourcePool$$Lambda$162
instanceKlass com/sun/webkit/graphics/WCPathIterator
instanceKlass java/lang/invoke/LambdaForm$DMH
instanceKlass java/lang/invoke/LambdaForm$DMH
instanceKlass com/sun/prism/impl/ManagedResource
instanceKlass com/sun/prism/impl/BaseResourcePool$Predicate
instanceKlass com/sun/prism/impl/BaseResourcePool
instanceKlass com/sun/webkit/graphics/BufferData
instanceKlass com/sun/javafx/tk/quantum/EmbeddedScene$$Lambda$161
instanceKlass java/lang/invoke/LambdaForm$DMH
instanceKlass javafx/embed/swing/JFXPanel$HostContainer$$Lambda$160
instanceKlass javafx/embed/swing/SwingCursors$1
instanceKlass javafx/embed/swing/SwingCursors
instanceKlass com/sun/javafx/cursor/CursorFrame
instanceKlass com/sun/javafx/geom/Path2D$SVGParser
instanceKlass com/sun/javafx/geom/PathIterator
instanceKlass com/sun/javafx/sg/prism/EffectFilter
instanceKlass java/net/InetAddress$CacheEntry
instanceKlass sun/net/InetAddressCachePolicy$2
instanceKlass sun/net/InetAddressCachePolicy$1
instanceKlass sun/net/InetAddressCachePolicy
instanceKlass java/net/Inet4AddressImpl
instanceKlass com/sun/scenario/effect/GaussianShadow$1
instanceKlass java/net/InetSocketAddress$InetSocketAddressHolder
instanceKlass java/net/SocketAddress
instanceKlass com/sun/javafx/tk/Toolkit$1
instanceKlass java/net/PlainSocketImpl$1
instanceKlass com/sun/scenario/effect/impl/state/LinearConvolveRenderState
instanceKlass com/sun/scenario/effect/Color4f
instanceKlass java/net/AbstractPlainSocketImpl$1
instanceKlass java/net/SocketImpl
instanceKlass java/net/SocketOptions
instanceKlass com/sun/scenario/effect/impl/state/LinearConvolveKernel
instanceKlass com/sun/scenario/effect/impl/state/RenderState
instanceKlass java/net/SocksConsts
instanceKlass java/net/Socket
instanceKlass com/sun/scenario/effect/impl/state/AccessHelper
instanceKlass sun/net/www/http/HttpCapture$1
instanceKlass sun/net/www/http/HttpCapture
instanceKlass com/sun/scenario/effect/Effect$$Lambda$159
instanceKlass com/sun/scenario/effect/impl/state/AccessHelper$StateAccessor
instanceKlass sun/net/www/http/KeepAliveKey
instanceKlass sun/net/NetworkClient$1
instanceKlass sun/net/NetworkClient
instanceKlass java/net/Proxy
instanceKlass sun/net/spi/DefaultProxySelector$3
instanceKlass sun/net/spi/DefaultProxySelector$NonProxyInfo
instanceKlass sun/net/spi/DefaultProxySelector$1
instanceKlass javafx/scene/effect/Effect$1
instanceKlass java/net/ProxySelector
instanceKlass sun/net/www/protocol/http/HttpURLConnection$7
instanceKlass java/net/ResponseCache
instanceKlass com/sun/javafx/scene/traversal/TabOrderHelper
instanceKlass sun/net/www/protocol/http/HttpURLConnection$3
instanceKlass sun/net/www/protocol/http/HttpURLConnection$2
instanceKlass com/sun/javafx/tk/Toolkit$$Lambda$158
instanceKlass javafx/animation/AnimationTimer$AnimationTimerReceiver$$Lambda$157
instanceKlass java/lang/invoke/LambdaForm$DMH
instanceKlass com/sun/scenario/animation/AnimationPulse$PulseData$$Lambda$156
instanceKlass com/sun/scenario/animation/AnimationPulse$PulseData$$Lambda$155
instanceKlass com/sun/scenario/animation/AnimationPulse$PulseData$$Lambda$154
instanceKlass com/sun/scenario/animation/AnimationPulse$PulseData$$Lambda$153
instanceKlass com/sun/scenario/animation/AnimationPulse$PulseData$$Lambda$152
instanceKlass com/sun/scenario/animation/AnimationPulse$PulseData$$Lambda$151
instanceKlass com/sun/scenario/animation/AnimationPulse$PulseData$$Lambda$150
instanceKlass com/sun/scenario/animation/AnimationPulse$PulseData$$Lambda$149
instanceKlass java/lang/invoke/LambdaForm$DMH
instanceKlass java/lang/invoke/LambdaForm$DMH
instanceKlass com/sun/scenario/animation/AnimationPulse$PulseData
instanceKlass com/sun/scenario/animation/AnimationPulse$PulseData$Accessor
instanceKlass com/sun/scenario/animation/AnimationPulse$AnimationPulseHolder
instanceKlass com/sun/scenario/animation/AnimationPulse
instanceKlass com/sun/scenario/animation/AnimationPulseMBean
instanceKlass com/oracle/jrockit/jfr/FlightRecorder
instanceKlass com/oracle/jrockit/jfr/EventToken
instanceKlass com/oracle/jrockit/jfr/EventInfo
instanceKlass com/sun/javafx/logging/PrintLogger$$Lambda$148
instanceKlass com/sun/javafx/logging/PrintLogger$$Lambda$147
instanceKlass com/sun/javafx/logging/PrintLogger$$Lambda$146
instanceKlass sun/net/NetProperties$1
instanceKlass sun/net/NetProperties
instanceKlass sun/net/www/protocol/http/HttpURLConnection$$Lambda$145
instanceKlass sun/security/action/GetIntegerAction
instanceKlass com/sun/javafx/logging/Logger
instanceKlass com/sun/javafx/logging/PulseLogger
instanceKlass com/sun/webkit/network/URLLoader$$Lambda$144
instanceKlass com/sun/webkit/network/NetworkContext$URLLoaderThreadFactory$$Lambda$143
instanceKlass com/sun/webkit/network/FormDataElement
instanceKlass com/sun/webkit/network/URLLoader
instanceKlass sun/nio/ch/FileKey
instanceKlass sun/nio/ch/FileLockTable
instanceKlass java/nio/channels/FileLock
instanceKlass sun/nio/fs/AbstractBasicFileAttributeView
instanceKlass sun/nio/fs/DynamicFileAttributeView
instanceKlass sun/nio/fs/WindowsFileAttributeViews
instanceKlass java/nio/file/attribute/BasicFileAttributeView
instanceKlass java/nio/file/attribute/FileAttributeView
instanceKlass java/nio/file/attribute/AttributeView
instanceKlass java/nio/file/CopyOption
instanceKlass java/nio/file/attribute/PosixFilePermissions$1
instanceKlass java/nio/file/attribute/PosixFilePermissions
instanceKlass javafx/scene/web/DirectoryLock
instanceKlass java/util/Formattable
instanceKlass java/util/Formatter$Conversion
instanceKlass java/util/Formatter$Flags
instanceKlass java/util/Formatter$FormatSpecifier
instanceKlass java/util/Formatter$FixedString
instanceKlass java/util/Formatter$FormatString
instanceKlass com/sun/javafx/tk/quantum/EmbeddedStage$$Lambda$142
instanceKlass java/util/Formatter
instanceKlass java/lang/invoke/LambdaForm$MH
instanceKlass java/lang/invoke/LambdaForm$DMH
instanceKlass java/lang/invoke/LambdaForm$DMH
instanceKlass com/sun/glass/ui/win/WinApplication$$Lambda$141
instanceKlass com/sun/javafx/tk/quantum/EmbeddedScene$$Lambda$140
instanceKlass java/util/function/Supplier
instanceKlass java/lang/invoke/LambdaForm$DMH
instanceKlass com/sun/webkit/network/URLs
instanceKlass com/sun/webkit/network/Util
instanceKlass com/sun/javafx/tk/Toolkit$$Lambda$139
instanceKlass com/sun/javafx/tk/quantum/EmbeddedStage$$Lambda$138
instanceKlass javafx/embed/swing/JFXPanel$HostContainer$$Lambda$137
instanceKlass com/sun/javafx/tk/quantum/EmbeddedStage$$Lambda$136
instanceKlass com/sun/javafx/tk/quantum/EmbeddedStage$$Lambda$135
instanceKlass javafx/embed/swing/JFXPanel$HostContainer$$Lambda$134
instanceKlass com/sun/javafx/util/TempState
instanceKlass javafx/scene/Parent$4
instanceKlass javafx/beans/WeakInvalidationListener
instanceKlass com/sun/javafx/beans/event/AbstractNotifyListener
instanceKlass javafx/collections/FXCollections$UnmodifiableObservableSet$1
instanceKlass com/sun/javafx/css/BitSet$1
instanceKlass javafx/collections/SetChangeListener
instanceKlass javafx/scene/control/SkinBase$StyleableProperties
instanceKlass com/sun/javafx/scene/control/Logging
instanceKlass javafx/embed/swing/SwingDnD$$Lambda$133
instanceKlass com/sun/javafx/embed/HostDragStartListener
instanceKlass javafx/beans/value/WeakChangeListener
instanceKlass com/sun/javafx/scene/control/MultiplePropertyChangeListenerHandler$1
instanceKlass java/lang/invoke/LambdaForm$DMH
instanceKlass com/sun/javafx/scene/control/skin/BehaviorSkinBase$$Lambda$132
instanceKlass com/sun/javafx/scene/control/MultiplePropertyChangeListenerHandler
instanceKlass java/awt/dnd/DropTargetAdapter
instanceKlass java/awt/dnd/DragSourceAdapter
instanceKlass java/awt/dnd/DragSourceMotionListener
instanceKlass javafx/scene/layout/StackPane$StyleableProperties
instanceKlass com/sun/javafx/scene/control/skin/ScrollBarSkin$$Lambda$131
instanceKlass com/sun/javafx/scene/control/skin/ScrollBarSkin$$Lambda$130
instanceKlass com/sun/javafx/scene/control/skin/ScrollBarSkin$$Lambda$129
instanceKlass com/sun/javafx/scene/control/skin/ScrollBarSkin$$Lambda$128
instanceKlass java/lang/invoke/LambdaForm$BMH
instanceKlass com/sun/javafx/scene/control/skin/ScrollBarSkin$$Lambda$127
instanceKlass com/sun/javafx/scene/control/skin/ScrollBarSkin$$Lambda$126
instanceKlass com/sun/javafx/scene/control/skin/ScrollBarSkin$$Lambda$125
instanceKlass com/sun/javafx/scene/control/skin/ScrollBarSkin$$Lambda$124
instanceKlass com/sun/javafx/scene/control/skin/ScrollBarSkin$$Lambda$123
instanceKlass com/sun/javafx/scene/control/skin/ScrollBarSkin$$Lambda$122
instanceKlass com/sun/javafx/scene/control/skin/ScrollBarSkin$$Lambda$121
instanceKlass javafx/scene/layout/StackPane$$Lambda$120
instanceKlass com/sun/javafx/scene/control/skin/BehaviorSkinBase$2
instanceKlass com/sun/javafx/scene/control/skin/BehaviorSkinBase$1
instanceKlass com/sun/javafx/scene/control/behavior/BehaviorBase$$Lambda$119
instanceKlass com/sun/javafx/scene/control/behavior/BehaviorBase$$Lambda$118
instanceKlass com/sun/javafx/scene/control/behavior/KeyBinding
instanceKlass javafx/scene/control/SkinBase$$Lambda$117
instanceKlass com/sun/javafx/scene/control/behavior/BehaviorBase
instanceKlass java/awt/Cursor$CursorDisposer
instanceKlass javafx/scene/control/SkinBase
instanceKlass java/awt/image/PixelGrabber
instanceKlass java/awt/image/FilteredImageSource
instanceKlass java/awt/image/ImageFilter
instanceKlass javafx/scene/layout/BackgroundFill
instanceKlass javafx/scene/paint/Stop
instanceKlass com/sun/javafx/css/CssError
instanceKlass com/sun/javafx/css/StyleCacheEntry
instanceKlass java/awt/Cursor$2
instanceKlass com/sun/javafx/css/Style
instanceKlass com/sun/javafx/css/parser/StopConverter$Holder
instanceKlass com/sun/javafx/css/parser/LadderConverter$Holder
instanceKlass com/sun/javafx/css/parser/DeriveColorConverter$Holder
instanceKlass com/sun/javafx/css/Size
instanceKlass com/sun/javafx/css/Declaration
instanceKlass java/awt/Cursor$3
instanceKlass java/aw